@!@!@STARTMSG 2262:0 @!@!@
TLC2 Version 2.13 of 18 July 2018
@!@!@ENDMSG 2262 @!@!@
@!@!@STARTMSG 2187:0 @!@!@
Running breadth-first search Model-Checking with seed 8522862370512994046 with 4 workers on 8 cores with 1318MB heap and 2633MB offheap memory (Linux 4.15.0-39-generic amd64, Oracle Corporation 10.0.2 x86_64).
@!@!@ENDMSG 2187 @!@!@
@!@!@STARTMSG 2220:0 @!@!@
Starting SANY...
@!@!@ENDMSG 2220 @!@!@
Parsing file /home/dzklavier/carousel-specs/carousel.toolbox/Model_9/MC.tla
Parsing file /home/dzklavier/carousel-specs/carousel.toolbox/Model_9/carousel.tla
Parsing file /home/dzklavier/Downloads/toolbox/plugins/org.lamport.tlatools_1.0.0.201807180447/tla2sany/StandardModules/TLC.tla
Parsing file /home/dzklavier/Downloads/toolbox/plugins/org.lamport.tlatools_1.0.0.201807180447/tla2sany/StandardModules/Naturals.tla
Parsing file /home/dzklavier/Downloads/toolbox/plugins/org.lamport.tlatools_1.0.0.201807180447/tla2sany/StandardModules/FiniteSets.tla
Parsing file /home/dzklavier/Downloads/toolbox/plugins/org.lamport.tlatools_1.0.0.201807180447/tla2sany/StandardModules/Sequences.tla
Semantic processing of module Naturals
Semantic processing of module Sequences
Semantic processing of module FiniteSets
Semantic processing of module TLC
Semantic processing of module carousel
Semantic processing of module MC
@!@!@STARTMSG 2219:0 @!@!@
SANY finished.
@!@!@ENDMSG 2219 @!@!@
@!@!@STARTMSG 2185:0 @!@!@
Starting... (2018-11-30 08:14:03)
@!@!@ENDMSG 2185 @!@!@
@!@!@STARTMSG 2189:0 @!@!@
Computing initial states...
@!@!@ENDMSG 2189 @!@!@
@!@!@STARTMSG 2190:0 @!@!@
Finished computing initial states: 1 distinct state generated.
@!@!@ENDMSG 2190 @!@!@
@!@!@STARTMSG 2114:1 @!@!@
Deadlock reached.
@!@!@ENDMSG 2114 @!@!@
@!@!@STARTMSG 2121:1 @!@!@
The behavior up to this point is:
@!@!@ENDMSG 2121 @!@!@
@!@!@STARTMSG 2217:4 @!@!@
1: <Initial predicate>
/\ node = <<defaultInitValue, defaultInitValue>>
/\ serverStatus = <<defaultInitValue, defaultInitValue>>
/\ msg = <<defaultInitValue, defaultInitValue>>
/\ channels = <<<<>>, <<>>>>
/\ incomingMsg = <<defaultInitValue, defaultInitValue>>
/\ subsets = <<{{1}, {2}, {1, 2}}, {{1}, {2}, {1, 2}}>>
/\ pc = <<"sendClientMessages_", "sendClientMessages_">>
/\ msgId = <<defaultInitValue, defaultInitValue>>
/\ clientId = <<defaultInitValue, defaultInitValue>>
/\ msg_ = <<defaultInitValue, defaultInitValue>>
/\ inChannels = <<<<>>, <<>>>>
/\ IDSet = <<1, 2, 3, 4, 5, 6, 7, 8>>
/\ server = <<defaultInitValue, defaultInitValue>>
/\ received = <<0, 0>>
/\ sent = <<0, 0>>
/\ id = <<defaultInitValue, defaultInitValue>>
/\ client_ = <<defaultInitValue, defaultInitValue>>
/\ serverSet = <<defaultInitValue, defaultInitValue>>
/\ id_ = <<defaultInitValue, defaultInitValue>>
/\ client = <<defaultInitValue, defaultInitValue>>
/\ serverMsg = <<defaultInitValue, defaultInitValue>>
/\ status = <<"Init", "Init">>
/\ stack = <<<<>>, <<>>>>
/\ head = <<defaultInitValue, defaultInitValue>>

@!@!@ENDMSG 2217 @!@!@
@!@!@STARTMSG 2217:4 @!@!@
2: <sendClientMessages_ line 255, col 30 to line 271, col 81 of module carousel>
/\ node = <<defaultInitValue, defaultInitValue>>
/\ serverStatus = <<defaultInitValue, defaultInitValue>>
/\ msg = <<defaultInitValue, defaultInitValue>>
/\ channels = <<<<>>, <<>>>>
/\ incomingMsg = <<defaultInitValue, defaultInitValue>>
/\ subsets = <<{{1}, {2}, {1, 2}}, {{1}, {2}, {1, 2}}>>
/\ pc = <<"GetID", "sendClientMessages_">>
/\ msgId = <<defaultInitValue, defaultInitValue>>
/\ clientId = <<defaultInitValue, defaultInitValue>>
/\ msg_ = <<defaultInitValue, defaultInitValue>>
/\ inChannels = <<<<>>, <<>>>>
/\ IDSet = <<1, 2, 3, 4, 5, 6, 7, 8>>
/\ server = <<defaultInitValue, defaultInitValue>>
/\ received = <<0, 0>>
/\ sent = <<0, 0>>
/\ id = <<defaultInitValue, defaultInitValue>>
/\ client_ = <<defaultInitValue, defaultInitValue>>
/\ serverSet = <<{1, 2}, defaultInitValue>>
/\ id_ = <<defaultInitValue, defaultInitValue>>
/\ client = <<1, defaultInitValue>>
/\ serverMsg = <<defaultInitValue, defaultInitValue>>
/\ status = <<"Init", "Init">>
/\ stack = <<<<[pc |-> "Done", client |-> defaultInitValue, serverSet |-> defaultInitValue, id_ |-> defaultInitValue, procedure |-> "sendClientMessagesToServers"]>>, <<>>>>
/\ head = <<defaultInitValue, defaultInitValue>>

@!@!@ENDMSG 2217 @!@!@
@!@!@STARTMSG 2217:4 @!@!@
3: <GetID line 223, col 16 to line 231, col 41 of module carousel>
/\ node = <<defaultInitValue, defaultInitValue>>
/\ serverStatus = <<defaultInitValue, defaultInitValue>>
/\ msg = <<defaultInitValue, defaultInitValue>>
/\ channels = <<<<>>, <<>>>>
/\ incomingMsg = <<defaultInitValue, defaultInitValue>>
/\ subsets = <<{{1}, {2}, {1, 2}}, {{1}, {2}, {1, 2}}>>
/\ pc = <<"SendMessages", "sendClientMessages_">>
/\ msgId = <<defaultInitValue, defaultInitValue>>
/\ clientId = <<defaultInitValue, defaultInitValue>>
/\ msg_ = <<defaultInitValue, defaultInitValue>>
/\ inChannels = <<<<>>, <<>>>>
/\ IDSet = <<2, 3, 4, 5, 6, 7, 8>>
/\ server = <<defaultInitValue, defaultInitValue>>
/\ received = <<0, 0>>
/\ sent = <<0, 0>>
/\ id = <<defaultInitValue, defaultInitValue>>
/\ client_ = <<defaultInitValue, defaultInitValue>>
/\ serverSet = <<{1, 2}, defaultInitValue>>
/\ id_ = <<1, defaultInitValue>>
/\ client = <<1, defaultInitValue>>
/\ serverMsg = <<defaultInitValue, defaultInitValue>>
/\ status = <<"Init", "Init">>
/\ stack = <<<<[pc |-> "Done", client |-> defaultInitValue, serverSet |-> defaultInitValue, id_ |-> defaultInitValue, procedure |-> "sendClientMessagesToServers"]>>, <<>>>>
/\ head = <<defaultInitValue, defaultInitValue>>

@!@!@ENDMSG 2217 @!@!@
@!@!@STARTMSG 2217:4 @!@!@
4: <SendMessages line 233, col 23 to line 251, col 65 of module carousel>
/\ node = <<defaultInitValue, defaultInitValue>>
/\ serverStatus = <<defaultInitValue, defaultInitValue>>
/\ msg = <<defaultInitValue, defaultInitValue>>
/\ channels = <<<<>>, <<>>>>
/\ incomingMsg = <<defaultInitValue, defaultInitValue>>
/\ subsets = <<{{1}, {2}, {1, 2}}, {{1}, {2}, {1, 2}}>>
/\ pc = <<"P1_", "sendClientMessages_">>
/\ msgId = <<defaultInitValue, defaultInitValue>>
/\ clientId = <<defaultInitValue, defaultInitValue>>
/\ msg_ = <<defaultInitValue, defaultInitValue>>
/\ inChannels = <<<<>>, <<>>>>
/\ IDSet = <<2, 3, 4, 5, 6, 7, 8>>
/\ server = <<1, defaultInitValue>>
/\ received = <<0, 0>>
/\ sent = <<0, 0>>
/\ id = <<1, defaultInitValue>>
/\ client_ = <<1, defaultInitValue>>
/\ serverSet = <<{2}, defaultInitValue>>
/\ id_ = <<1, defaultInitValue>>
/\ client = <<1, defaultInitValue>>
/\ serverMsg = <<defaultInitValue, defaultInitValue>>
/\ status = <<"Init", "Init">>
/\ stack = <<<<[pc |-> "Error", id |-> defaultInitValue, client_ |-> defaultInitValue, server |-> defaultInitValue, msg |-> defaultInitValue, procedure |-> "sendClientMessage"], [pc |-> "Done", client |-> defaultInitValue, serverSet |-> defaultInitValue, id_ |-> defaultInitValue, procedure |-> "sendClientMessagesToServers"]>>, <<>>>>
/\ head = <<defaultInitValue, defaultInitValue>>

@!@!@ENDMSG 2217 @!@!@
@!@!@STARTMSG 2217:4 @!@!@
5: <P1_ line 193, col 14 to line 201, col 56 of module carousel>
/\ node = <<defaultInitValue, defaultInitValue>>
/\ serverStatus = <<defaultInitValue, defaultInitValue>>
/\ msg = <<[id |-> 1, client |-> 1], defaultInitValue>>
/\ channels = <<<<[id |-> 1, client |-> 1]>>, <<>>>>
/\ incomingMsg = <<defaultInitValue, defaultInitValue>>
/\ subsets = <<{{1}, {2}, {1, 2}}, {{1}, {2}, {1, 2}}>>
/\ pc = <<"Error", "sendClientMessages_">>
/\ msgId = <<defaultInitValue, defaultInitValue>>
/\ clientId = <<defaultInitValue, defaultInitValue>>
/\ msg_ = <<defaultInitValue, defaultInitValue>>
/\ inChannels = <<<<>>, <<>>>>
/\ IDSet = <<2, 3, 4, 5, 6, 7, 8>>
/\ server = <<1, defaultInitValue>>
/\ received = <<0, 0>>
/\ sent = <<1, 0>>
/\ id = <<1, defaultInitValue>>
/\ client_ = <<1, defaultInitValue>>
/\ serverSet = <<{2}, defaultInitValue>>
/\ id_ = <<1, defaultInitValue>>
/\ client = <<1, defaultInitValue>>
/\ serverMsg = <<defaultInitValue, defaultInitValue>>
/\ status = <<"Init", "Init">>
/\ stack = <<<<[pc |-> "Error", id |-> defaultInitValue, client_ |-> defaultInitValue, server |-> defaultInitValue, msg |-> defaultInitValue, procedure |-> "sendClientMessage"], [pc |-> "Done", client |-> defaultInitValue, serverSet |-> defaultInitValue, id_ |-> defaultInitValue, procedure |-> "sendClientMessagesToServers"]>>, <<>>>>
/\ head = <<defaultInitValue, defaultInitValue>>

@!@!@ENDMSG 2217 @!@!@
@!@!@STARTMSG 2217:4 @!@!@
6: <sendClientMessages_ line 255, col 30 to line 271, col 81 of module carousel>
/\ node = <<defaultInitValue, defaultInitValue>>
/\ serverStatus = <<defaultInitValue, defaultInitValue>>
/\ msg = <<[id |-> 1, client |-> 1], defaultInitValue>>
/\ channels = <<<<[id |-> 1, client |-> 1]>>, <<>>>>
/\ incomingMsg = <<defaultInitValue, defaultInitValue>>
/\ subsets = <<{{1}, {2}, {1, 2}}, {{1}, {2}, {1, 2}}>>
/\ pc = <<"Error", "GetID">>
/\ msgId = <<defaultInitValue, defaultInitValue>>
/\ clientId = <<defaultInitValue, defaultInitValue>>
/\ msg_ = <<defaultInitValue, defaultInitValue>>
/\ inChannels = <<<<>>, <<>>>>
/\ IDSet = <<2, 3, 4, 5, 6, 7, 8>>
/\ server = <<1, defaultInitValue>>
/\ received = <<0, 0>>
/\ sent = <<1, 0>>
/\ id = <<1, defaultInitValue>>
/\ client_ = <<1, defaultInitValue>>
/\ serverSet = <<{2}, {1}>>
/\ id_ = <<1, defaultInitValue>>
/\ client = <<1, 2>>
/\ serverMsg = <<defaultInitValue, defaultInitValue>>
/\ status = <<"Init", "Init">>
/\ stack = <<<<[pc |-> "Error", id |-> defaultInitValue, client_ |-> defaultInitValue, server |-> defaultInitValue, msg |-> defaultInitValue, procedure |-> "sendClientMessage"], [pc |-> "Done", client |-> defaultInitValue, serverSet |-> defaultInitValue, id_ |-> defaultInitValue, procedure |-> "sendClientMessagesToServers"]>>, <<[pc |-> "Done", client |-> defaultInitValue, serverSet |-> defaultInitValue, id_ |-> defaultInitValue, procedure |-> "sendClientMessagesToServers"]>>>>
/\ head = <<defaultInitValue, defaultInitValue>>

@!@!@ENDMSG 2217 @!@!@
@!@!@STARTMSG 2217:4 @!@!@
7: <GetID line 223, col 16 to line 231, col 41 of module carousel>
/\ node = <<defaultInitValue, defaultInitValue>>
/\ serverStatus = <<defaultInitValue, defaultInitValue>>
/\ msg = <<[id |-> 1, client |-> 1], defaultInitValue>>
/\ channels = <<<<[id |-> 1, client |-> 1]>>, <<>>>>
/\ incomingMsg = <<defaultInitValue, defaultInitValue>>
/\ subsets = <<{{1}, {2}, {1, 2}}, {{1}, {2}, {1, 2}}>>
/\ pc = <<"Error", "SendMessages">>
/\ msgId = <<defaultInitValue, defaultInitValue>>
/\ clientId = <<defaultInitValue, defaultInitValue>>
/\ msg_ = <<defaultInitValue, defaultInitValue>>
/\ inChannels = <<<<>>, <<>>>>
/\ IDSet = <<3, 4, 5, 6, 7, 8>>
/\ server = <<1, defaultInitValue>>
/\ received = <<0, 0>>
/\ sent = <<1, 0>>
/\ id = <<1, defaultInitValue>>
/\ client_ = <<1, defaultInitValue>>
/\ serverSet = <<{2}, {1}>>
/\ id_ = <<1, 2>>
/\ client = <<1, 2>>
/\ serverMsg = <<defaultInitValue, defaultInitValue>>
/\ status = <<"Init", "Init">>
/\ stack = <<<<[pc |-> "Error", id |-> defaultInitValue, client_ |-> defaultInitValue, server |-> defaultInitValue, msg |-> defaultInitValue, procedure |-> "sendClientMessage"], [pc |-> "Done", client |-> defaultInitValue, serverSet |-> defaultInitValue, id_ |-> defaultInitValue, procedure |-> "sendClientMessagesToServers"]>>, <<[pc |-> "Done", client |-> defaultInitValue, serverSet |-> defaultInitValue, id_ |-> defaultInitValue, procedure |-> "sendClientMessagesToServers"]>>>>
/\ head = <<defaultInitValue, defaultInitValue>>

@!@!@ENDMSG 2217 @!@!@
@!@!@STARTMSG 2217:4 @!@!@
8: <SendMessages line 233, col 23 to line 251, col 65 of module carousel>
/\ node = <<defaultInitValue, defaultInitValue>>
/\ serverStatus = <<defaultInitValue, defaultInitValue>>
/\ msg = <<[id |-> 1, client |-> 1], defaultInitValue>>
/\ channels = <<<<[id |-> 1, client |-> 1]>>, <<>>>>
/\ incomingMsg = <<defaultInitValue, defaultInitValue>>
/\ subsets = <<{{1}, {2}, {1, 2}}, {{1}, {2}, {1, 2}}>>
/\ pc = <<"Error", "P1_">>
/\ msgId = <<defaultInitValue, defaultInitValue>>
/\ clientId = <<defaultInitValue, defaultInitValue>>
/\ msg_ = <<defaultInitValue, defaultInitValue>>
/\ inChannels = <<<<>>, <<>>>>
/\ IDSet = <<3, 4, 5, 6, 7, 8>>
/\ server = <<1, 1>>
/\ received = <<0, 0>>
/\ sent = <<1, 0>>
/\ id = <<1, 2>>
/\ client_ = <<1, 2>>
/\ serverSet = <<{2}, {}>>
/\ id_ = <<1, 2>>
/\ client = <<1, 2>>
/\ serverMsg = <<defaultInitValue, defaultInitValue>>
/\ status = <<"Init", "Init">>
/\ stack = <<<<[pc |-> "Error", id |-> defaultInitValue, client_ |-> defaultInitValue, server |-> defaultInitValue, msg |-> defaultInitValue, procedure |-> "sendClientMessage"], [pc |-> "Done", client |-> defaultInitValue, serverSet |-> defaultInitValue, id_ |-> defaultInitValue, procedure |-> "sendClientMessagesToServers"]>>, <<[pc |-> "Error", id |-> defaultInitValue, client_ |-> defaultInitValue, server |-> defaultInitValue, msg |-> defaultInitValue, procedure |-> "sendClientMessage"], [pc |-> "Done", client |-> defaultInitValue, serverSet |-> defaultInitValue, id_ |-> defaultInitValue, procedure |-> "sendClientMessagesToServers"]>>>>
/\ head = <<defaultInitValue, defaultInitValue>>

@!@!@ENDMSG 2217 @!@!@
@!@!@STARTMSG 2217:4 @!@!@
9: <P1_ line 193, col 14 to line 201, col 56 of module carousel>
/\ node = <<defaultInitValue, defaultInitValue>>
/\ serverStatus = <<defaultInitValue, defaultInitValue>>
/\ msg = <<[id |-> 1, client |-> 1], [id |-> 2, client |-> 2]>>
/\ channels = <<<<[id |-> 1, client |-> 1], [id |-> 2, client |-> 2]>>, <<>>>>
/\ incomingMsg = <<defaultInitValue, defaultInitValue>>
/\ subsets = <<{{1}, {2}, {1, 2}}, {{1}, {2}, {1, 2}}>>
/\ pc = <<"Error", "Error">>
/\ msgId = <<defaultInitValue, defaultInitValue>>
/\ clientId = <<defaultInitValue, defaultInitValue>>
/\ msg_ = <<defaultInitValue, defaultInitValue>>
/\ inChannels = <<<<>>, <<>>>>
/\ IDSet = <<3, 4, 5, 6, 7, 8>>
/\ server = <<1, 1>>
/\ received = <<0, 0>>
/\ sent = <<2, 0>>
/\ id = <<1, 2>>
/\ client_ = <<1, 2>>
/\ serverSet = <<{2}, {}>>
/\ id_ = <<1, 2>>
/\ client = <<1, 2>>
/\ serverMsg = <<defaultInitValue, defaultInitValue>>
/\ status = <<"Init", "Init">>
/\ stack = <<<<[pc |-> "Error", id |-> defaultInitValue, client_ |-> defaultInitValue, server |-> defaultInitValue, msg |-> defaultInitValue, procedure |-> "sendClientMessage"], [pc |-> "Done", client |-> defaultInitValue, serverSet |-> defaultInitValue, id_ |-> defaultInitValue, procedure |-> "sendClientMessagesToServers"]>>, <<[pc |-> "Error", id |-> defaultInitValue, client_ |-> defaultInitValue, server |-> defaultInitValue, msg |-> defaultInitValue, procedure |-> "sendClientMessage"], [pc |-> "Done", client |-> defaultInitValue, serverSet |-> defaultInitValue, id_ |-> defaultInitValue, procedure |-> "sendClientMessagesToServers"]>>>>
/\ head = <<defaultInitValue, defaultInitValue>>

@!@!@ENDMSG 2217 @!@!@
@!@!@STARTMSG 2201:0 @!@!@
The coverage statistics at 2018-11-30 08:14:04
@!@!@ENDMSG 2201 @!@!@
@!@!@STARTMSG 2221:0 @!@!@
  line 156, col 12 to line 156, col 16 of module carousel: 0
@!@!@ENDMSG 2221 @!@!@
@!@!@STARTMSG 2221:0 @!@!@
  line 156, col 19 to line 156, col 24 of module carousel: 0
@!@!@ENDMSG 2221 @!@!@
@!@!@STARTMSG 2221:0 @!@!@
  line 156, col 27 to line 156, col 30 of module carousel: 0
@!@!@ENDMSG 2221 @!@!@
@!@!@STARTMSG 2221:0 @!@!@
  line 156, col 33 to line 156, col 40 of module carousel: 0
@!@!@ENDMSG 2221 @!@!@
@!@!@STARTMSG 2221:0 @!@!@
  line 156, col 43 to line 156, col 50 of module carousel: 0
@!@!@ENDMSG 2221 @!@!@
@!@!@STARTMSG 2221:0 @!@!@
  line 156, col 53 to line 156, col 62 of module carousel: 0
@!@!@ENDMSG 2221 @!@!@
@!@!@STARTMSG 2221:0 @!@!@
  line 156, col 65 to line 156, col 66 of module carousel: 0
@!@!@ENDMSG 2221 @!@!@
@!@!@STARTMSG 2221:0 @!@!@
  line 156, col 69 to line 156, col 73 of module carousel: 0
@!@!@ENDMSG 2221 @!@!@
@!@!@STARTMSG 2221:0 @!@!@
  line 156, col 76 to line 156, col 77 of module carousel: 0
@!@!@ENDMSG 2221 @!@!@
@!@!@STARTMSG 2221:0 @!@!@
  line 157, col 12 to line 157, col 18 of module carousel: 0
@!@!@ENDMSG 2221 @!@!@
@!@!@STARTMSG 2221:0 @!@!@
  line 157, col 21 to line 157, col 26 of module carousel: 0
@!@!@ENDMSG 2221 @!@!@
@!@!@STARTMSG 2221:0 @!@!@
  line 157, col 29 to line 157, col 31 of module carousel: 0
@!@!@ENDMSG 2221 @!@!@
@!@!@STARTMSG 2221:0 @!@!@
  line 157, col 34 to line 157, col 37 of module carousel: 0
@!@!@ENDMSG 2221 @!@!@
@!@!@STARTMSG 2221:0 @!@!@
  line 157, col 40 to line 157, col 48 of module carousel: 0
@!@!@ENDMSG 2221 @!@!@
@!@!@STARTMSG 2221:0 @!@!@
  line 157, col 51 to line 157, col 61 of module carousel: 0
@!@!@ENDMSG 2221 @!@!@
@!@!@STARTMSG 2221:0 @!@!@
  line 157, col 64 to line 157, col 68 of module carousel: 0
@!@!@ENDMSG 2221 @!@!@
@!@!@STARTMSG 2221:0 @!@!@
  line 158, col 12 to line 158, col 19 of module carousel: 0
@!@!@ENDMSG 2221 @!@!@
@!@!@STARTMSG 2221:0 @!@!@
  line 158, col 22 to line 158, col 33 of module carousel: 0
@!@!@ENDMSG 2221 @!@!@
@!@!@STARTMSG 2221:0 @!@!@
  line 158, col 36 to line 158, col 41 of module carousel: 0
@!@!@ENDMSG 2221 @!@!@
@!@!@STARTMSG 2221:0 @!@!@
  line 158, col 44 to line 158, col 52 of module carousel: 0
@!@!@ENDMSG 2221 @!@!@
@!@!@STARTMSG 2221:0 @!@!@
  line 158, col 55 to line 158, col 57 of module carousel: 0
@!@!@ENDMSG 2221 @!@!@
@!@!@STARTMSG 2221:0 @!@!@
  line 158, col 60 to line 158, col 63 of module carousel: 0
@!@!@ENDMSG 2221 @!@!@
@!@!@STARTMSG 2221:0 @!@!@
  line 158, col 66 to line 158, col 69 of module carousel: 0
@!@!@ENDMSG 2221 @!@!@
@!@!@STARTMSG 2221:0 @!@!@
  line 159, col 12 to line 159, col 18 of module carousel: 0
@!@!@ENDMSG 2221 @!@!@
@!@!@STARTMSG 2221:0 @!@!@
  line 194, col 17 to line 194, col 89 of module carousel: 203
@!@!@ENDMSG 2221 @!@!@
@!@!@STARTMSG 2221:0 @!@!@
  line 195, col 17 to line 195, col 108 of module carousel: 203
@!@!@ENDMSG 2221 @!@!@
@!@!@STARTMSG 2221:0 @!@!@
  line 196, col 17 to line 196, col 78 of module carousel: 203
@!@!@ENDMSG 2221 @!@!@
@!@!@STARTMSG 2221:0 @!@!@
  line 197, col 17 to line 197, col 51 of module carousel: 203
@!@!@ENDMSG 2221 @!@!@
@!@!@STARTMSG 2221:0 @!@!@
  line 198, col 30 to line 198, col 34 of module carousel: 203
@!@!@ENDMSG 2221 @!@!@
@!@!@STARTMSG 2221:0 @!@!@
  line 198, col 37 to line 198, col 42 of module carousel: 203
@!@!@ENDMSG 2221 @!@!@
@!@!@STARTMSG 2221:0 @!@!@
  line 198, col 45 to line 198, col 52 of module carousel: 203
@!@!@ENDMSG 2221 @!@!@
@!@!@STARTMSG 2221:0 @!@!@
  line 198, col 55 to line 198, col 64 of module carousel: 203
@!@!@ENDMSG 2221 @!@!@
@!@!@STARTMSG 2221:0 @!@!@
  line 198, col 67 to line 198, col 71 of module carousel: 203
@!@!@ENDMSG 2221 @!@!@
@!@!@STARTMSG 2221:0 @!@!@
  line 198, col 74 to line 198, col 75 of module carousel: 203
@!@!@ENDMSG 2221 @!@!@
@!@!@STARTMSG 2221:0 @!@!@
  line 199, col 30 to line 199, col 36 of module carousel: 203
@!@!@ENDMSG 2221 @!@!@
@!@!@STARTMSG 2221:0 @!@!@
  line 199, col 39 to line 199, col 44 of module carousel: 203
@!@!@ENDMSG 2221 @!@!@
@!@!@STARTMSG 2221:0 @!@!@
  line 199, col 47 to line 199, col 50 of module carousel: 203
@!@!@ENDMSG 2221 @!@!@
@!@!@STARTMSG 2221:0 @!@!@
  line 199, col 53 to line 199, col 61 of module carousel: 203
@!@!@ENDMSG 2221 @!@!@
@!@!@STARTMSG 2221:0 @!@!@
  line 199, col 64 to line 199, col 74 of module carousel: 203
@!@!@ENDMSG 2221 @!@!@
@!@!@STARTMSG 2221:0 @!@!@
  line 200, col 30 to line 200, col 34 of module carousel: 203
@!@!@ENDMSG 2221 @!@!@
@!@!@STARTMSG 2221:0 @!@!@
  line 200, col 37 to line 200, col 44 of module carousel: 203
@!@!@ENDMSG 2221 @!@!@
@!@!@STARTMSG 2221:0 @!@!@
  line 200, col 47 to line 200, col 58 of module carousel: 203
@!@!@ENDMSG 2221 @!@!@
@!@!@STARTMSG 2221:0 @!@!@
  line 200, col 61 to line 200, col 66 of module carousel: 203
@!@!@ENDMSG 2221 @!@!@
@!@!@STARTMSG 2221:0 @!@!@
  line 200, col 69 to line 200, col 77 of module carousel: 203
@!@!@ENDMSG 2221 @!@!@
@!@!@STARTMSG 2221:0 @!@!@
  line 201, col 30 to line 201, col 32 of module carousel: 203
@!@!@ENDMSG 2221 @!@!@
@!@!@STARTMSG 2221:0 @!@!@
  line 201, col 35 to line 201, col 38 of module carousel: 203
@!@!@ENDMSG 2221 @!@!@
@!@!@STARTMSG 2221:0 @!@!@
  line 201, col 41 to line 201, col 44 of module carousel: 203
@!@!@ENDMSG 2221 @!@!@
@!@!@STARTMSG 2221:0 @!@!@
  line 201, col 47 to line 201, col 53 of module carousel: 203
@!@!@ENDMSG 2221 @!@!@
@!@!@STARTMSG 2221:0 @!@!@
  line 206, col 16 to line 206, col 89 of module carousel: 0
@!@!@ENDMSG 2221 @!@!@
@!@!@STARTMSG 2221:0 @!@!@
  line 207, col 16 to line 207, col 89 of module carousel: 0
@!@!@ENDMSG 2221 @!@!@
@!@!@STARTMSG 2221:0 @!@!@
  line 208, col 16 to line 208, col 70 of module carousel: 0
@!@!@ENDMSG 2221 @!@!@
@!@!@STARTMSG 2221:0 @!@!@
  line 209, col 16 to line 209, col 80 of module carousel: 0
@!@!@ENDMSG 2221 @!@!@
@!@!@STARTMSG 2221:0 @!@!@
  line 210, col 22 to line 210, col 80 of module carousel: 0
@!@!@ENDMSG 2221 @!@!@
@!@!@STARTMSG 2221:0 @!@!@
  line 211, col 22 to line 211, col 91 of module carousel: 0
@!@!@ENDMSG 2221 @!@!@
@!@!@STARTMSG 2221:0 @!@!@
  line 212, col 22 to line 212, col 82 of module carousel: 0
@!@!@ENDMSG 2221 @!@!@
@!@!@STARTMSG 2221:0 @!@!@
  line 213, col 22 to line 213, col 78 of module carousel: 0
@!@!@ENDMSG 2221 @!@!@
@!@!@STARTMSG 2221:0 @!@!@
  line 214, col 34 to line 214, col 39 of module carousel: 0
@!@!@ENDMSG 2221 @!@!@
@!@!@STARTMSG 2221:0 @!@!@
  line 214, col 42 to line 214, col 49 of module carousel: 0
@!@!@ENDMSG 2221 @!@!@
@!@!@STARTMSG 2221:0 @!@!@
  line 215, col 16 to line 215, col 116 of module carousel: 0
@!@!@ENDMSG 2221 @!@!@
@!@!@STARTMSG 2221:0 @!@!@
  line 216, col 16 to line 216, col 125 of module carousel: 0
@!@!@ENDMSG 2221 @!@!@
@!@!@STARTMSG 2221:0 @!@!@
  line 217, col 16 to line 217, col 50 of module carousel: 0
@!@!@ENDMSG 2221 @!@!@
@!@!@STARTMSG 2221:0 @!@!@
  line 218, col 29 to line 218, col 33 of module carousel: 0
@!@!@ENDMSG 2221 @!@!@
@!@!@STARTMSG 2221:0 @!@!@
  line 218, col 36 to line 218, col 39 of module carousel: 0
@!@!@ENDMSG 2221 @!@!@
@!@!@STARTMSG 2221:0 @!@!@
  line 218, col 42 to line 218, col 46 of module carousel: 0
@!@!@ENDMSG 2221 @!@!@
@!@!@STARTMSG 2221:0 @!@!@
  line 218, col 49 to line 218, col 50 of module carousel: 0
@!@!@ENDMSG 2221 @!@!@
@!@!@STARTMSG 2221:0 @!@!@
  line 218, col 53 to line 218, col 59 of module carousel: 0
@!@!@ENDMSG 2221 @!@!@
@!@!@STARTMSG 2221:0 @!@!@
  line 218, col 62 to line 218, col 67 of module carousel: 0
@!@!@ENDMSG 2221 @!@!@
@!@!@STARTMSG 2221:0 @!@!@
  line 218, col 70 to line 218, col 72 of module carousel: 0
@!@!@ENDMSG 2221 @!@!@
@!@!@STARTMSG 2221:0 @!@!@
  line 218, col 75 to line 218, col 78 of module carousel: 0
@!@!@ENDMSG 2221 @!@!@
@!@!@STARTMSG 2221:0 @!@!@
  line 219, col 29 to line 219, col 34 of module carousel: 0
@!@!@ENDMSG 2221 @!@!@
@!@!@STARTMSG 2221:0 @!@!@
  line 219, col 37 to line 219, col 45 of module carousel: 0
@!@!@ENDMSG 2221 @!@!@
@!@!@STARTMSG 2221:0 @!@!@
  line 219, col 48 to line 219, col 50 of module carousel: 0
@!@!@ENDMSG 2221 @!@!@
@!@!@STARTMSG 2221:0 @!@!@
  line 219, col 53 to line 219, col 56 of module carousel: 0
@!@!@ENDMSG 2221 @!@!@
@!@!@STARTMSG 2221:0 @!@!@
  line 219, col 59 to line 219, col 62 of module carousel: 0
@!@!@ENDMSG 2221 @!@!@
@!@!@STARTMSG 2221:0 @!@!@
  line 219, col 65 to line 219, col 71 of module carousel: 0
@!@!@ENDMSG 2221 @!@!@
@!@!@STARTMSG 2221:0 @!@!@
  line 224, col 19 to line 224, col 59 of module carousel: 90
@!@!@ENDMSG 2221 @!@!@
@!@!@STARTMSG 2221:0 @!@!@
  line 225, col 19 to line 225, col 38 of module carousel: 90
@!@!@ENDMSG 2221 @!@!@
@!@!@STARTMSG 2221:0 @!@!@
  line 226, col 19 to line 226, col 60 of module carousel: 90
@!@!@ENDMSG 2221 @!@!@
@!@!@STARTMSG 2221:0 @!@!@
  line 227, col 32 to line 227, col 37 of module carousel: 90
@!@!@ENDMSG 2221 @!@!@
@!@!@STARTMSG 2221:0 @!@!@
  line 227, col 40 to line 227, col 43 of module carousel: 90
@!@!@ENDMSG 2221 @!@!@
@!@!@STARTMSG 2221:0 @!@!@
  line 227, col 46 to line 227, col 53 of module carousel: 90
@!@!@ENDMSG 2221 @!@!@
@!@!@STARTMSG 2221:0 @!@!@
  line 227, col 56 to line 227, col 63 of module carousel: 90
@!@!@ENDMSG 2221 @!@!@
@!@!@STARTMSG 2221:0 @!@!@
  line 227, col 66 to line 227, col 75 of module carousel: 90
@!@!@ENDMSG 2221 @!@!@
@!@!@STARTMSG 2221:0 @!@!@
  line 228, col 32 to line 228, col 36 of module carousel: 90
@!@!@ENDMSG 2221 @!@!@
@!@!@STARTMSG 2221:0 @!@!@
  line 228, col 39 to line 228, col 40 of module carousel: 90
@!@!@ENDMSG 2221 @!@!@
@!@!@STARTMSG 2221:0 @!@!@
  line 228, col 43 to line 228, col 49 of module carousel: 90
@!@!@ENDMSG 2221 @!@!@
@!@!@STARTMSG 2221:0 @!@!@
  line 228, col 52 to line 228, col 57 of module carousel: 90
@!@!@ENDMSG 2221 @!@!@
@!@!@STARTMSG 2221:0 @!@!@
  line 228, col 60 to line 228, col 62 of module carousel: 90
@!@!@ENDMSG 2221 @!@!@
@!@!@STARTMSG 2221:0 @!@!@
  line 228, col 65 to line 228, col 68 of module carousel: 90
@!@!@ENDMSG 2221 @!@!@
@!@!@STARTMSG 2221:0 @!@!@
  line 229, col 32 to line 229, col 40 of module carousel: 90
@!@!@ENDMSG 2221 @!@!@
@!@!@STARTMSG 2221:0 @!@!@
  line 229, col 43 to line 229, col 53 of module carousel: 90
@!@!@ENDMSG 2221 @!@!@
@!@!@STARTMSG 2221:0 @!@!@
  line 229, col 56 to line 229, col 60 of module carousel: 90
@!@!@ENDMSG 2221 @!@!@
@!@!@STARTMSG 2221:0 @!@!@
  line 229, col 63 to line 229, col 70 of module carousel: 90
@!@!@ENDMSG 2221 @!@!@
@!@!@STARTMSG 2221:0 @!@!@
  line 230, col 32 to line 230, col 43 of module carousel: 90
@!@!@ENDMSG 2221 @!@!@
@!@!@STARTMSG 2221:0 @!@!@
  line 230, col 46 to line 230, col 51 of module carousel: 90
@!@!@ENDMSG 2221 @!@!@
@!@!@STARTMSG 2221:0 @!@!@
  line 230, col 54 to line 230, col 62 of module carousel: 90
@!@!@ENDMSG 2221 @!@!@
@!@!@STARTMSG 2221:0 @!@!@
  line 230, col 65 to line 230, col 68 of module carousel: 90
@!@!@ENDMSG 2221 @!@!@
@!@!@STARTMSG 2221:0 @!@!@
  line 230, col 71 to line 230, col 74 of module carousel: 90
@!@!@ENDMSG 2221 @!@!@
@!@!@STARTMSG 2221:0 @!@!@
  line 231, col 32 to line 231, col 38 of module carousel: 90
@!@!@ENDMSG 2221 @!@!@
@!@!@STARTMSG 2221:0 @!@!@
  line 235, col 31 to line 235, col 106 of module carousel: 208
@!@!@ENDMSG 2221 @!@!@
@!@!@STARTMSG 2221:0 @!@!@
  line 236, col 34 to line 236, col 83 of module carousel: 208
@!@!@ENDMSG 2221 @!@!@
@!@!@STARTMSG 2221:0 @!@!@
  line 237, col 34 to line 237, col 70 of module carousel: 208
@!@!@ENDMSG 2221 @!@!@
@!@!@STARTMSG 2221:0 @!@!@
  line 238, col 34 to line 238, col 83 of module carousel: 208
@!@!@ENDMSG 2221 @!@!@
@!@!@STARTMSG 2221:0 @!@!@
  line 239, col 34 to line 245, col 82 of module carousel: 208
@!@!@ENDMSG 2221 @!@!@
@!@!@STARTMSG 2221:0 @!@!@
  line 246, col 31 to line 246, col 76 of module carousel: 208
@!@!@ENDMSG 2221 @!@!@
@!@!@STARTMSG 2221:0 @!@!@
  line 247, col 31 to line 247, col 63 of module carousel: 208
@!@!@ENDMSG 2221 @!@!@
@!@!@STARTMSG 2221:0 @!@!@
  line 248, col 39 to line 248, col 43 of module carousel: 208
@!@!@ENDMSG 2221 @!@!@
@!@!@STARTMSG 2221:0 @!@!@
  line 248, col 46 to line 248, col 51 of module carousel: 208
@!@!@ENDMSG 2221 @!@!@
@!@!@STARTMSG 2221:0 @!@!@
  line 248, col 54 to line 248, col 57 of module carousel: 208
@!@!@ENDMSG 2221 @!@!@
@!@!@STARTMSG 2221:0 @!@!@
  line 248, col 60 to line 248, col 67 of module carousel: 208
@!@!@ENDMSG 2221 @!@!@
@!@!@STARTMSG 2221:0 @!@!@
  line 248, col 70 to line 248, col 77 of module carousel: 208
@!@!@ENDMSG 2221 @!@!@
@!@!@STARTMSG 2221:0 @!@!@
  line 249, col 39 to line 249, col 48 of module carousel: 208
@!@!@ENDMSG 2221 @!@!@
@!@!@STARTMSG 2221:0 @!@!@
  line 249, col 51 to line 249, col 54 of module carousel: 208
@!@!@ENDMSG 2221 @!@!@
@!@!@STARTMSG 2221:0 @!@!@
  line 249, col 57 to line 249, col 65 of module carousel: 208
@!@!@ENDMSG 2221 @!@!@
@!@!@STARTMSG 2221:0 @!@!@
  line 249, col 68 to line 249, col 78 of module carousel: 208
@!@!@ENDMSG 2221 @!@!@
@!@!@STARTMSG 2221:0 @!@!@
  line 250, col 39 to line 250, col 43 of module carousel: 208
@!@!@ENDMSG 2221 @!@!@
@!@!@STARTMSG 2221:0 @!@!@
  line 250, col 46 to line 250, col 53 of module carousel: 208
@!@!@ENDMSG 2221 @!@!@
@!@!@STARTMSG 2221:0 @!@!@
  line 250, col 56 to line 250, col 67 of module carousel: 208
@!@!@ENDMSG 2221 @!@!@
@!@!@STARTMSG 2221:0 @!@!@
  line 250, col 70 to line 250, col 75 of module carousel: 208
@!@!@ENDMSG 2221 @!@!@
@!@!@STARTMSG 2221:0 @!@!@
  line 251, col 39 to line 251, col 41 of module carousel: 208
@!@!@ENDMSG 2221 @!@!@
@!@!@STARTMSG 2221:0 @!@!@
  line 251, col 44 to line 251, col 47 of module carousel: 208
@!@!@ENDMSG 2221 @!@!@
@!@!@STARTMSG 2221:0 @!@!@
  line 251, col 50 to line 251, col 53 of module carousel: 208
@!@!@ENDMSG 2221 @!@!@
@!@!@STARTMSG 2221:0 @!@!@
  line 251, col 56 to line 251, col 62 of module carousel: 208
@!@!@ENDMSG 2221 @!@!@
@!@!@STARTMSG 2221:0 @!@!@
  line 257, col 41 to line 257, col 80 of module carousel: 90
@!@!@ENDMSG 2221 @!@!@
@!@!@STARTMSG 2221:0 @!@!@
  line 258, col 41 to line 258, col 88 of module carousel: 90
@!@!@ENDMSG 2221 @!@!@
@!@!@STARTMSG 2221:0 @!@!@
  line 259, col 41 to line 264, col 89 of module carousel: 90
@!@!@ENDMSG 2221 @!@!@
@!@!@STARTMSG 2221:0 @!@!@
  line 265, col 38 to line 265, col 83 of module carousel: 90
@!@!@ENDMSG 2221 @!@!@
@!@!@STARTMSG 2221:0 @!@!@
  line 266, col 38 to line 266, col 72 of module carousel: 90
@!@!@ENDMSG 2221 @!@!@
@!@!@STARTMSG 2221:0 @!@!@
  line 267, col 46 to line 267, col 50 of module carousel: 90
@!@!@ENDMSG 2221 @!@!@
@!@!@STARTMSG 2221:0 @!@!@
  line 267, col 53 to line 267, col 58 of module carousel: 90
@!@!@ENDMSG 2221 @!@!@
@!@!@STARTMSG 2221:0 @!@!@
  line 267, col 61 to line 267, col 64 of module carousel: 90
@!@!@ENDMSG 2221 @!@!@
@!@!@STARTMSG 2221:0 @!@!@
  line 267, col 67 to line 267, col 74 of module carousel: 90
@!@!@ENDMSG 2221 @!@!@
@!@!@STARTMSG 2221:0 @!@!@
  line 268, col 46 to line 268, col 53 of module carousel: 90
@!@!@ENDMSG 2221 @!@!@
@!@!@STARTMSG 2221:0 @!@!@
  line 268, col 56 to line 268, col 65 of module carousel: 90
@!@!@ENDMSG 2221 @!@!@
@!@!@STARTMSG 2221:0 @!@!@
  line 268, col 68 to line 268, col 69 of module carousel: 90
@!@!@ENDMSG 2221 @!@!@
@!@!@STARTMSG 2221:0 @!@!@
  line 268, col 72 to line 268, col 78 of module carousel: 90
@!@!@ENDMSG 2221 @!@!@
@!@!@STARTMSG 2221:0 @!@!@
  line 269, col 46 to line 269, col 51 of module carousel: 90
@!@!@ENDMSG 2221 @!@!@
@!@!@STARTMSG 2221:0 @!@!@
  line 269, col 54 to line 269, col 56 of module carousel: 90
@!@!@ENDMSG 2221 @!@!@
@!@!@STARTMSG 2221:0 @!@!@
  line 269, col 59 to line 269, col 62 of module carousel: 90
@!@!@ENDMSG 2221 @!@!@
@!@!@STARTMSG 2221:0 @!@!@
  line 269, col 65 to line 269, col 73 of module carousel: 90
@!@!@ENDMSG 2221 @!@!@
@!@!@STARTMSG 2221:0 @!@!@
  line 270, col 46 to line 270, col 56 of module carousel: 90
@!@!@ENDMSG 2221 @!@!@
@!@!@STARTMSG 2221:0 @!@!@
  line 270, col 59 to line 270, col 63 of module carousel: 90
@!@!@ENDMSG 2221 @!@!@
@!@!@STARTMSG 2221:0 @!@!@
  line 270, col 66 to line 270, col 73 of module carousel: 90
@!@!@ENDMSG 2221 @!@!@
@!@!@STARTMSG 2221:0 @!@!@
  line 271, col 46 to line 271, col 57 of module carousel: 90
@!@!@ENDMSG 2221 @!@!@
@!@!@STARTMSG 2221:0 @!@!@
  line 271, col 60 to line 271, col 63 of module carousel: 90
@!@!@ENDMSG 2221 @!@!@
@!@!@STARTMSG 2221:0 @!@!@
  line 271, col 66 to line 271, col 69 of module carousel: 90
@!@!@ENDMSG 2221 @!@!@
@!@!@STARTMSG 2221:0 @!@!@
  line 271, col 72 to line 271, col 78 of module carousel: 90
@!@!@ENDMSG 2221 @!@!@
@!@!@STARTMSG 2202:0 @!@!@
End of statistics.
@!@!@ENDMSG 2202 @!@!@
@!@!@STARTMSG 2200:0 @!@!@
Progress(9) at 2018-11-30 08:14:04: 592 states generated (58,039 s/min), 358 distinct states found (35,098 ds/min), 47 states left on queue.
@!@!@ENDMSG 2200 @!@!@
@!@!@STARTMSG 2199:0 @!@!@
592 states generated, 358 distinct states found, 47 states left on queue.
@!@!@ENDMSG 2199 @!@!@
@!@!@STARTMSG 2194:0 @!@!@
The depth of the complete state graph search is 9.
@!@!@ENDMSG 2194 @!@!@
@!@!@STARTMSG 2268:0 @!@!@
The average outdegree of the complete state graph is 1 (minimum is 0, the maximum 6 and the 95th percentile is 3).
@!@!@ENDMSG 2268 @!@!@
@!@!@STARTMSG 2186:0 @!@!@
Finished in 851ms at (2018-11-30 08:14:04)
@!@!@ENDMSG 2186 @!@!@
