@!@!@STARTMSG 2262:0 @!@!@
TLC2 Version 2.13 of 18 July 2018
@!@!@ENDMSG 2262 @!@!@
@!@!@STARTMSG 2187:0 @!@!@
Running breadth-first search Model-Checking with seed 2621260727242035887 with 4 workers on 8 cores with 1318MB heap and 2633MB offheap memory (Linux 4.15.0-36-generic amd64, Oracle Corporation 10.0.2 x86_64).
@!@!@ENDMSG 2187 @!@!@
@!@!@STARTMSG 2220:0 @!@!@
Starting SANY...
@!@!@ENDMSG 2220 @!@!@
Parsing file /home/dzklavier/carousel-specs/carousel.toolbox/Model_1/MC.tla
Parsing file /home/dzklavier/carousel-specs/carousel.toolbox/Model_1/carousel.tla
Parsing file /home/dzklavier/Downloads/toolbox/plugins/org.lamport.tlatools_1.0.0.201807180447/tla2sany/StandardModules/TLC.tla
Parsing file /home/dzklavier/Downloads/toolbox/plugins/org.lamport.tlatools_1.0.0.201807180447/tla2sany/StandardModules/Naturals.tla
Parsing file /home/dzklavier/Downloads/toolbox/plugins/org.lamport.tlatools_1.0.0.201807180447/tla2sany/StandardModules/FiniteSets.tla
Parsing file /home/dzklavier/Downloads/toolbox/plugins/org.lamport.tlatools_1.0.0.201807180447/tla2sany/StandardModules/Sequences.tla
Semantic processing of module Naturals
Semantic processing of module Sequences
Semantic processing of module FiniteSets
Semantic processing of module TLC
Semantic processing of module carousel
Semantic processing of module MC
@!@!@STARTMSG 2219:0 @!@!@
SANY finished.
@!@!@ENDMSG 2219 @!@!@
@!@!@STARTMSG 2185:0 @!@!@
Starting... (2018-10-18 13:48:48)
@!@!@ENDMSG 2185 @!@!@
@!@!@STARTMSG 2212:0 @!@!@
Implied-temporal checking--satisfiability problem has 1 branches.
@!@!@ENDMSG 2212 @!@!@
@!@!@STARTMSG 2189:0 @!@!@
Computing initial states...
@!@!@ENDMSG 2189 @!@!@
@!@!@STARTMSG 2107:1 @!@!@
Invariant inv_1539884928551197000 is violated by the initial state:
/\ node = <<defaultInitValue, defaultInitValue, defaultInitValue>>
/\ unacked = 0
/\ channels = <<<<>>, <<>>, <<>>>>
/\ node_ = <<defaultInitValue, defaultInitValue, defaultInitValue>>
/\ counter = <<0, 0, 0>>
/\ pc = <<"P0_", "P0_", "P0_">>
/\ counters = <<0, 0, 0>>
/\ queue = <<>>
/\ incoming = <<"", "", "">>
/\ switchHappened = 0
/\ status = <<"Initiated", "Initiated", "Initiated">>
/\ incoming_ = <<"", "", "">>
/\ message = <<"", "", "">>
/\ stack = <<<<>>, <<>>, <<>>>>

@!@!@ENDMSG 2107 @!@!@
@!@!@STARTMSG 2186:0 @!@!@
Finished in 822ms at (2018-10-18 13:48:49)
@!@!@ENDMSG 2186 @!@!@
