@!@!@STARTMSG 2262:0 @!@!@
TLC2 Version 2.13 of 18 July 2018
@!@!@ENDMSG 2262 @!@!@
@!@!@STARTMSG 2187:0 @!@!@
Running breadth-first search Model-Checking with seed 6259858921734202458 with 4 workers on 8 cores with 1318MB heap and 2633MB offheap memory (Linux 4.15.0-39-generic amd64, Oracle Corporation 10.0.2 x86_64).
@!@!@ENDMSG 2187 @!@!@
@!@!@STARTMSG 2220:0 @!@!@
Starting SANY...
@!@!@ENDMSG 2220 @!@!@
Parsing file /home/dzklavier/carousel-specs/carousel.toolbox/Model_9/MC.tla
Parsing file /home/dzklavier/carousel-specs/carousel.toolbox/Model_9/carousel.tla
Parsing file /home/dzklavier/Downloads/toolbox/plugins/org.lamport.tlatools_1.0.0.201807180447/tla2sany/StandardModules/TLC.tla
Parsing file /home/dzklavier/Downloads/toolbox/plugins/org.lamport.tlatools_1.0.0.201807180447/tla2sany/StandardModules/Naturals.tla
Parsing file /home/dzklavier/Downloads/toolbox/plugins/org.lamport.tlatools_1.0.0.201807180447/tla2sany/StandardModules/FiniteSets.tla
Parsing file /home/dzklavier/Downloads/toolbox/plugins/org.lamport.tlatools_1.0.0.201807180447/tla2sany/StandardModules/Sequences.tla
Semantic processing of module Naturals
Semantic processing of module Sequences
Semantic processing of module FiniteSets
Semantic processing of module TLC
Semantic processing of module carousel
Semantic processing of module MC
@!@!@STARTMSG 2219:0 @!@!@
SANY finished.
@!@!@ENDMSG 2219 @!@!@
@!@!@STARTMSG 2185:0 @!@!@
Starting... (2018-11-30 08:15:01)
@!@!@ENDMSG 2185 @!@!@
@!@!@STARTMSG 2189:0 @!@!@
Computing initial states...
@!@!@ENDMSG 2189 @!@!@
@!@!@STARTMSG 2190:0 @!@!@
Finished computing initial states: 1 distinct state generated.
@!@!@ENDMSG 2190 @!@!@
@!@!@STARTMSG 2114:1 @!@!@
Deadlock reached.
@!@!@ENDMSG 2114 @!@!@
@!@!@STARTMSG 2121:1 @!@!@
The behavior up to this point is:
@!@!@ENDMSG 2121 @!@!@
@!@!@STARTMSG 2217:4 @!@!@
1: <Initial predicate>
/\ node = <<defaultInitValue, defaultInitValue>>
/\ serverStatus = <<defaultInitValue, defaultInitValue>>
/\ msg = <<defaultInitValue, defaultInitValue>>
/\ channels = <<<<>>, <<>>>>
/\ incomingMsg = <<defaultInitValue, defaultInitValue>>
/\ subsets = <<{{1}, {2}, {1, 2}}, {{1}, {2}, {1, 2}}>>
/\ pc = <<"sendClientMessages_", "sendClientMessages_">>
/\ msgId = <<defaultInitValue, defaultInitValue>>
/\ clientId = <<defaultInitValue, defaultInitValue>>
/\ msg_ = <<defaultInitValue, defaultInitValue>>
/\ serverStatus_ = <<defaultInitValue, defaultInitValue>>
/\ inMsg = <<defaultInitValue, defaultInitValue>>
/\ inChannels = <<<<>>, <<>>>>
/\ IDSet = <<1, 2, 3, 4, 5, 6, 7, 8>>
/\ server = <<defaultInitValue, defaultInitValue>>
/\ received = <<0, 0>>
/\ sent = <<0, 0>>
/\ id = <<defaultInitValue, defaultInitValue>>
/\ client_ = <<defaultInitValue, defaultInitValue>>
/\ serverSet = <<defaultInitValue, defaultInitValue>>
/\ id_ = <<defaultInitValue, defaultInitValue>>
/\ client = <<defaultInitValue, defaultInitValue>>
/\ serverMsg = <<defaultInitValue, defaultInitValue>>
/\ status = <<"Init", "Init">>
/\ message = <<"", "">>
/\ stack = <<<<>>, <<>>>>
/\ head = <<defaultInitValue, defaultInitValue>>

@!@!@ENDMSG 2217 @!@!@
@!@!@STARTMSG 2217:4 @!@!@
2: <sendClientMessages_ line 269, col 30 to line 286, col 77 of module carousel>
/\ node = <<defaultInitValue, defaultInitValue>>
/\ serverStatus = <<defaultInitValue, defaultInitValue>>
/\ msg = <<defaultInitValue, defaultInitValue>>
/\ channels = <<<<>>, <<>>>>
/\ incomingMsg = <<defaultInitValue, defaultInitValue>>
/\ subsets = <<{{1}, {2}, {1, 2}}, {{1}, {2}, {1, 2}}>>
/\ pc = <<"GetID", "sendClientMessages_">>
/\ msgId = <<defaultInitValue, defaultInitValue>>
/\ clientId = <<defaultInitValue, defaultInitValue>>
/\ msg_ = <<defaultInitValue, defaultInitValue>>
/\ serverStatus_ = <<defaultInitValue, defaultInitValue>>
/\ inMsg = <<defaultInitValue, defaultInitValue>>
/\ inChannels = <<<<>>, <<>>>>
/\ IDSet = <<1, 2, 3, 4, 5, 6, 7, 8>>
/\ server = <<defaultInitValue, defaultInitValue>>
/\ received = <<0, 0>>
/\ sent = <<0, 0>>
/\ id = <<defaultInitValue, defaultInitValue>>
/\ client_ = <<defaultInitValue, defaultInitValue>>
/\ serverSet = <<{1}, defaultInitValue>>
/\ id_ = <<defaultInitValue, defaultInitValue>>
/\ client = <<1, defaultInitValue>>
/\ serverMsg = <<defaultInitValue, defaultInitValue>>
/\ status = <<"Init", "Init">>
/\ message = <<"", "">>
/\ stack = <<<<[pc |-> "Done", client |-> defaultInitValue, serverSet |-> defaultInitValue, id_ |-> defaultInitValue, procedure |-> "sendClientMessagesToServers"]>>, <<>>>>
/\ head = <<defaultInitValue, defaultInitValue>>

@!@!@ENDMSG 2217 @!@!@
@!@!@STARTMSG 2217:4 @!@!@
3: <GetID line 236, col 16 to line 245, col 72 of module carousel>
/\ node = <<defaultInitValue, defaultInitValue>>
/\ serverStatus = <<defaultInitValue, defaultInitValue>>
/\ msg = <<defaultInitValue, defaultInitValue>>
/\ channels = <<<<>>, <<>>>>
/\ incomingMsg = <<defaultInitValue, defaultInitValue>>
/\ subsets = <<{{1}, {2}, {1, 2}}, {{1}, {2}, {1, 2}}>>
/\ pc = <<"SendMessages", "sendClientMessages_">>
/\ msgId = <<defaultInitValue, defaultInitValue>>
/\ clientId = <<defaultInitValue, defaultInitValue>>
/\ msg_ = <<defaultInitValue, defaultInitValue>>
/\ serverStatus_ = <<defaultInitValue, defaultInitValue>>
/\ inMsg = <<defaultInitValue, defaultInitValue>>
/\ inChannels = <<<<>>, <<>>>>
/\ IDSet = <<2, 3, 4, 5, 6, 7, 8>>
/\ server = <<defaultInitValue, defaultInitValue>>
/\ received = <<0, 0>>
/\ sent = <<0, 0>>
/\ id = <<defaultInitValue, defaultInitValue>>
/\ client_ = <<defaultInitValue, defaultInitValue>>
/\ serverSet = <<{1}, defaultInitValue>>
/\ id_ = <<1, defaultInitValue>>
/\ client = <<1, defaultInitValue>>
/\ serverMsg = <<defaultInitValue, defaultInitValue>>
/\ status = <<"Init", "Init">>
/\ message = <<"", "">>
/\ stack = <<<<[pc |-> "Done", client |-> defaultInitValue, serverSet |-> defaultInitValue, id_ |-> defaultInitValue, procedure |-> "sendClientMessagesToServers"]>>, <<>>>>
/\ head = <<defaultInitValue, defaultInitValue>>

@!@!@ENDMSG 2217 @!@!@
@!@!@STARTMSG 2217:4 @!@!@
4: <SendMessages line 247, col 23 to line 265, col 70 of module carousel>
/\ node = <<defaultInitValue, defaultInitValue>>
/\ serverStatus = <<defaultInitValue, defaultInitValue>>
/\ msg = <<defaultInitValue, defaultInitValue>>
/\ channels = <<<<>>, <<>>>>
/\ incomingMsg = <<defaultInitValue, defaultInitValue>>
/\ subsets = <<{{1}, {2}, {1, 2}}, {{1}, {2}, {1, 2}}>>
/\ pc = <<"P1_", "sendClientMessages_">>
/\ msgId = <<defaultInitValue, defaultInitValue>>
/\ clientId = <<defaultInitValue, defaultInitValue>>
/\ msg_ = <<defaultInitValue, defaultInitValue>>
/\ serverStatus_ = <<defaultInitValue, defaultInitValue>>
/\ inMsg = <<defaultInitValue, defaultInitValue>>
/\ inChannels = <<<<>>, <<>>>>
/\ IDSet = <<2, 3, 4, 5, 6, 7, 8>>
/\ server = <<1, defaultInitValue>>
/\ received = <<0, 0>>
/\ sent = <<0, 0>>
/\ id = <<1, defaultInitValue>>
/\ client_ = <<1, defaultInitValue>>
/\ serverSet = <<{1}, defaultInitValue>>
/\ id_ = <<1, defaultInitValue>>
/\ client = <<1, defaultInitValue>>
/\ serverMsg = <<defaultInitValue, defaultInitValue>>
/\ status = <<"Init", "Init">>
/\ message = <<"", "">>
/\ stack = <<<<[pc |-> "Error", id |-> defaultInitValue, client_ |-> defaultInitValue, server |-> defaultInitValue, msg |-> defaultInitValue, procedure |-> "sendClientMessage"], [pc |-> "Done", client |-> defaultInitValue, serverSet |-> defaultInitValue, id_ |-> defaultInitValue, procedure |-> "sendClientMessagesToServers"]>>, <<>>>>
/\ head = <<defaultInitValue, defaultInitValue>>

@!@!@ENDMSG 2217 @!@!@
@!@!@STARTMSG 2217:4 @!@!@
5: <P1_ line 204, col 14 to line 213, col 45 of module carousel>
/\ node = <<defaultInitValue, defaultInitValue>>
/\ serverStatus = <<defaultInitValue, defaultInitValue>>
/\ msg = <<[id |-> 1, client |-> 1], defaultInitValue>>
/\ channels = <<<<[id |-> 1, client |-> 1]>>, <<>>>>
/\ incomingMsg = <<defaultInitValue, defaultInitValue>>
/\ subsets = <<{{1}, {2}, {1, 2}}, {{1}, {2}, {1, 2}}>>
/\ pc = <<"Error", "sendClientMessages_">>
/\ msgId = <<defaultInitValue, defaultInitValue>>
/\ clientId = <<defaultInitValue, defaultInitValue>>
/\ msg_ = <<defaultInitValue, defaultInitValue>>
/\ serverStatus_ = <<defaultInitValue, defaultInitValue>>
/\ inMsg = <<defaultInitValue, defaultInitValue>>
/\ inChannels = <<<<>>, <<>>>>
/\ IDSet = <<2, 3, 4, 5, 6, 7, 8>>
/\ server = <<1, defaultInitValue>>
/\ received = <<0, 0>>
/\ sent = <<1, 0>>
/\ id = <<1, defaultInitValue>>
/\ client_ = <<1, defaultInitValue>>
/\ serverSet = <<{1}, defaultInitValue>>
/\ id_ = <<1, defaultInitValue>>
/\ client = <<1, defaultInitValue>>
/\ serverMsg = <<defaultInitValue, defaultInitValue>>
/\ status = <<"Init", "Init">>
/\ message = <<"", "">>
/\ stack = <<<<[pc |-> "Error", id |-> defaultInitValue, client_ |-> defaultInitValue, server |-> defaultInitValue, msg |-> defaultInitValue, procedure |-> "sendClientMessage"], [pc |-> "Done", client |-> defaultInitValue, serverSet |-> defaultInitValue, id_ |-> defaultInitValue, procedure |-> "sendClientMessagesToServers"]>>, <<>>>>
/\ head = <<defaultInitValue, defaultInitValue>>

@!@!@ENDMSG 2217 @!@!@
@!@!@STARTMSG 2217:4 @!@!@
6: <sendClientMessages_ line 269, col 30 to line 286, col 77 of module carousel>
/\ node = <<defaultInitValue, defaultInitValue>>
/\ serverStatus = <<defaultInitValue, defaultInitValue>>
/\ msg = <<[id |-> 1, client |-> 1], defaultInitValue>>
/\ channels = <<<<[id |-> 1, client |-> 1]>>, <<>>>>
/\ incomingMsg = <<defaultInitValue, defaultInitValue>>
/\ subsets = <<{{1}, {2}, {1, 2}}, {{1}, {2}, {1, 2}}>>
/\ pc = <<"Error", "GetID">>
/\ msgId = <<defaultInitValue, defaultInitValue>>
/\ clientId = <<defaultInitValue, defaultInitValue>>
/\ msg_ = <<defaultInitValue, defaultInitValue>>
/\ serverStatus_ = <<defaultInitValue, defaultInitValue>>
/\ inMsg = <<defaultInitValue, defaultInitValue>>
/\ inChannels = <<<<>>, <<>>>>
/\ IDSet = <<2, 3, 4, 5, 6, 7, 8>>
/\ server = <<1, defaultInitValue>>
/\ received = <<0, 0>>
/\ sent = <<1, 0>>
/\ id = <<1, defaultInitValue>>
/\ client_ = <<1, defaultInitValue>>
/\ serverSet = <<{1}, {2}>>
/\ id_ = <<1, defaultInitValue>>
/\ client = <<1, 2>>
/\ serverMsg = <<defaultInitValue, defaultInitValue>>
/\ status = <<"Init", "Init">>
/\ message = <<"", "">>
/\ stack = <<<<[pc |-> "Error", id |-> defaultInitValue, client_ |-> defaultInitValue, server |-> defaultInitValue, msg |-> defaultInitValue, procedure |-> "sendClientMessage"], [pc |-> "Done", client |-> defaultInitValue, serverSet |-> defaultInitValue, id_ |-> defaultInitValue, procedure |-> "sendClientMessagesToServers"]>>, <<[pc |-> "Done", client |-> defaultInitValue, serverSet |-> defaultInitValue, id_ |-> defaultInitValue, procedure |-> "sendClientMessagesToServers"]>>>>
/\ head = <<defaultInitValue, defaultInitValue>>

@!@!@ENDMSG 2217 @!@!@
@!@!@STARTMSG 2217:4 @!@!@
7: <GetID line 236, col 16 to line 245, col 72 of module carousel>
/\ node = <<defaultInitValue, defaultInitValue>>
/\ serverStatus = <<defaultInitValue, defaultInitValue>>
/\ msg = <<[id |-> 1, client |-> 1], defaultInitValue>>
/\ channels = <<<<[id |-> 1, client |-> 1]>>, <<>>>>
/\ incomingMsg = <<defaultInitValue, defaultInitValue>>
/\ subsets = <<{{1}, {2}, {1, 2}}, {{1}, {2}, {1, 2}}>>
/\ pc = <<"Error", "SendMessages">>
/\ msgId = <<defaultInitValue, defaultInitValue>>
/\ clientId = <<defaultInitValue, defaultInitValue>>
/\ msg_ = <<defaultInitValue, defaultInitValue>>
/\ serverStatus_ = <<defaultInitValue, defaultInitValue>>
/\ inMsg = <<defaultInitValue, defaultInitValue>>
/\ inChannels = <<<<>>, <<>>>>
/\ IDSet = <<3, 4, 5, 6, 7, 8>>
/\ server = <<1, defaultInitValue>>
/\ received = <<0, 0>>
/\ sent = <<1, 0>>
/\ id = <<1, defaultInitValue>>
/\ client_ = <<1, defaultInitValue>>
/\ serverSet = <<{1}, {2}>>
/\ id_ = <<1, 2>>
/\ client = <<1, 2>>
/\ serverMsg = <<defaultInitValue, defaultInitValue>>
/\ status = <<"Init", "Init">>
/\ message = <<"", "">>
/\ stack = <<<<[pc |-> "Error", id |-> defaultInitValue, client_ |-> defaultInitValue, server |-> defaultInitValue, msg |-> defaultInitValue, procedure |-> "sendClientMessage"], [pc |-> "Done", client |-> defaultInitValue, serverSet |-> defaultInitValue, id_ |-> defaultInitValue, procedure |-> "sendClientMessagesToServers"]>>, <<[pc |-> "Done", client |-> defaultInitValue, serverSet |-> defaultInitValue, id_ |-> defaultInitValue, procedure |-> "sendClientMessagesToServers"]>>>>
/\ head = <<defaultInitValue, defaultInitValue>>

@!@!@ENDMSG 2217 @!@!@
@!@!@STARTMSG 2217:4 @!@!@
8: <SendMessages line 247, col 23 to line 265, col 70 of module carousel>
/\ node = <<defaultInitValue, defaultInitValue>>
/\ serverStatus = <<defaultInitValue, defaultInitValue>>
/\ msg = <<[id |-> 1, client |-> 1], defaultInitValue>>
/\ channels = <<<<[id |-> 1, client |-> 1]>>, <<>>>>
/\ incomingMsg = <<defaultInitValue, defaultInitValue>>
/\ subsets = <<{{1}, {2}, {1, 2}}, {{1}, {2}, {1, 2}}>>
/\ pc = <<"Error", "P1_">>
/\ msgId = <<defaultInitValue, defaultInitValue>>
/\ clientId = <<defaultInitValue, defaultInitValue>>
/\ msg_ = <<defaultInitValue, defaultInitValue>>
/\ serverStatus_ = <<defaultInitValue, defaultInitValue>>
/\ inMsg = <<defaultInitValue, defaultInitValue>>
/\ inChannels = <<<<>>, <<>>>>
/\ IDSet = <<3, 4, 5, 6, 7, 8>>
/\ server = <<1, 2>>
/\ received = <<0, 0>>
/\ sent = <<1, 0>>
/\ id = <<1, 2>>
/\ client_ = <<1, 2>>
/\ serverSet = <<{1}, {2}>>
/\ id_ = <<1, 2>>
/\ client = <<1, 2>>
/\ serverMsg = <<defaultInitValue, defaultInitValue>>
/\ status = <<"Init", "Init">>
/\ message = <<"", "">>
/\ stack = <<<<[pc |-> "Error", id |-> defaultInitValue, client_ |-> defaultInitValue, server |-> defaultInitValue, msg |-> defaultInitValue, procedure |-> "sendClientMessage"], [pc |-> "Done", client |-> defaultInitValue, serverSet |-> defaultInitValue, id_ |-> defaultInitValue, procedure |-> "sendClientMessagesToServers"]>>, <<[pc |-> "Error", id |-> defaultInitValue, client_ |-> defaultInitValue, server |-> defaultInitValue, msg |-> defaultInitValue, procedure |-> "sendClientMessage"], [pc |-> "Done", client |-> defaultInitValue, serverSet |-> defaultInitValue, id_ |-> defaultInitValue, procedure |-> "sendClientMessagesToServers"]>>>>
/\ head = <<defaultInitValue, defaultInitValue>>

@!@!@ENDMSG 2217 @!@!@
@!@!@STARTMSG 2217:4 @!@!@
9: <P1_ line 204, col 14 to line 213, col 45 of module carousel>
/\ node = <<defaultInitValue, defaultInitValue>>
/\ serverStatus = <<defaultInitValue, defaultInitValue>>
/\ msg = <<[id |-> 1, client |-> 1], [id |-> 2, client |-> 2]>>
/\ channels = <<<<[id |-> 1, client |-> 1]>>, <<[id |-> 2, client |-> 2]>>>>
/\ incomingMsg = <<defaultInitValue, defaultInitValue>>
/\ subsets = <<{{1}, {2}, {1, 2}}, {{1}, {2}, {1, 2}}>>
/\ pc = <<"Error", "Error">>
/\ msgId = <<defaultInitValue, defaultInitValue>>
/\ clientId = <<defaultInitValue, defaultInitValue>>
/\ msg_ = <<defaultInitValue, defaultInitValue>>
/\ serverStatus_ = <<defaultInitValue, defaultInitValue>>
/\ inMsg = <<defaultInitValue, defaultInitValue>>
/\ inChannels = <<<<>>, <<>>>>
/\ IDSet = <<3, 4, 5, 6, 7, 8>>
/\ server = <<1, 2>>
/\ received = <<0, 0>>
/\ sent = <<1, 1>>
/\ id = <<1, 2>>
/\ client_ = <<1, 2>>
/\ serverSet = <<{1}, {2}>>
/\ id_ = <<1, 2>>
/\ client = <<1, 2>>
/\ serverMsg = <<defaultInitValue, defaultInitValue>>
/\ status = <<"Init", "Init">>
/\ message = <<"", "">>
/\ stack = <<<<[pc |-> "Error", id |-> defaultInitValue, client_ |-> defaultInitValue, server |-> defaultInitValue, msg |-> defaultInitValue, procedure |-> "sendClientMessage"], [pc |-> "Done", client |-> defaultInitValue, serverSet |-> defaultInitValue, id_ |-> defaultInitValue, procedure |-> "sendClientMessagesToServers"]>>, <<[pc |-> "Error", id |-> defaultInitValue, client_ |-> defaultInitValue, server |-> defaultInitValue, msg |-> defaultInitValue, procedure |-> "sendClientMessage"], [pc |-> "Done", client |-> defaultInitValue, serverSet |-> defaultInitValue, id_ |-> defaultInitValue, procedure |-> "sendClientMessagesToServers"]>>>>
/\ head = <<defaultInitValue, defaultInitValue>>

@!@!@ENDMSG 2217 @!@!@
@!@!@STARTMSG 2201:0 @!@!@
The coverage statistics at 2018-11-30 08:15:02
@!@!@ENDMSG 2201 @!@!@
@!@!@STARTMSG 2221:0 @!@!@
  line 205, col 17 to line 205, col 89 of module carousel: 208
@!@!@ENDMSG 2221 @!@!@
@!@!@STARTMSG 2221:0 @!@!@
  line 206, col 17 to line 206, col 108 of module carousel: 208
@!@!@ENDMSG 2221 @!@!@
@!@!@STARTMSG 2221:0 @!@!@
  line 207, col 17 to line 207, col 78 of module carousel: 208
@!@!@ENDMSG 2221 @!@!@
@!@!@STARTMSG 2221:0 @!@!@
  line 208, col 17 to line 208, col 51 of module carousel: 208
@!@!@ENDMSG 2221 @!@!@
@!@!@STARTMSG 2221:0 @!@!@
  line 209, col 30 to line 209, col 34 of module carousel: 208
@!@!@ENDMSG 2221 @!@!@
@!@!@STARTMSG 2221:0 @!@!@
  line 209, col 37 to line 209, col 42 of module carousel: 208
@!@!@ENDMSG 2221 @!@!@
@!@!@STARTMSG 2221:0 @!@!@
  line 209, col 45 to line 209, col 52 of module carousel: 208
@!@!@ENDMSG 2221 @!@!@
@!@!@STARTMSG 2221:0 @!@!@
  line 209, col 55 to line 209, col 64 of module carousel: 208
@!@!@ENDMSG 2221 @!@!@
@!@!@STARTMSG 2221:0 @!@!@
  line 209, col 67 to line 209, col 71 of module carousel: 208
@!@!@ENDMSG 2221 @!@!@
@!@!@STARTMSG 2221:0 @!@!@
  line 209, col 74 to line 209, col 75 of module carousel: 208
@!@!@ENDMSG 2221 @!@!@
@!@!@STARTMSG 2221:0 @!@!@
  line 210, col 30 to line 210, col 36 of module carousel: 208
@!@!@ENDMSG 2221 @!@!@
@!@!@STARTMSG 2221:0 @!@!@
  line 210, col 39 to line 210, col 44 of module carousel: 208
@!@!@ENDMSG 2221 @!@!@
@!@!@STARTMSG 2221:0 @!@!@
  line 210, col 47 to line 210, col 50 of module carousel: 208
@!@!@ENDMSG 2221 @!@!@
@!@!@STARTMSG 2221:0 @!@!@
  line 210, col 53 to line 210, col 61 of module carousel: 208
@!@!@ENDMSG 2221 @!@!@
@!@!@STARTMSG 2221:0 @!@!@
  line 210, col 64 to line 210, col 74 of module carousel: 208
@!@!@ENDMSG 2221 @!@!@
@!@!@STARTMSG 2221:0 @!@!@
  line 211, col 30 to line 211, col 34 of module carousel: 208
@!@!@ENDMSG 2221 @!@!@
@!@!@STARTMSG 2221:0 @!@!@
  line 211, col 37 to line 211, col 44 of module carousel: 208
@!@!@ENDMSG 2221 @!@!@
@!@!@STARTMSG 2221:0 @!@!@
  line 211, col 47 to line 211, col 58 of module carousel: 208
@!@!@ENDMSG 2221 @!@!@
@!@!@STARTMSG 2221:0 @!@!@
  line 211, col 61 to line 211, col 66 of module carousel: 208
@!@!@ENDMSG 2221 @!@!@
@!@!@STARTMSG 2221:0 @!@!@
  line 211, col 69 to line 211, col 77 of module carousel: 208
@!@!@ENDMSG 2221 @!@!@
@!@!@STARTMSG 2221:0 @!@!@
  line 212, col 30 to line 212, col 32 of module carousel: 208
@!@!@ENDMSG 2221 @!@!@
@!@!@STARTMSG 2221:0 @!@!@
  line 212, col 35 to line 212, col 38 of module carousel: 208
@!@!@ENDMSG 2221 @!@!@
@!@!@STARTMSG 2221:0 @!@!@
  line 212, col 41 to line 212, col 44 of module carousel: 208
@!@!@ENDMSG 2221 @!@!@
@!@!@STARTMSG 2221:0 @!@!@
  line 212, col 47 to line 212, col 53 of module carousel: 208
@!@!@ENDMSG 2221 @!@!@
@!@!@STARTMSG 2221:0 @!@!@
  line 212, col 56 to line 212, col 62 of module carousel: 208
@!@!@ENDMSG 2221 @!@!@
@!@!@STARTMSG 2221:0 @!@!@
  line 212, col 65 to line 212, col 69 of module carousel: 208
@!@!@ENDMSG 2221 @!@!@
@!@!@STARTMSG 2221:0 @!@!@
  line 213, col 30 to line 213, col 42 of module carousel: 208
@!@!@ENDMSG 2221 @!@!@
@!@!@STARTMSG 2221:0 @!@!@
  line 218, col 16 to line 218, col 89 of module carousel: 0
@!@!@ENDMSG 2221 @!@!@
@!@!@STARTMSG 2221:0 @!@!@
  line 219, col 16 to line 219, col 89 of module carousel: 0
@!@!@ENDMSG 2221 @!@!@
@!@!@STARTMSG 2221:0 @!@!@
  line 220, col 16 to line 220, col 70 of module carousel: 0
@!@!@ENDMSG 2221 @!@!@
@!@!@STARTMSG 2221:0 @!@!@
  line 221, col 16 to line 221, col 80 of module carousel: 0
@!@!@ENDMSG 2221 @!@!@
@!@!@STARTMSG 2221:0 @!@!@
  line 222, col 22 to line 222, col 80 of module carousel: 0
@!@!@ENDMSG 2221 @!@!@
@!@!@STARTMSG 2221:0 @!@!@
  line 223, col 22 to line 223, col 91 of module carousel: 0
@!@!@ENDMSG 2221 @!@!@
@!@!@STARTMSG 2221:0 @!@!@
  line 224, col 22 to line 224, col 82 of module carousel: 0
@!@!@ENDMSG 2221 @!@!@
@!@!@STARTMSG 2221:0 @!@!@
  line 225, col 22 to line 225, col 78 of module carousel: 0
@!@!@ENDMSG 2221 @!@!@
@!@!@STARTMSG 2221:0 @!@!@
  line 226, col 34 to line 226, col 39 of module carousel: 0
@!@!@ENDMSG 2221 @!@!@
@!@!@STARTMSG 2221:0 @!@!@
  line 226, col 42 to line 226, col 49 of module carousel: 0
@!@!@ENDMSG 2221 @!@!@
@!@!@STARTMSG 2221:0 @!@!@
  line 227, col 16 to line 227, col 116 of module carousel: 0
@!@!@ENDMSG 2221 @!@!@
@!@!@STARTMSG 2221:0 @!@!@
  line 228, col 16 to line 228, col 125 of module carousel: 0
@!@!@ENDMSG 2221 @!@!@
@!@!@STARTMSG 2221:0 @!@!@
  line 229, col 16 to line 229, col 50 of module carousel: 0
@!@!@ENDMSG 2221 @!@!@
@!@!@STARTMSG 2221:0 @!@!@
  line 230, col 29 to line 230, col 33 of module carousel: 0
@!@!@ENDMSG 2221 @!@!@
@!@!@STARTMSG 2221:0 @!@!@
  line 230, col 36 to line 230, col 39 of module carousel: 0
@!@!@ENDMSG 2221 @!@!@
@!@!@STARTMSG 2221:0 @!@!@
  line 230, col 42 to line 230, col 46 of module carousel: 0
@!@!@ENDMSG 2221 @!@!@
@!@!@STARTMSG 2221:0 @!@!@
  line 230, col 49 to line 230, col 50 of module carousel: 0
@!@!@ENDMSG 2221 @!@!@
@!@!@STARTMSG 2221:0 @!@!@
  line 230, col 53 to line 230, col 59 of module carousel: 0
@!@!@ENDMSG 2221 @!@!@
@!@!@STARTMSG 2221:0 @!@!@
  line 230, col 62 to line 230, col 67 of module carousel: 0
@!@!@ENDMSG 2221 @!@!@
@!@!@STARTMSG 2221:0 @!@!@
  line 230, col 70 to line 230, col 72 of module carousel: 0
@!@!@ENDMSG 2221 @!@!@
@!@!@STARTMSG 2221:0 @!@!@
  line 230, col 75 to line 230, col 78 of module carousel: 0
@!@!@ENDMSG 2221 @!@!@
@!@!@STARTMSG 2221:0 @!@!@
  line 231, col 29 to line 231, col 34 of module carousel: 0
@!@!@ENDMSG 2221 @!@!@
@!@!@STARTMSG 2221:0 @!@!@
  line 231, col 37 to line 231, col 45 of module carousel: 0
@!@!@ENDMSG 2221 @!@!@
@!@!@STARTMSG 2221:0 @!@!@
  line 231, col 48 to line 231, col 50 of module carousel: 0
@!@!@ENDMSG 2221 @!@!@
@!@!@STARTMSG 2221:0 @!@!@
  line 231, col 53 to line 231, col 56 of module carousel: 0
@!@!@ENDMSG 2221 @!@!@
@!@!@STARTMSG 2221:0 @!@!@
  line 231, col 59 to line 231, col 62 of module carousel: 0
@!@!@ENDMSG 2221 @!@!@
@!@!@STARTMSG 2221:0 @!@!@
  line 231, col 65 to line 231, col 71 of module carousel: 0
@!@!@ENDMSG 2221 @!@!@
@!@!@STARTMSG 2221:0 @!@!@
  line 232, col 29 to line 232, col 35 of module carousel: 0
@!@!@ENDMSG 2221 @!@!@
@!@!@STARTMSG 2221:0 @!@!@
  line 232, col 38 to line 232, col 42 of module carousel: 0
@!@!@ENDMSG 2221 @!@!@
@!@!@STARTMSG 2221:0 @!@!@
  line 232, col 45 to line 232, col 57 of module carousel: 0
@!@!@ENDMSG 2221 @!@!@
@!@!@STARTMSG 2221:0 @!@!@
  line 238, col 19 to line 238, col 59 of module carousel: 90
@!@!@ENDMSG 2221 @!@!@
@!@!@STARTMSG 2221:0 @!@!@
  line 239, col 19 to line 239, col 38 of module carousel: 90
@!@!@ENDMSG 2221 @!@!@
@!@!@STARTMSG 2221:0 @!@!@
  line 240, col 19 to line 240, col 60 of module carousel: 90
@!@!@ENDMSG 2221 @!@!@
@!@!@STARTMSG 2221:0 @!@!@
  line 241, col 32 to line 241, col 37 of module carousel: 90
@!@!@ENDMSG 2221 @!@!@
@!@!@STARTMSG 2221:0 @!@!@
  line 241, col 40 to line 241, col 43 of module carousel: 90
@!@!@ENDMSG 2221 @!@!@
@!@!@STARTMSG 2221:0 @!@!@
  line 241, col 46 to line 241, col 53 of module carousel: 90
@!@!@ENDMSG 2221 @!@!@
@!@!@STARTMSG 2221:0 @!@!@
  line 241, col 56 to line 241, col 63 of module carousel: 90
@!@!@ENDMSG 2221 @!@!@
@!@!@STARTMSG 2221:0 @!@!@
  line 241, col 66 to line 241, col 75 of module carousel: 90
@!@!@ENDMSG 2221 @!@!@
@!@!@STARTMSG 2221:0 @!@!@
  line 242, col 32 to line 242, col 36 of module carousel: 90
@!@!@ENDMSG 2221 @!@!@
@!@!@STARTMSG 2221:0 @!@!@
  line 242, col 39 to line 242, col 40 of module carousel: 90
@!@!@ENDMSG 2221 @!@!@
@!@!@STARTMSG 2221:0 @!@!@
  line 242, col 43 to line 242, col 49 of module carousel: 90
@!@!@ENDMSG 2221 @!@!@
@!@!@STARTMSG 2221:0 @!@!@
  line 242, col 52 to line 242, col 57 of module carousel: 90
@!@!@ENDMSG 2221 @!@!@
@!@!@STARTMSG 2221:0 @!@!@
  line 242, col 60 to line 242, col 62 of module carousel: 90
@!@!@ENDMSG 2221 @!@!@
@!@!@STARTMSG 2221:0 @!@!@
  line 242, col 65 to line 242, col 68 of module carousel: 90
@!@!@ENDMSG 2221 @!@!@
@!@!@STARTMSG 2221:0 @!@!@
  line 243, col 32 to line 243, col 40 of module carousel: 90
@!@!@ENDMSG 2221 @!@!@
@!@!@STARTMSG 2221:0 @!@!@
  line 243, col 43 to line 243, col 53 of module carousel: 90
@!@!@ENDMSG 2221 @!@!@
@!@!@STARTMSG 2221:0 @!@!@
  line 243, col 56 to line 243, col 60 of module carousel: 90
@!@!@ENDMSG 2221 @!@!@
@!@!@STARTMSG 2221:0 @!@!@
  line 243, col 63 to line 243, col 70 of module carousel: 90
@!@!@ENDMSG 2221 @!@!@
@!@!@STARTMSG 2221:0 @!@!@
  line 244, col 32 to line 244, col 43 of module carousel: 90
@!@!@ENDMSG 2221 @!@!@
@!@!@STARTMSG 2221:0 @!@!@
  line 244, col 46 to line 244, col 51 of module carousel: 90
@!@!@ENDMSG 2221 @!@!@
@!@!@STARTMSG 2221:0 @!@!@
  line 244, col 54 to line 244, col 62 of module carousel: 90
@!@!@ENDMSG 2221 @!@!@
@!@!@STARTMSG 2221:0 @!@!@
  line 244, col 65 to line 244, col 68 of module carousel: 90
@!@!@ENDMSG 2221 @!@!@
@!@!@STARTMSG 2221:0 @!@!@
  line 244, col 71 to line 244, col 74 of module carousel: 90
@!@!@ENDMSG 2221 @!@!@
@!@!@STARTMSG 2221:0 @!@!@
  line 245, col 32 to line 245, col 38 of module carousel: 90
@!@!@ENDMSG 2221 @!@!@
@!@!@STARTMSG 2221:0 @!@!@
  line 245, col 41 to line 245, col 47 of module carousel: 90
@!@!@ENDMSG 2221 @!@!@
@!@!@STARTMSG 2221:0 @!@!@
  line 245, col 50 to line 245, col 54 of module carousel: 90
@!@!@ENDMSG 2221 @!@!@
@!@!@STARTMSG 2221:0 @!@!@
  line 245, col 57 to line 245, col 69 of module carousel: 90
@!@!@ENDMSG 2221 @!@!@
@!@!@STARTMSG 2221:0 @!@!@
  line 249, col 34 to line 249, col 83 of module carousel: 208
@!@!@ENDMSG 2221 @!@!@
@!@!@STARTMSG 2221:0 @!@!@
  line 250, col 34 to line 250, col 70 of module carousel: 208
@!@!@ENDMSG 2221 @!@!@
@!@!@STARTMSG 2221:0 @!@!@
  line 251, col 34 to line 251, col 83 of module carousel: 208
@!@!@ENDMSG 2221 @!@!@
@!@!@STARTMSG 2221:0 @!@!@
  line 252, col 34 to line 258, col 82 of module carousel: 208
@!@!@ENDMSG 2221 @!@!@
@!@!@STARTMSG 2221:0 @!@!@
  line 259, col 31 to line 259, col 76 of module carousel: 208
@!@!@ENDMSG 2221 @!@!@
@!@!@STARTMSG 2221:0 @!@!@
  line 260, col 31 to line 260, col 63 of module carousel: 208
@!@!@ENDMSG 2221 @!@!@
@!@!@STARTMSG 2221:0 @!@!@
  line 261, col 39 to line 261, col 43 of module carousel: 208
@!@!@ENDMSG 2221 @!@!@
@!@!@STARTMSG 2221:0 @!@!@
  line 261, col 46 to line 261, col 51 of module carousel: 208
@!@!@ENDMSG 2221 @!@!@
@!@!@STARTMSG 2221:0 @!@!@
  line 261, col 54 to line 261, col 57 of module carousel: 208
@!@!@ENDMSG 2221 @!@!@
@!@!@STARTMSG 2221:0 @!@!@
  line 261, col 60 to line 261, col 67 of module carousel: 208
@!@!@ENDMSG 2221 @!@!@
@!@!@STARTMSG 2221:0 @!@!@
  line 261, col 70 to line 261, col 77 of module carousel: 208
@!@!@ENDMSG 2221 @!@!@
@!@!@STARTMSG 2221:0 @!@!@
  line 262, col 39 to line 262, col 48 of module carousel: 208
@!@!@ENDMSG 2221 @!@!@
@!@!@STARTMSG 2221:0 @!@!@
  line 262, col 51 to line 262, col 54 of module carousel: 208
@!@!@ENDMSG 2221 @!@!@
@!@!@STARTMSG 2221:0 @!@!@
  line 262, col 57 to line 262, col 65 of module carousel: 208
@!@!@ENDMSG 2221 @!@!@
@!@!@STARTMSG 2221:0 @!@!@
  line 262, col 68 to line 262, col 78 of module carousel: 208
@!@!@ENDMSG 2221 @!@!@
@!@!@STARTMSG 2221:0 @!@!@
  line 263, col 39 to line 263, col 43 of module carousel: 208
@!@!@ENDMSG 2221 @!@!@
@!@!@STARTMSG 2221:0 @!@!@
  line 263, col 46 to line 263, col 53 of module carousel: 208
@!@!@ENDMSG 2221 @!@!@
@!@!@STARTMSG 2221:0 @!@!@
  line 263, col 56 to line 263, col 67 of module carousel: 208
@!@!@ENDMSG 2221 @!@!@
@!@!@STARTMSG 2221:0 @!@!@
  line 263, col 70 to line 263, col 75 of module carousel: 208
@!@!@ENDMSG 2221 @!@!@
@!@!@STARTMSG 2221:0 @!@!@
  line 264, col 39 to line 264, col 47 of module carousel: 208
@!@!@ENDMSG 2221 @!@!@
@!@!@STARTMSG 2221:0 @!@!@
  line 264, col 50 to line 264, col 52 of module carousel: 208
@!@!@ENDMSG 2221 @!@!@
@!@!@STARTMSG 2221:0 @!@!@
  line 264, col 55 to line 264, col 58 of module carousel: 208
@!@!@ENDMSG 2221 @!@!@
@!@!@STARTMSG 2221:0 @!@!@
  line 264, col 61 to line 264, col 64 of module carousel: 208
@!@!@ENDMSG 2221 @!@!@
@!@!@STARTMSG 2221:0 @!@!@
  line 264, col 67 to line 264, col 73 of module carousel: 208
@!@!@ENDMSG 2221 @!@!@
@!@!@STARTMSG 2221:0 @!@!@
  line 265, col 39 to line 265, col 45 of module carousel: 208
@!@!@ENDMSG 2221 @!@!@
@!@!@STARTMSG 2221:0 @!@!@
  line 265, col 48 to line 265, col 52 of module carousel: 208
@!@!@ENDMSG 2221 @!@!@
@!@!@STARTMSG 2221:0 @!@!@
  line 265, col 55 to line 265, col 67 of module carousel: 208
@!@!@ENDMSG 2221 @!@!@
@!@!@STARTMSG 2221:0 @!@!@
  line 271, col 41 to line 271, col 80 of module carousel: 90
@!@!@ENDMSG 2221 @!@!@
@!@!@STARTMSG 2221:0 @!@!@
  line 272, col 41 to line 272, col 88 of module carousel: 90
@!@!@ENDMSG 2221 @!@!@
@!@!@STARTMSG 2221:0 @!@!@
  line 273, col 41 to line 278, col 89 of module carousel: 90
@!@!@ENDMSG 2221 @!@!@
@!@!@STARTMSG 2221:0 @!@!@
  line 279, col 38 to line 279, col 83 of module carousel: 90
@!@!@ENDMSG 2221 @!@!@
@!@!@STARTMSG 2221:0 @!@!@
  line 280, col 38 to line 280, col 72 of module carousel: 90
@!@!@ENDMSG 2221 @!@!@
@!@!@STARTMSG 2221:0 @!@!@
  line 281, col 46 to line 281, col 50 of module carousel: 90
@!@!@ENDMSG 2221 @!@!@
@!@!@STARTMSG 2221:0 @!@!@
  line 281, col 53 to line 281, col 58 of module carousel: 90
@!@!@ENDMSG 2221 @!@!@
@!@!@STARTMSG 2221:0 @!@!@
  line 281, col 61 to line 281, col 64 of module carousel: 90
@!@!@ENDMSG 2221 @!@!@
@!@!@STARTMSG 2221:0 @!@!@
  line 281, col 67 to line 281, col 74 of module carousel: 90
@!@!@ENDMSG 2221 @!@!@
@!@!@STARTMSG 2221:0 @!@!@
  line 282, col 46 to line 282, col 53 of module carousel: 90
@!@!@ENDMSG 2221 @!@!@
@!@!@STARTMSG 2221:0 @!@!@
  line 282, col 56 to line 282, col 65 of module carousel: 90
@!@!@ENDMSG 2221 @!@!@
@!@!@STARTMSG 2221:0 @!@!@
  line 282, col 68 to line 282, col 69 of module carousel: 90
@!@!@ENDMSG 2221 @!@!@
@!@!@STARTMSG 2221:0 @!@!@
  line 282, col 72 to line 282, col 78 of module carousel: 90
@!@!@ENDMSG 2221 @!@!@
@!@!@STARTMSG 2221:0 @!@!@
  line 283, col 46 to line 283, col 51 of module carousel: 90
@!@!@ENDMSG 2221 @!@!@
@!@!@STARTMSG 2221:0 @!@!@
  line 283, col 54 to line 283, col 56 of module carousel: 90
@!@!@ENDMSG 2221 @!@!@
@!@!@STARTMSG 2221:0 @!@!@
  line 283, col 59 to line 283, col 62 of module carousel: 90
@!@!@ENDMSG 2221 @!@!@
@!@!@STARTMSG 2221:0 @!@!@
  line 283, col 65 to line 283, col 73 of module carousel: 90
@!@!@ENDMSG 2221 @!@!@
@!@!@STARTMSG 2221:0 @!@!@
  line 284, col 46 to line 284, col 56 of module carousel: 90
@!@!@ENDMSG 2221 @!@!@
@!@!@STARTMSG 2221:0 @!@!@
  line 284, col 59 to line 284, col 63 of module carousel: 90
@!@!@ENDMSG 2221 @!@!@
@!@!@STARTMSG 2221:0 @!@!@
  line 284, col 66 to line 284, col 73 of module carousel: 90
@!@!@ENDMSG 2221 @!@!@
@!@!@STARTMSG 2221:0 @!@!@
  line 285, col 46 to line 285, col 57 of module carousel: 90
@!@!@ENDMSG 2221 @!@!@
@!@!@STARTMSG 2221:0 @!@!@
  line 285, col 60 to line 285, col 63 of module carousel: 90
@!@!@ENDMSG 2221 @!@!@
@!@!@STARTMSG 2221:0 @!@!@
  line 285, col 66 to line 285, col 69 of module carousel: 90
@!@!@ENDMSG 2221 @!@!@
@!@!@STARTMSG 2221:0 @!@!@
  line 285, col 72 to line 285, col 78 of module carousel: 90
@!@!@ENDMSG 2221 @!@!@
@!@!@STARTMSG 2221:0 @!@!@
  line 286, col 46 to line 286, col 52 of module carousel: 90
@!@!@ENDMSG 2221 @!@!@
@!@!@STARTMSG 2221:0 @!@!@
  line 286, col 55 to line 286, col 59 of module carousel: 90
@!@!@ENDMSG 2221 @!@!@
@!@!@STARTMSG 2221:0 @!@!@
  line 286, col 62 to line 286, col 74 of module carousel: 90
@!@!@ENDMSG 2221 @!@!@
@!@!@STARTMSG 2221:0 @!@!@
  line 292, col 29 to line 292, col 64 of module carousel: 0
@!@!@ENDMSG 2221 @!@!@
@!@!@STARTMSG 2221:0 @!@!@
  line 293, col 29 to line 301, col 77 of module carousel: 0
@!@!@ENDMSG 2221 @!@!@
@!@!@STARTMSG 2221:0 @!@!@
  line 302, col 26 to line 302, col 83 of module carousel: 0
@!@!@ENDMSG 2221 @!@!@
@!@!@STARTMSG 2221:0 @!@!@
  line 303, col 26 to line 303, col 87 of module carousel: 0
@!@!@ENDMSG 2221 @!@!@
@!@!@STARTMSG 2221:0 @!@!@
  line 304, col 26 to line 304, col 75 of module carousel: 0
@!@!@ENDMSG 2221 @!@!@
@!@!@STARTMSG 2221:0 @!@!@
  line 305, col 26 to line 305, col 81 of module carousel: 0
@!@!@ENDMSG 2221 @!@!@
@!@!@STARTMSG 2221:0 @!@!@
  line 306, col 26 to line 306, col 89 of module carousel: 0
@!@!@ENDMSG 2221 @!@!@
@!@!@STARTMSG 2221:0 @!@!@
  line 307, col 26 to line 307, col 57 of module carousel: 0
@!@!@ENDMSG 2221 @!@!@
@!@!@STARTMSG 2221:0 @!@!@
  line 308, col 39 to line 308, col 43 of module carousel: 0
@!@!@ENDMSG 2221 @!@!@
@!@!@STARTMSG 2221:0 @!@!@
  line 308, col 46 to line 308, col 51 of module carousel: 0
@!@!@ENDMSG 2221 @!@!@
@!@!@STARTMSG 2221:0 @!@!@
  line 308, col 54 to line 308, col 57 of module carousel: 0
@!@!@ENDMSG 2221 @!@!@
@!@!@STARTMSG 2221:0 @!@!@
  line 308, col 60 to line 308, col 67 of module carousel: 0
@!@!@ENDMSG 2221 @!@!@
@!@!@STARTMSG 2221:0 @!@!@
  line 308, col 70 to line 308, col 77 of module carousel: 0
@!@!@ENDMSG 2221 @!@!@
@!@!@STARTMSG 2221:0 @!@!@
  line 309, col 39 to line 309, col 48 of module carousel: 0
@!@!@ENDMSG 2221 @!@!@
@!@!@STARTMSG 2221:0 @!@!@
  line 309, col 51 to line 309, col 52 of module carousel: 0
@!@!@ENDMSG 2221 @!@!@
@!@!@STARTMSG 2221:0 @!@!@
  line 309, col 55 to line 309, col 61 of module carousel: 0
@!@!@ENDMSG 2221 @!@!@
@!@!@STARTMSG 2221:0 @!@!@
  line 309, col 64 to line 309, col 69 of module carousel: 0
@!@!@ENDMSG 2221 @!@!@
@!@!@STARTMSG 2221:0 @!@!@
  line 309, col 72 to line 309, col 74 of module carousel: 0
@!@!@ENDMSG 2221 @!@!@
@!@!@STARTMSG 2221:0 @!@!@
  line 310, col 39 to line 310, col 44 of module carousel: 0
@!@!@ENDMSG 2221 @!@!@
@!@!@STARTMSG 2221:0 @!@!@
  line 310, col 47 to line 310, col 55 of module carousel: 0
@!@!@ENDMSG 2221 @!@!@
@!@!@STARTMSG 2221:0 @!@!@
  line 310, col 58 to line 310, col 60 of module carousel: 0
@!@!@ENDMSG 2221 @!@!@
@!@!@STARTMSG 2221:0 @!@!@
  line 310, col 63 to line 310, col 66 of module carousel: 0
@!@!@ENDMSG 2221 @!@!@
@!@!@STARTMSG 2221:0 @!@!@
  line 310, col 69 to line 310, col 72 of module carousel: 0
@!@!@ENDMSG 2221 @!@!@
@!@!@STARTMSG 2221:0 @!@!@
  line 311, col 39 to line 311, col 45 of module carousel: 0
@!@!@ENDMSG 2221 @!@!@
@!@!@STARTMSG 2221:0 @!@!@
  line 311, col 48 to line 311, col 54 of module carousel: 0
@!@!@ENDMSG 2221 @!@!@
@!@!@STARTMSG 2221:0 @!@!@
  line 311, col 57 to line 311, col 61 of module carousel: 0
@!@!@ENDMSG 2221 @!@!@
@!@!@STARTMSG 2221:0 @!@!@
  line 311, col 64 to line 311, col 76 of module carousel: 0
@!@!@ENDMSG 2221 @!@!@
@!@!@STARTMSG 2221:0 @!@!@
  line 317, col 28 to line 317, col 85 of module carousel: 0
@!@!@ENDMSG 2221 @!@!@
@!@!@STARTMSG 2221:0 @!@!@
  line 318, col 28 to line 318, col 95 of module carousel: 0
@!@!@ENDMSG 2221 @!@!@
@!@!@STARTMSG 2221:0 @!@!@
  line 319, col 28 to line 319, col 66 of module carousel: 0
@!@!@ENDMSG 2221 @!@!@
@!@!@STARTMSG 2221:0 @!@!@
  line 320, col 28 to line 320, col 102 of module carousel: 0
@!@!@ENDMSG 2221 @!@!@
@!@!@STARTMSG 2221:0 @!@!@
  line 321, col 28 to line 321, col 71 of module carousel: 0
@!@!@ENDMSG 2221 @!@!@
@!@!@STARTMSG 2221:0 @!@!@
  line 322, col 41 to line 322, col 46 of module carousel: 0
@!@!@ENDMSG 2221 @!@!@
@!@!@STARTMSG 2221:0 @!@!@
  line 322, col 49 to line 322, col 52 of module carousel: 0
@!@!@ENDMSG 2221 @!@!@
@!@!@STARTMSG 2221:0 @!@!@
  line 322, col 55 to line 322, col 62 of module carousel: 0
@!@!@ENDMSG 2221 @!@!@
@!@!@STARTMSG 2221:0 @!@!@
  line 322, col 65 to line 322, col 72 of module carousel: 0
@!@!@ENDMSG 2221 @!@!@
@!@!@STARTMSG 2221:0 @!@!@
  line 323, col 41 to line 323, col 45 of module carousel: 0
@!@!@ENDMSG 2221 @!@!@
@!@!@STARTMSG 2221:0 @!@!@
  line 323, col 48 to line 323, col 49 of module carousel: 0
@!@!@ENDMSG 2221 @!@!@
@!@!@STARTMSG 2221:0 @!@!@
  line 323, col 52 to line 323, col 58 of module carousel: 0
@!@!@ENDMSG 2221 @!@!@
@!@!@STARTMSG 2221:0 @!@!@
  line 323, col 61 to line 323, col 66 of module carousel: 0
@!@!@ENDMSG 2221 @!@!@
@!@!@STARTMSG 2221:0 @!@!@
  line 323, col 69 to line 323, col 71 of module carousel: 0
@!@!@ENDMSG 2221 @!@!@
@!@!@STARTMSG 2221:0 @!@!@
  line 323, col 74 to line 323, col 77 of module carousel: 0
@!@!@ENDMSG 2221 @!@!@
@!@!@STARTMSG 2221:0 @!@!@
  line 324, col 41 to line 324, col 49 of module carousel: 0
@!@!@ENDMSG 2221 @!@!@
@!@!@STARTMSG 2221:0 @!@!@
  line 324, col 52 to line 324, col 62 of module carousel: 0
@!@!@ENDMSG 2221 @!@!@
@!@!@STARTMSG 2221:0 @!@!@
  line 324, col 65 to line 324, col 69 of module carousel: 0
@!@!@ENDMSG 2221 @!@!@
@!@!@STARTMSG 2221:0 @!@!@
  line 325, col 41 to line 325, col 48 of module carousel: 0
@!@!@ENDMSG 2221 @!@!@
@!@!@STARTMSG 2221:0 @!@!@
  line 325, col 51 to line 325, col 62 of module carousel: 0
@!@!@ENDMSG 2221 @!@!@
@!@!@STARTMSG 2221:0 @!@!@
  line 325, col 65 to line 325, col 70 of module carousel: 0
@!@!@ENDMSG 2221 @!@!@
@!@!@STARTMSG 2221:0 @!@!@
  line 326, col 41 to line 326, col 49 of module carousel: 0
@!@!@ENDMSG 2221 @!@!@
@!@!@STARTMSG 2221:0 @!@!@
  line 326, col 52 to line 326, col 54 of module carousel: 0
@!@!@ENDMSG 2221 @!@!@
@!@!@STARTMSG 2221:0 @!@!@
  line 326, col 57 to line 326, col 60 of module carousel: 0
@!@!@ENDMSG 2221 @!@!@
@!@!@STARTMSG 2221:0 @!@!@
  line 326, col 63 to line 326, col 66 of module carousel: 0
@!@!@ENDMSG 2221 @!@!@
@!@!@STARTMSG 2221:0 @!@!@
  line 326, col 69 to line 326, col 75 of module carousel: 0
@!@!@ENDMSG 2221 @!@!@
@!@!@STARTMSG 2221:0 @!@!@
  line 327, col 41 to line 327, col 47 of module carousel: 0
@!@!@ENDMSG 2221 @!@!@
@!@!@STARTMSG 2202:0 @!@!@
End of statistics.
@!@!@ENDMSG 2202 @!@!@
@!@!@STARTMSG 2200:0 @!@!@
Progress(9) at 2018-11-30 08:15:02: 597 states generated (63,510 s/min), 362 distinct states found (38,510 ds/min), 45 states left on queue.
@!@!@ENDMSG 2200 @!@!@
@!@!@STARTMSG 2199:0 @!@!@
597 states generated, 362 distinct states found, 45 states left on queue.
@!@!@ENDMSG 2199 @!@!@
@!@!@STARTMSG 2194:0 @!@!@
The depth of the complete state graph search is 9.
@!@!@ENDMSG 2194 @!@!@
@!@!@STARTMSG 2268:0 @!@!@
The average outdegree of the complete state graph is 1 (minimum is 0, the maximum 6 and the 95th percentile is 3).
@!@!@ENDMSG 2268 @!@!@
@!@!@STARTMSG 2186:0 @!@!@
Finished in 854ms at (2018-11-30 08:15:02)
@!@!@ENDMSG 2186 @!@!@
