@!@!@STARTMSG 2262:0 @!@!@
TLC2 Version 2.13 of 18 July 2018
@!@!@ENDMSG 2262 @!@!@
@!@!@STARTMSG 2187:0 @!@!@
Running breadth-first search Model-Checking with seed -8623635894735479943 with 4 workers on 8 cores with 1318MB heap and 2633MB offheap memory (Linux 4.15.0-39-generic amd64, Oracle Corporation 10.0.2 x86_64).
@!@!@ENDMSG 2187 @!@!@
@!@!@STARTMSG 2220:0 @!@!@
Starting SANY...
@!@!@ENDMSG 2220 @!@!@
Parsing file /home/dzklavier/carousel-specs/carousel.toolbox/Model_9/MC.tla
Parsing file /home/dzklavier/carousel-specs/carousel.toolbox/Model_9/carousel.tla
Parsing file /home/dzklavier/Downloads/toolbox/plugins/org.lamport.tlatools_1.0.0.201807180447/tla2sany/StandardModules/TLC.tla
Parsing file /home/dzklavier/Downloads/toolbox/plugins/org.lamport.tlatools_1.0.0.201807180447/tla2sany/StandardModules/Naturals.tla
Parsing file /home/dzklavier/Downloads/toolbox/plugins/org.lamport.tlatools_1.0.0.201807180447/tla2sany/StandardModules/FiniteSets.tla
Parsing file /home/dzklavier/Downloads/toolbox/plugins/org.lamport.tlatools_1.0.0.201807180447/tla2sany/StandardModules/Sequences.tla
Semantic processing of module Naturals
Semantic processing of module Sequences
Semantic processing of module FiniteSets
Semantic processing of module TLC
Semantic processing of module carousel
Semantic processing of module MC
@!@!@STARTMSG 2219:0 @!@!@
SANY finished.
@!@!@ENDMSG 2219 @!@!@
@!@!@STARTMSG 2185:0 @!@!@
Starting... (2018-11-30 08:33:15)
@!@!@ENDMSG 2185 @!@!@
@!@!@STARTMSG 2189:0 @!@!@
Computing initial states...
@!@!@ENDMSG 2189 @!@!@
@!@!@STARTMSG 2190:0 @!@!@
Finished computing initial states: 1 distinct state generated.
@!@!@ENDMSG 2190 @!@!@
@!@!@STARTMSG 2114:1 @!@!@
Deadlock reached.
@!@!@ENDMSG 2114 @!@!@
@!@!@STARTMSG 2121:1 @!@!@
The behavior up to this point is:
@!@!@ENDMSG 2121 @!@!@
@!@!@STARTMSG 2217:4 @!@!@
1: <Initial predicate>
/\ node = <<defaultInitValue, defaultInitValue>>
/\ serverStatus = <<defaultInitValue, defaultInitValue>>
/\ msg = <<defaultInitValue, defaultInitValue>>
/\ channels = <<<<>>, <<>>>>
/\ incomingMsg = <<defaultInitValue, defaultInitValue>>
/\ subsets = <<{{1}, {2}, {1, 2}}, {{1}, {2}, {1, 2}}>>
/\ expectedResponses = <<0, 0>>
/\ pc = <<"sendClientMessages_", "sendClientMessages_">>
/\ msgId = <<defaultInitValue, defaultInitValue>>
/\ clientId = <<defaultInitValue, defaultInitValue>>
/\ msg_ = <<defaultInitValue, defaultInitValue>>
/\ serverStatus_ = <<defaultInitValue, defaultInitValue>>
/\ inMsg = <<defaultInitValue, defaultInitValue>>
/\ inChannels = <<<<>>, <<>>>>
/\ IDSet = <<1, 2, 3, 4, 5, 6, 7, 8>>
/\ server = <<defaultInitValue, defaultInitValue>>
/\ received = <<0, 0>>
/\ sent = <<0, 0>>
/\ id = <<defaultInitValue, defaultInitValue>>
/\ client_ = <<defaultInitValue, defaultInitValue>>
/\ serverSet = <<defaultInitValue, defaultInitValue>>
/\ id_ = <<defaultInitValue, defaultInitValue>>
/\ client = <<defaultInitValue, defaultInitValue>>
/\ serverMsg = <<defaultInitValue, defaultInitValue>>
/\ status = <<"Init", "Init">>
/\ message = <<"", "">>
/\ stack = <<<<>>, <<>>>>
/\ head = <<defaultInitValue, defaultInitValue>>

@!@!@ENDMSG 2217 @!@!@
@!@!@STARTMSG 2217:4 @!@!@
2: <sendClientMessages_ line 282, col 30 to line 300, col 77 of module carousel>
/\ node = <<defaultInitValue, defaultInitValue>>
/\ serverStatus = <<defaultInitValue, defaultInitValue>>
/\ msg = <<defaultInitValue, defaultInitValue>>
/\ channels = <<<<>>, <<>>>>
/\ incomingMsg = <<defaultInitValue, defaultInitValue>>
/\ subsets = <<{{1}, {2}, {1, 2}}, {{1}, {2}, {1, 2}}>>
/\ expectedResponses = <<0, 0>>
/\ pc = <<"GetID", "sendClientMessages_">>
/\ msgId = <<defaultInitValue, defaultInitValue>>
/\ clientId = <<defaultInitValue, defaultInitValue>>
/\ msg_ = <<defaultInitValue, defaultInitValue>>
/\ serverStatus_ = <<defaultInitValue, defaultInitValue>>
/\ inMsg = <<defaultInitValue, defaultInitValue>>
/\ inChannels = <<<<>>, <<>>>>
/\ IDSet = <<1, 2, 3, 4, 5, 6, 7, 8>>
/\ server = <<defaultInitValue, defaultInitValue>>
/\ received = <<0, 0>>
/\ sent = <<0, 0>>
/\ id = <<defaultInitValue, defaultInitValue>>
/\ client_ = <<defaultInitValue, defaultInitValue>>
/\ serverSet = <<{1, 2}, defaultInitValue>>
/\ id_ = <<defaultInitValue, defaultInitValue>>
/\ client = <<1, defaultInitValue>>
/\ serverMsg = <<defaultInitValue, defaultInitValue>>
/\ status = <<"Init", "Init">>
/\ message = <<"", "">>
/\ stack = <<<<[pc |-> "Done", client |-> defaultInitValue, serverSet |-> defaultInitValue, id_ |-> defaultInitValue, procedure |-> "sendClientMessagesToServers"]>>, <<>>>>
/\ head = <<defaultInitValue, defaultInitValue>>

@!@!@ENDMSG 2217 @!@!@
@!@!@STARTMSG 2217:4 @!@!@
3: <GetID line 243, col 16 to line 253, col 72 of module carousel>
/\ node = <<defaultInitValue, defaultInitValue>>
/\ serverStatus = <<defaultInitValue, defaultInitValue>>
/\ msg = <<defaultInitValue, defaultInitValue>>
/\ channels = <<<<>>, <<>>>>
/\ incomingMsg = <<defaultInitValue, defaultInitValue>>
/\ subsets = <<{{1}, {2}, {1, 2}}, {{1}, {2}, {1, 2}}>>
/\ expectedResponses = <<2, 0>>
/\ pc = <<"SendMessages", "sendClientMessages_">>
/\ msgId = <<defaultInitValue, defaultInitValue>>
/\ clientId = <<defaultInitValue, defaultInitValue>>
/\ msg_ = <<defaultInitValue, defaultInitValue>>
/\ serverStatus_ = <<defaultInitValue, defaultInitValue>>
/\ inMsg = <<defaultInitValue, defaultInitValue>>
/\ inChannels = <<<<>>, <<>>>>
/\ IDSet = <<2, 3, 4, 5, 6, 7, 8>>
/\ server = <<defaultInitValue, defaultInitValue>>
/\ received = <<0, 0>>
/\ sent = <<0, 0>>
/\ id = <<defaultInitValue, defaultInitValue>>
/\ client_ = <<defaultInitValue, defaultInitValue>>
/\ serverSet = <<{1, 2}, defaultInitValue>>
/\ id_ = <<1, defaultInitValue>>
/\ client = <<1, defaultInitValue>>
/\ serverMsg = <<defaultInitValue, defaultInitValue>>
/\ status = <<"Init", "Init">>
/\ message = <<"", "">>
/\ stack = <<<<[pc |-> "Done", client |-> defaultInitValue, serverSet |-> defaultInitValue, id_ |-> defaultInitValue, procedure |-> "sendClientMessagesToServers"]>>, <<>>>>
/\ head = <<defaultInitValue, defaultInitValue>>

@!@!@ENDMSG 2217 @!@!@
@!@!@STARTMSG 2217:4 @!@!@
4: <SendMessages line 255, col 23 to line 278, col 79 of module carousel>
/\ node = <<defaultInitValue, defaultInitValue>>
/\ serverStatus = <<defaultInitValue, defaultInitValue>>
/\ msg = <<defaultInitValue, defaultInitValue>>
/\ channels = <<<<>>, <<>>>>
/\ incomingMsg = <<defaultInitValue, defaultInitValue>>
/\ subsets = <<{{1}, {2}, {1, 2}}, {{1}, {2}, {1, 2}}>>
/\ expectedResponses = <<2, 0>>
/\ pc = <<"P1_", "sendClientMessages_">>
/\ msgId = <<defaultInitValue, defaultInitValue>>
/\ clientId = <<defaultInitValue, defaultInitValue>>
/\ msg_ = <<defaultInitValue, defaultInitValue>>
/\ serverStatus_ = <<defaultInitValue, defaultInitValue>>
/\ inMsg = <<defaultInitValue, defaultInitValue>>
/\ inChannels = <<<<>>, <<>>>>
/\ IDSet = <<2, 3, 4, 5, 6, 7, 8>>
/\ server = <<1, defaultInitValue>>
/\ received = <<0, 0>>
/\ sent = <<0, 0>>
/\ id = <<1, defaultInitValue>>
/\ client_ = <<1, defaultInitValue>>
/\ serverSet = <<{2}, defaultInitValue>>
/\ id_ = <<1, defaultInitValue>>
/\ client = <<1, defaultInitValue>>
/\ serverMsg = <<defaultInitValue, defaultInitValue>>
/\ status = <<"Init", "Init">>
/\ message = <<"", "">>
/\ stack = <<<<[pc |-> "SendMessages", id |-> defaultInitValue, client_ |-> defaultInitValue, server |-> defaultInitValue, msg |-> defaultInitValue, procedure |-> "sendClientMessage"], [pc |-> "Done", client |-> defaultInitValue, serverSet |-> defaultInitValue, id_ |-> defaultInitValue, procedure |-> "sendClientMessagesToServers"]>>, <<>>>>
/\ head = <<defaultInitValue, defaultInitValue>>

@!@!@ENDMSG 2217 @!@!@
@!@!@STARTMSG 2217:4 @!@!@
5: <P1_ line 211, col 14 to line 220, col 70 of module carousel>
/\ node = <<defaultInitValue, defaultInitValue>>
/\ serverStatus = <<defaultInitValue, defaultInitValue>>
/\ msg = <<[id |-> 1, client |-> 1], defaultInitValue>>
/\ channels = <<<<[id |-> 1, client |-> 1]>>, <<>>>>
/\ incomingMsg = <<defaultInitValue, defaultInitValue>>
/\ subsets = <<{{1}, {2}, {1, 2}}, {{1}, {2}, {1, 2}}>>
/\ expectedResponses = <<2, 0>>
/\ pc = <<"Error", "sendClientMessages_">>
/\ msgId = <<defaultInitValue, defaultInitValue>>
/\ clientId = <<defaultInitValue, defaultInitValue>>
/\ msg_ = <<defaultInitValue, defaultInitValue>>
/\ serverStatus_ = <<defaultInitValue, defaultInitValue>>
/\ inMsg = <<defaultInitValue, defaultInitValue>>
/\ inChannels = <<<<>>, <<>>>>
/\ IDSet = <<2, 3, 4, 5, 6, 7, 8>>
/\ server = <<1, defaultInitValue>>
/\ received = <<0, 0>>
/\ sent = <<1, 0>>
/\ id = <<1, defaultInitValue>>
/\ client_ = <<1, defaultInitValue>>
/\ serverSet = <<{2}, defaultInitValue>>
/\ id_ = <<1, defaultInitValue>>
/\ client = <<1, defaultInitValue>>
/\ serverMsg = <<defaultInitValue, defaultInitValue>>
/\ status = <<"Init", "Init">>
/\ message = <<"", "">>
/\ stack = <<<<[pc |-> "SendMessages", id |-> defaultInitValue, client_ |-> defaultInitValue, server |-> defaultInitValue, msg |-> defaultInitValue, procedure |-> "sendClientMessage"], [pc |-> "Done", client |-> defaultInitValue, serverSet |-> defaultInitValue, id_ |-> defaultInitValue, procedure |-> "sendClientMessagesToServers"]>>, <<>>>>
/\ head = <<defaultInitValue, defaultInitValue>>

@!@!@ENDMSG 2217 @!@!@
@!@!@STARTMSG 2217:4 @!@!@
6: <sendClientMessages_ line 282, col 30 to line 300, col 77 of module carousel>
/\ node = <<defaultInitValue, defaultInitValue>>
/\ serverStatus = <<defaultInitValue, defaultInitValue>>
/\ msg = <<[id |-> 1, client |-> 1], defaultInitValue>>
/\ channels = <<<<[id |-> 1, client |-> 1]>>, <<>>>>
/\ incomingMsg = <<defaultInitValue, defaultInitValue>>
/\ subsets = <<{{1}, {2}, {1, 2}}, {{1}, {2}, {1, 2}}>>
/\ expectedResponses = <<2, 0>>
/\ pc = <<"Error", "GetID">>
/\ msgId = <<defaultInitValue, defaultInitValue>>
/\ clientId = <<defaultInitValue, defaultInitValue>>
/\ msg_ = <<defaultInitValue, defaultInitValue>>
/\ serverStatus_ = <<defaultInitValue, defaultInitValue>>
/\ inMsg = <<defaultInitValue, defaultInitValue>>
/\ inChannels = <<<<>>, <<>>>>
/\ IDSet = <<2, 3, 4, 5, 6, 7, 8>>
/\ server = <<1, defaultInitValue>>
/\ received = <<0, 0>>
/\ sent = <<1, 0>>
/\ id = <<1, defaultInitValue>>
/\ client_ = <<1, defaultInitValue>>
/\ serverSet = <<{2}, {1}>>
/\ id_ = <<1, defaultInitValue>>
/\ client = <<1, 2>>
/\ serverMsg = <<defaultInitValue, defaultInitValue>>
/\ status = <<"Init", "Init">>
/\ message = <<"", "">>
/\ stack = <<<<[pc |-> "SendMessages", id |-> defaultInitValue, client_ |-> defaultInitValue, server |-> defaultInitValue, msg |-> defaultInitValue, procedure |-> "sendClientMessage"], [pc |-> "Done", client |-> defaultInitValue, serverSet |-> defaultInitValue, id_ |-> defaultInitValue, procedure |-> "sendClientMessagesToServers"]>>, <<[pc |-> "Done", client |-> defaultInitValue, serverSet |-> defaultInitValue, id_ |-> defaultInitValue, procedure |-> "sendClientMessagesToServers"]>>>>
/\ head = <<defaultInitValue, defaultInitValue>>

@!@!@ENDMSG 2217 @!@!@
@!@!@STARTMSG 2217:4 @!@!@
7: <GetID line 243, col 16 to line 253, col 72 of module carousel>
/\ node = <<defaultInitValue, defaultInitValue>>
/\ serverStatus = <<defaultInitValue, defaultInitValue>>
/\ msg = <<[id |-> 1, client |-> 1], defaultInitValue>>
/\ channels = <<<<[id |-> 1, client |-> 1]>>, <<>>>>
/\ incomingMsg = <<defaultInitValue, defaultInitValue>>
/\ subsets = <<{{1}, {2}, {1, 2}}, {{1}, {2}, {1, 2}}>>
/\ expectedResponses = <<2, 1>>
/\ pc = <<"Error", "SendMessages">>
/\ msgId = <<defaultInitValue, defaultInitValue>>
/\ clientId = <<defaultInitValue, defaultInitValue>>
/\ msg_ = <<defaultInitValue, defaultInitValue>>
/\ serverStatus_ = <<defaultInitValue, defaultInitValue>>
/\ inMsg = <<defaultInitValue, defaultInitValue>>
/\ inChannels = <<<<>>, <<>>>>
/\ IDSet = <<3, 4, 5, 6, 7, 8>>
/\ server = <<1, defaultInitValue>>
/\ received = <<0, 0>>
/\ sent = <<1, 0>>
/\ id = <<1, defaultInitValue>>
/\ client_ = <<1, defaultInitValue>>
/\ serverSet = <<{2}, {1}>>
/\ id_ = <<1, 2>>
/\ client = <<1, 2>>
/\ serverMsg = <<defaultInitValue, defaultInitValue>>
/\ status = <<"Init", "Init">>
/\ message = <<"", "">>
/\ stack = <<<<[pc |-> "SendMessages", id |-> defaultInitValue, client_ |-> defaultInitValue, server |-> defaultInitValue, msg |-> defaultInitValue, procedure |-> "sendClientMessage"], [pc |-> "Done", client |-> defaultInitValue, serverSet |-> defaultInitValue, id_ |-> defaultInitValue, procedure |-> "sendClientMessagesToServers"]>>, <<[pc |-> "Done", client |-> defaultInitValue, serverSet |-> defaultInitValue, id_ |-> defaultInitValue, procedure |-> "sendClientMessagesToServers"]>>>>
/\ head = <<defaultInitValue, defaultInitValue>>

@!@!@ENDMSG 2217 @!@!@
@!@!@STARTMSG 2217:4 @!@!@
8: <SendMessages line 255, col 23 to line 278, col 79 of module carousel>
/\ node = <<defaultInitValue, defaultInitValue>>
/\ serverStatus = <<defaultInitValue, defaultInitValue>>
/\ msg = <<[id |-> 1, client |-> 1], defaultInitValue>>
/\ channels = <<<<[id |-> 1, client |-> 1]>>, <<>>>>
/\ incomingMsg = <<defaultInitValue, defaultInitValue>>
/\ subsets = <<{{1}, {2}, {1, 2}}, {{1}, {2}, {1, 2}}>>
/\ expectedResponses = <<2, 1>>
/\ pc = <<"Error", "P1_">>
/\ msgId = <<defaultInitValue, defaultInitValue>>
/\ clientId = <<defaultInitValue, defaultInitValue>>
/\ msg_ = <<defaultInitValue, defaultInitValue>>
/\ serverStatus_ = <<defaultInitValue, defaultInitValue>>
/\ inMsg = <<defaultInitValue, defaultInitValue>>
/\ inChannels = <<<<>>, <<>>>>
/\ IDSet = <<3, 4, 5, 6, 7, 8>>
/\ server = <<1, 1>>
/\ received = <<0, 0>>
/\ sent = <<1, 0>>
/\ id = <<1, 2>>
/\ client_ = <<1, 2>>
/\ serverSet = <<{2}, {}>>
/\ id_ = <<1, 2>>
/\ client = <<1, 2>>
/\ serverMsg = <<defaultInitValue, defaultInitValue>>
/\ status = <<"Init", "Init">>
/\ message = <<"", "">>
/\ stack = <<<<[pc |-> "SendMessages", id |-> defaultInitValue, client_ |-> defaultInitValue, server |-> defaultInitValue, msg |-> defaultInitValue, procedure |-> "sendClientMessage"], [pc |-> "Done", client |-> defaultInitValue, serverSet |-> defaultInitValue, id_ |-> defaultInitValue, procedure |-> "sendClientMessagesToServers"]>>, <<[pc |-> "SendMessages", id |-> defaultInitValue, client_ |-> defaultInitValue, server |-> defaultInitValue, msg |-> defaultInitValue, procedure |-> "sendClientMessage"], [pc |-> "Done", client |-> defaultInitValue, serverSet |-> defaultInitValue, id_ |-> defaultInitValue, procedure |-> "sendClientMessagesToServers"]>>>>
/\ head = <<defaultInitValue, defaultInitValue>>

@!@!@ENDMSG 2217 @!@!@
@!@!@STARTMSG 2217:4 @!@!@
9: <P1_ line 211, col 14 to line 220, col 70 of module carousel>
/\ node = <<defaultInitValue, defaultInitValue>>
/\ serverStatus = <<defaultInitValue, defaultInitValue>>
/\ msg = <<[id |-> 1, client |-> 1], [id |-> 2, client |-> 2]>>
/\ channels = <<<<[id |-> 1, client |-> 1], [id |-> 2, client |-> 2]>>, <<>>>>
/\ incomingMsg = <<defaultInitValue, defaultInitValue>>
/\ subsets = <<{{1}, {2}, {1, 2}}, {{1}, {2}, {1, 2}}>>
/\ expectedResponses = <<2, 1>>
/\ pc = <<"Error", "Error">>
/\ msgId = <<defaultInitValue, defaultInitValue>>
/\ clientId = <<defaultInitValue, defaultInitValue>>
/\ msg_ = <<defaultInitValue, defaultInitValue>>
/\ serverStatus_ = <<defaultInitValue, defaultInitValue>>
/\ inMsg = <<defaultInitValue, defaultInitValue>>
/\ inChannels = <<<<>>, <<>>>>
/\ IDSet = <<3, 4, 5, 6, 7, 8>>
/\ server = <<1, 1>>
/\ received = <<0, 0>>
/\ sent = <<2, 0>>
/\ id = <<1, 2>>
/\ client_ = <<1, 2>>
/\ serverSet = <<{2}, {}>>
/\ id_ = <<1, 2>>
/\ client = <<1, 2>>
/\ serverMsg = <<defaultInitValue, defaultInitValue>>
/\ status = <<"Init", "Init">>
/\ message = <<"", "">>
/\ stack = <<<<[pc |-> "SendMessages", id |-> defaultInitValue, client_ |-> defaultInitValue, server |-> defaultInitValue, msg |-> defaultInitValue, procedure |-> "sendClientMessage"], [pc |-> "Done", client |-> defaultInitValue, serverSet |-> defaultInitValue, id_ |-> defaultInitValue, procedure |-> "sendClientMessagesToServers"]>>, <<[pc |-> "SendMessages", id |-> defaultInitValue, client_ |-> defaultInitValue, server |-> defaultInitValue, msg |-> defaultInitValue, procedure |-> "sendClientMessage"], [pc |-> "Done", client |-> defaultInitValue, serverSet |-> defaultInitValue, id_ |-> defaultInitValue, procedure |-> "sendClientMessagesToServers"]>>>>
/\ head = <<defaultInitValue, defaultInitValue>>

@!@!@ENDMSG 2217 @!@!@
@!@!@STARTMSG 2201:0 @!@!@
The coverage statistics at 2018-11-30 08:33:15
@!@!@ENDMSG 2201 @!@!@
@!@!@STARTMSG 2221:0 @!@!@
  line 212, col 17 to line 212, col 89 of module carousel: 208
@!@!@ENDMSG 2221 @!@!@
@!@!@STARTMSG 2221:0 @!@!@
  line 213, col 17 to line 213, col 108 of module carousel: 208
@!@!@ENDMSG 2221 @!@!@
@!@!@STARTMSG 2221:0 @!@!@
  line 214, col 17 to line 214, col 78 of module carousel: 208
@!@!@ENDMSG 2221 @!@!@
@!@!@STARTMSG 2221:0 @!@!@
  line 215, col 17 to line 215, col 51 of module carousel: 208
@!@!@ENDMSG 2221 @!@!@
@!@!@STARTMSG 2221:0 @!@!@
  line 216, col 30 to line 216, col 34 of module carousel: 208
@!@!@ENDMSG 2221 @!@!@
@!@!@STARTMSG 2221:0 @!@!@
  line 216, col 37 to line 216, col 42 of module carousel: 208
@!@!@ENDMSG 2221 @!@!@
@!@!@STARTMSG 2221:0 @!@!@
  line 216, col 45 to line 216, col 52 of module carousel: 208
@!@!@ENDMSG 2221 @!@!@
@!@!@STARTMSG 2221:0 @!@!@
  line 216, col 55 to line 216, col 64 of module carousel: 208
@!@!@ENDMSG 2221 @!@!@
@!@!@STARTMSG 2221:0 @!@!@
  line 217, col 30 to line 217, col 46 of module carousel: 208
@!@!@ENDMSG 2221 @!@!@
@!@!@STARTMSG 2221:0 @!@!@
  line 217, col 49 to line 217, col 53 of module carousel: 208
@!@!@ENDMSG 2221 @!@!@
@!@!@STARTMSG 2221:0 @!@!@
  line 217, col 56 to line 217, col 57 of module carousel: 208
@!@!@ENDMSG 2221 @!@!@
@!@!@STARTMSG 2221:0 @!@!@
  line 217, col 60 to line 217, col 66 of module carousel: 208
@!@!@ENDMSG 2221 @!@!@
@!@!@STARTMSG 2221:0 @!@!@
  line 217, col 69 to line 217, col 74 of module carousel: 208
@!@!@ENDMSG 2221 @!@!@
@!@!@STARTMSG 2221:0 @!@!@
  line 218, col 30 to line 218, col 33 of module carousel: 208
@!@!@ENDMSG 2221 @!@!@
@!@!@STARTMSG 2221:0 @!@!@
  line 218, col 36 to line 218, col 44 of module carousel: 208
@!@!@ENDMSG 2221 @!@!@
@!@!@STARTMSG 2221:0 @!@!@
  line 218, col 47 to line 218, col 57 of module carousel: 208
@!@!@ENDMSG 2221 @!@!@
@!@!@STARTMSG 2221:0 @!@!@
  line 218, col 60 to line 218, col 64 of module carousel: 208
@!@!@ENDMSG 2221 @!@!@
@!@!@STARTMSG 2221:0 @!@!@
  line 218, col 67 to line 218, col 74 of module carousel: 208
@!@!@ENDMSG 2221 @!@!@
@!@!@STARTMSG 2221:0 @!@!@
  line 219, col 30 to line 219, col 41 of module carousel: 208
@!@!@ENDMSG 2221 @!@!@
@!@!@STARTMSG 2221:0 @!@!@
  line 219, col 44 to line 219, col 49 of module carousel: 208
@!@!@ENDMSG 2221 @!@!@
@!@!@STARTMSG 2221:0 @!@!@
  line 219, col 52 to line 219, col 60 of module carousel: 208
@!@!@ENDMSG 2221 @!@!@
@!@!@STARTMSG 2221:0 @!@!@
  line 219, col 63 to line 219, col 65 of module carousel: 208
@!@!@ENDMSG 2221 @!@!@
@!@!@STARTMSG 2221:0 @!@!@
  line 219, col 68 to line 219, col 71 of module carousel: 208
@!@!@ENDMSG 2221 @!@!@
@!@!@STARTMSG 2221:0 @!@!@
  line 219, col 74 to line 219, col 77 of module carousel: 208
@!@!@ENDMSG 2221 @!@!@
@!@!@STARTMSG 2221:0 @!@!@
  line 220, col 30 to line 220, col 36 of module carousel: 208
@!@!@ENDMSG 2221 @!@!@
@!@!@STARTMSG 2221:0 @!@!@
  line 220, col 39 to line 220, col 45 of module carousel: 208
@!@!@ENDMSG 2221 @!@!@
@!@!@STARTMSG 2221:0 @!@!@
  line 220, col 48 to line 220, col 52 of module carousel: 208
@!@!@ENDMSG 2221 @!@!@
@!@!@STARTMSG 2221:0 @!@!@
  line 220, col 55 to line 220, col 67 of module carousel: 208
@!@!@ENDMSG 2221 @!@!@
@!@!@STARTMSG 2221:0 @!@!@
  line 225, col 16 to line 225, col 89 of module carousel: 0
@!@!@ENDMSG 2221 @!@!@
@!@!@STARTMSG 2221:0 @!@!@
  line 226, col 16 to line 226, col 89 of module carousel: 0
@!@!@ENDMSG 2221 @!@!@
@!@!@STARTMSG 2221:0 @!@!@
  line 227, col 16 to line 227, col 70 of module carousel: 0
@!@!@ENDMSG 2221 @!@!@
@!@!@STARTMSG 2221:0 @!@!@
  line 228, col 16 to line 228, col 80 of module carousel: 0
@!@!@ENDMSG 2221 @!@!@
@!@!@STARTMSG 2221:0 @!@!@
  line 229, col 22 to line 229, col 80 of module carousel: 0
@!@!@ENDMSG 2221 @!@!@
@!@!@STARTMSG 2221:0 @!@!@
  line 230, col 22 to line 230, col 91 of module carousel: 0
@!@!@ENDMSG 2221 @!@!@
@!@!@STARTMSG 2221:0 @!@!@
  line 231, col 22 to line 231, col 82 of module carousel: 0
@!@!@ENDMSG 2221 @!@!@
@!@!@STARTMSG 2221:0 @!@!@
  line 232, col 22 to line 232, col 78 of module carousel: 0
@!@!@ENDMSG 2221 @!@!@
@!@!@STARTMSG 2221:0 @!@!@
  line 233, col 34 to line 233, col 39 of module carousel: 0
@!@!@ENDMSG 2221 @!@!@
@!@!@STARTMSG 2221:0 @!@!@
  line 233, col 42 to line 233, col 49 of module carousel: 0
@!@!@ENDMSG 2221 @!@!@
@!@!@STARTMSG 2221:0 @!@!@
  line 234, col 16 to line 234, col 116 of module carousel: 0
@!@!@ENDMSG 2221 @!@!@
@!@!@STARTMSG 2221:0 @!@!@
  line 235, col 16 to line 235, col 125 of module carousel: 0
@!@!@ENDMSG 2221 @!@!@
@!@!@STARTMSG 2221:0 @!@!@
  line 236, col 16 to line 236, col 50 of module carousel: 0
@!@!@ENDMSG 2221 @!@!@
@!@!@STARTMSG 2221:0 @!@!@
  line 237, col 29 to line 237, col 33 of module carousel: 0
@!@!@ENDMSG 2221 @!@!@
@!@!@STARTMSG 2221:0 @!@!@
  line 237, col 36 to line 237, col 39 of module carousel: 0
@!@!@ENDMSG 2221 @!@!@
@!@!@STARTMSG 2221:0 @!@!@
  line 237, col 42 to line 237, col 58 of module carousel: 0
@!@!@ENDMSG 2221 @!@!@
@!@!@STARTMSG 2221:0 @!@!@
  line 237, col 61 to line 237, col 65 of module carousel: 0
@!@!@ENDMSG 2221 @!@!@
@!@!@STARTMSG 2221:0 @!@!@
  line 237, col 68 to line 237, col 69 of module carousel: 0
@!@!@ENDMSG 2221 @!@!@
@!@!@STARTMSG 2221:0 @!@!@
  line 237, col 72 to line 237, col 78 of module carousel: 0
@!@!@ENDMSG 2221 @!@!@
@!@!@STARTMSG 2221:0 @!@!@
  line 238, col 29 to line 238, col 34 of module carousel: 0
@!@!@ENDMSG 2221 @!@!@
@!@!@STARTMSG 2221:0 @!@!@
  line 238, col 37 to line 238, col 39 of module carousel: 0
@!@!@ENDMSG 2221 @!@!@
@!@!@STARTMSG 2221:0 @!@!@
  line 238, col 42 to line 238, col 45 of module carousel: 0
@!@!@ENDMSG 2221 @!@!@
@!@!@STARTMSG 2221:0 @!@!@
  line 238, col 48 to line 238, col 53 of module carousel: 0
@!@!@ENDMSG 2221 @!@!@
@!@!@STARTMSG 2221:0 @!@!@
  line 238, col 56 to line 238, col 64 of module carousel: 0
@!@!@ENDMSG 2221 @!@!@
@!@!@STARTMSG 2221:0 @!@!@
  line 238, col 67 to line 238, col 69 of module carousel: 0
@!@!@ENDMSG 2221 @!@!@
@!@!@STARTMSG 2221:0 @!@!@
  line 238, col 72 to line 238, col 75 of module carousel: 0
@!@!@ENDMSG 2221 @!@!@
@!@!@STARTMSG 2221:0 @!@!@
  line 239, col 29 to line 239, col 32 of module carousel: 0
@!@!@ENDMSG 2221 @!@!@
@!@!@STARTMSG 2221:0 @!@!@
  line 239, col 35 to line 239, col 41 of module carousel: 0
@!@!@ENDMSG 2221 @!@!@
@!@!@STARTMSG 2221:0 @!@!@
  line 239, col 44 to line 239, col 50 of module carousel: 0
@!@!@ENDMSG 2221 @!@!@
@!@!@STARTMSG 2221:0 @!@!@
  line 239, col 53 to line 239, col 57 of module carousel: 0
@!@!@ENDMSG 2221 @!@!@
@!@!@STARTMSG 2221:0 @!@!@
  line 239, col 60 to line 239, col 72 of module carousel: 0
@!@!@ENDMSG 2221 @!@!@
@!@!@STARTMSG 2221:0 @!@!@
  line 245, col 19 to line 245, col 59 of module carousel: 90
@!@!@ENDMSG 2221 @!@!@
@!@!@STARTMSG 2221:0 @!@!@
  line 246, col 19 to line 246, col 38 of module carousel: 90
@!@!@ENDMSG 2221 @!@!@
@!@!@STARTMSG 2221:0 @!@!@
  line 247, col 19 to line 247, col 112 of module carousel: 90
@!@!@ENDMSG 2221 @!@!@
@!@!@STARTMSG 2221:0 @!@!@
  line 248, col 19 to line 248, col 60 of module carousel: 90
@!@!@ENDMSG 2221 @!@!@
@!@!@STARTMSG 2221:0 @!@!@
  line 249, col 32 to line 249, col 37 of module carousel: 90
@!@!@ENDMSG 2221 @!@!@
@!@!@STARTMSG 2221:0 @!@!@
  line 249, col 40 to line 249, col 43 of module carousel: 90
@!@!@ENDMSG 2221 @!@!@
@!@!@STARTMSG 2221:0 @!@!@
  line 249, col 46 to line 249, col 53 of module carousel: 90
@!@!@ENDMSG 2221 @!@!@
@!@!@STARTMSG 2221:0 @!@!@
  line 249, col 56 to line 249, col 63 of module carousel: 90
@!@!@ENDMSG 2221 @!@!@
@!@!@STARTMSG 2221:0 @!@!@
  line 249, col 66 to line 249, col 75 of module carousel: 90
@!@!@ENDMSG 2221 @!@!@
@!@!@STARTMSG 2221:0 @!@!@
  line 250, col 32 to line 250, col 36 of module carousel: 90
@!@!@ENDMSG 2221 @!@!@
@!@!@STARTMSG 2221:0 @!@!@
  line 250, col 39 to line 250, col 40 of module carousel: 90
@!@!@ENDMSG 2221 @!@!@
@!@!@STARTMSG 2221:0 @!@!@
  line 250, col 43 to line 250, col 49 of module carousel: 90
@!@!@ENDMSG 2221 @!@!@
@!@!@STARTMSG 2221:0 @!@!@
  line 250, col 52 to line 250, col 57 of module carousel: 90
@!@!@ENDMSG 2221 @!@!@
@!@!@STARTMSG 2221:0 @!@!@
  line 250, col 60 to line 250, col 62 of module carousel: 90
@!@!@ENDMSG 2221 @!@!@
@!@!@STARTMSG 2221:0 @!@!@
  line 250, col 65 to line 250, col 68 of module carousel: 90
@!@!@ENDMSG 2221 @!@!@
@!@!@STARTMSG 2221:0 @!@!@
  line 251, col 32 to line 251, col 40 of module carousel: 90
@!@!@ENDMSG 2221 @!@!@
@!@!@STARTMSG 2221:0 @!@!@
  line 251, col 43 to line 251, col 53 of module carousel: 90
@!@!@ENDMSG 2221 @!@!@
@!@!@STARTMSG 2221:0 @!@!@
  line 251, col 56 to line 251, col 60 of module carousel: 90
@!@!@ENDMSG 2221 @!@!@
@!@!@STARTMSG 2221:0 @!@!@
  line 251, col 63 to line 251, col 70 of module carousel: 90
@!@!@ENDMSG 2221 @!@!@
@!@!@STARTMSG 2221:0 @!@!@
  line 252, col 32 to line 252, col 43 of module carousel: 90
@!@!@ENDMSG 2221 @!@!@
@!@!@STARTMSG 2221:0 @!@!@
  line 252, col 46 to line 252, col 51 of module carousel: 90
@!@!@ENDMSG 2221 @!@!@
@!@!@STARTMSG 2221:0 @!@!@
  line 252, col 54 to line 252, col 62 of module carousel: 90
@!@!@ENDMSG 2221 @!@!@
@!@!@STARTMSG 2221:0 @!@!@
  line 252, col 65 to line 252, col 68 of module carousel: 90
@!@!@ENDMSG 2221 @!@!@
@!@!@STARTMSG 2221:0 @!@!@
  line 252, col 71 to line 252, col 74 of module carousel: 90
@!@!@ENDMSG 2221 @!@!@
@!@!@STARTMSG 2221:0 @!@!@
  line 253, col 32 to line 253, col 38 of module carousel: 90
@!@!@ENDMSG 2221 @!@!@
@!@!@STARTMSG 2221:0 @!@!@
  line 253, col 41 to line 253, col 47 of module carousel: 90
@!@!@ENDMSG 2221 @!@!@
@!@!@STARTMSG 2221:0 @!@!@
  line 253, col 50 to line 253, col 54 of module carousel: 90
@!@!@ENDMSG 2221 @!@!@
@!@!@STARTMSG 2221:0 @!@!@
  line 253, col 57 to line 253, col 69 of module carousel: 90
@!@!@ENDMSG 2221 @!@!@
@!@!@STARTMSG 2221:0 @!@!@
  line 258, col 42 to line 258, col 117 of module carousel: 208
@!@!@ENDMSG 2221 @!@!@
@!@!@STARTMSG 2221:0 @!@!@
  line 259, col 45 to line 259, col 94 of module carousel: 208
@!@!@ENDMSG 2221 @!@!@
@!@!@STARTMSG 2221:0 @!@!@
  line 260, col 45 to line 260, col 81 of module carousel: 208
@!@!@ENDMSG 2221 @!@!@
@!@!@STARTMSG 2221:0 @!@!@
  line 261, col 45 to line 261, col 94 of module carousel: 208
@!@!@ENDMSG 2221 @!@!@
@!@!@STARTMSG 2221:0 @!@!@
  line 262, col 45 to line 268, col 93 of module carousel: 208
@!@!@ENDMSG 2221 @!@!@
@!@!@STARTMSG 2221:0 @!@!@
  line 269, col 42 to line 269, col 87 of module carousel: 208
@!@!@ENDMSG 2221 @!@!@
@!@!@STARTMSG 2221:0 @!@!@
  line 270, col 42 to line 270, col 74 of module carousel: 208
@!@!@ENDMSG 2221 @!@!@
@!@!@STARTMSG 2221:0 @!@!@
  line 271, col 37 to line 271, col 71 of module carousel: 0
@!@!@ENDMSG 2221 @!@!@
@!@!@STARTMSG 2221:0 @!@!@
  line 272, col 50 to line 272, col 54 of module carousel: 0
@!@!@ENDMSG 2221 @!@!@
@!@!@STARTMSG 2221:0 @!@!@
  line 272, col 57 to line 272, col 58 of module carousel: 0
@!@!@ENDMSG 2221 @!@!@
@!@!@STARTMSG 2221:0 @!@!@
  line 272, col 61 to line 272, col 67 of module carousel: 0
@!@!@ENDMSG 2221 @!@!@
@!@!@STARTMSG 2221:0 @!@!@
  line 272, col 70 to line 272, col 75 of module carousel: 0
@!@!@ENDMSG 2221 @!@!@
@!@!@STARTMSG 2221:0 @!@!@
  line 273, col 50 to line 273, col 52 of module carousel: 0
@!@!@ENDMSG 2221 @!@!@
@!@!@STARTMSG 2221:0 @!@!@
  line 273, col 55 to line 273, col 63 of module carousel: 0
@!@!@ENDMSG 2221 @!@!@
@!@!@STARTMSG 2221:0 @!@!@
  line 274, col 39 to line 274, col 43 of module carousel: 208
@!@!@ENDMSG 2221 @!@!@
@!@!@STARTMSG 2221:0 @!@!@
  line 274, col 46 to line 274, col 51 of module carousel: 208
@!@!@ENDMSG 2221 @!@!@
@!@!@STARTMSG 2221:0 @!@!@
  line 274, col 54 to line 274, col 57 of module carousel: 208
@!@!@ENDMSG 2221 @!@!@
@!@!@STARTMSG 2221:0 @!@!@
  line 274, col 60 to line 274, col 67 of module carousel: 208
@!@!@ENDMSG 2221 @!@!@
@!@!@STARTMSG 2221:0 @!@!@
  line 274, col 70 to line 274, col 77 of module carousel: 208
@!@!@ENDMSG 2221 @!@!@
@!@!@STARTMSG 2221:0 @!@!@
  line 275, col 39 to line 275, col 48 of module carousel: 208
@!@!@ENDMSG 2221 @!@!@
@!@!@STARTMSG 2221:0 @!@!@
  line 275, col 51 to line 275, col 67 of module carousel: 208
@!@!@ENDMSG 2221 @!@!@
@!@!@STARTMSG 2221:0 @!@!@
  line 275, col 70 to line 275, col 73 of module carousel: 208
@!@!@ENDMSG 2221 @!@!@
@!@!@STARTMSG 2221:0 @!@!@
  line 276, col 39 to line 276, col 47 of module carousel: 208
@!@!@ENDMSG 2221 @!@!@
@!@!@STARTMSG 2221:0 @!@!@
  line 276, col 50 to line 276, col 60 of module carousel: 208
@!@!@ENDMSG 2221 @!@!@
@!@!@STARTMSG 2221:0 @!@!@
  line 276, col 63 to line 276, col 67 of module carousel: 208
@!@!@ENDMSG 2221 @!@!@
@!@!@STARTMSG 2221:0 @!@!@
  line 276, col 70 to line 276, col 77 of module carousel: 208
@!@!@ENDMSG 2221 @!@!@
@!@!@STARTMSG 2221:0 @!@!@
  line 277, col 39 to line 277, col 50 of module carousel: 208
@!@!@ENDMSG 2221 @!@!@
@!@!@STARTMSG 2221:0 @!@!@
  line 277, col 53 to line 277, col 58 of module carousel: 208
@!@!@ENDMSG 2221 @!@!@
@!@!@STARTMSG 2221:0 @!@!@
  line 277, col 61 to line 277, col 63 of module carousel: 208
@!@!@ENDMSG 2221 @!@!@
@!@!@STARTMSG 2221:0 @!@!@
  line 277, col 66 to line 277, col 69 of module carousel: 208
@!@!@ENDMSG 2221 @!@!@
@!@!@STARTMSG 2221:0 @!@!@
  line 277, col 72 to line 277, col 75 of module carousel: 208
@!@!@ENDMSG 2221 @!@!@
@!@!@STARTMSG 2221:0 @!@!@
  line 278, col 39 to line 278, col 45 of module carousel: 208
@!@!@ENDMSG 2221 @!@!@
@!@!@STARTMSG 2221:0 @!@!@
  line 278, col 48 to line 278, col 54 of module carousel: 208
@!@!@ENDMSG 2221 @!@!@
@!@!@STARTMSG 2221:0 @!@!@
  line 278, col 57 to line 278, col 61 of module carousel: 208
@!@!@ENDMSG 2221 @!@!@
@!@!@STARTMSG 2221:0 @!@!@
  line 278, col 64 to line 278, col 76 of module carousel: 208
@!@!@ENDMSG 2221 @!@!@
@!@!@STARTMSG 2221:0 @!@!@
  line 284, col 41 to line 284, col 80 of module carousel: 90
@!@!@ENDMSG 2221 @!@!@
@!@!@STARTMSG 2221:0 @!@!@
  line 285, col 41 to line 285, col 91 of module carousel: 90
@!@!@ENDMSG 2221 @!@!@
@!@!@STARTMSG 2221:0 @!@!@
  line 286, col 41 to line 291, col 89 of module carousel: 90
@!@!@ENDMSG 2221 @!@!@
@!@!@STARTMSG 2221:0 @!@!@
  line 292, col 38 to line 292, col 83 of module carousel: 90
@!@!@ENDMSG 2221 @!@!@
@!@!@STARTMSG 2221:0 @!@!@
  line 293, col 38 to line 293, col 72 of module carousel: 90
@!@!@ENDMSG 2221 @!@!@
@!@!@STARTMSG 2221:0 @!@!@
  line 294, col 46 to line 294, col 50 of module carousel: 90
@!@!@ENDMSG 2221 @!@!@
@!@!@STARTMSG 2221:0 @!@!@
  line 294, col 53 to line 294, col 58 of module carousel: 90
@!@!@ENDMSG 2221 @!@!@
@!@!@STARTMSG 2221:0 @!@!@
  line 294, col 61 to line 294, col 64 of module carousel: 90
@!@!@ENDMSG 2221 @!@!@
@!@!@STARTMSG 2221:0 @!@!@
  line 294, col 67 to line 294, col 74 of module carousel: 90
@!@!@ENDMSG 2221 @!@!@
@!@!@STARTMSG 2221:0 @!@!@
  line 295, col 46 to line 295, col 53 of module carousel: 90
@!@!@ENDMSG 2221 @!@!@
@!@!@STARTMSG 2221:0 @!@!@
  line 295, col 56 to line 295, col 65 of module carousel: 90
@!@!@ENDMSG 2221 @!@!@
@!@!@STARTMSG 2221:0 @!@!@
  line 296, col 46 to line 296, col 62 of module carousel: 90
@!@!@ENDMSG 2221 @!@!@
@!@!@STARTMSG 2221:0 @!@!@
  line 296, col 65 to line 296, col 66 of module carousel: 90
@!@!@ENDMSG 2221 @!@!@
@!@!@STARTMSG 2221:0 @!@!@
  line 296, col 69 to line 296, col 75 of module carousel: 90
@!@!@ENDMSG 2221 @!@!@
@!@!@STARTMSG 2221:0 @!@!@
  line 297, col 46 to line 297, col 51 of module carousel: 90
@!@!@ENDMSG 2221 @!@!@
@!@!@STARTMSG 2221:0 @!@!@
  line 297, col 54 to line 297, col 56 of module carousel: 90
@!@!@ENDMSG 2221 @!@!@
@!@!@STARTMSG 2221:0 @!@!@
  line 297, col 59 to line 297, col 62 of module carousel: 90
@!@!@ENDMSG 2221 @!@!@
@!@!@STARTMSG 2221:0 @!@!@
  line 297, col 65 to line 297, col 73 of module carousel: 90
@!@!@ENDMSG 2221 @!@!@
@!@!@STARTMSG 2221:0 @!@!@
  line 298, col 46 to line 298, col 56 of module carousel: 90
@!@!@ENDMSG 2221 @!@!@
@!@!@STARTMSG 2221:0 @!@!@
  line 298, col 59 to line 298, col 63 of module carousel: 90
@!@!@ENDMSG 2221 @!@!@
@!@!@STARTMSG 2221:0 @!@!@
  line 298, col 66 to line 298, col 73 of module carousel: 90
@!@!@ENDMSG 2221 @!@!@
@!@!@STARTMSG 2221:0 @!@!@
  line 299, col 46 to line 299, col 57 of module carousel: 90
@!@!@ENDMSG 2221 @!@!@
@!@!@STARTMSG 2221:0 @!@!@
  line 299, col 60 to line 299, col 63 of module carousel: 90
@!@!@ENDMSG 2221 @!@!@
@!@!@STARTMSG 2221:0 @!@!@
  line 299, col 66 to line 299, col 69 of module carousel: 90
@!@!@ENDMSG 2221 @!@!@
@!@!@STARTMSG 2221:0 @!@!@
  line 299, col 72 to line 299, col 78 of module carousel: 90
@!@!@ENDMSG 2221 @!@!@
@!@!@STARTMSG 2221:0 @!@!@
  line 300, col 46 to line 300, col 52 of module carousel: 90
@!@!@ENDMSG 2221 @!@!@
@!@!@STARTMSG 2221:0 @!@!@
  line 300, col 55 to line 300, col 59 of module carousel: 90
@!@!@ENDMSG 2221 @!@!@
@!@!@STARTMSG 2221:0 @!@!@
  line 300, col 62 to line 300, col 74 of module carousel: 90
@!@!@ENDMSG 2221 @!@!@
@!@!@STARTMSG 2221:0 @!@!@
  line 306, col 29 to line 306, col 64 of module carousel: 0
@!@!@ENDMSG 2221 @!@!@
@!@!@STARTMSG 2221:0 @!@!@
  line 307, col 29 to line 315, col 77 of module carousel: 0
@!@!@ENDMSG 2221 @!@!@
@!@!@STARTMSG 2221:0 @!@!@
  line 316, col 26 to line 316, col 83 of module carousel: 0
@!@!@ENDMSG 2221 @!@!@
@!@!@STARTMSG 2221:0 @!@!@
  line 317, col 26 to line 317, col 87 of module carousel: 0
@!@!@ENDMSG 2221 @!@!@
@!@!@STARTMSG 2221:0 @!@!@
  line 318, col 26 to line 318, col 75 of module carousel: 0
@!@!@ENDMSG 2221 @!@!@
@!@!@STARTMSG 2221:0 @!@!@
  line 319, col 26 to line 319, col 81 of module carousel: 0
@!@!@ENDMSG 2221 @!@!@
@!@!@STARTMSG 2221:0 @!@!@
  line 320, col 26 to line 320, col 89 of module carousel: 0
@!@!@ENDMSG 2221 @!@!@
@!@!@STARTMSG 2221:0 @!@!@
  line 321, col 26 to line 321, col 57 of module carousel: 0
@!@!@ENDMSG 2221 @!@!@
@!@!@STARTMSG 2221:0 @!@!@
  line 322, col 39 to line 322, col 43 of module carousel: 0
@!@!@ENDMSG 2221 @!@!@
@!@!@STARTMSG 2221:0 @!@!@
  line 322, col 46 to line 322, col 51 of module carousel: 0
@!@!@ENDMSG 2221 @!@!@
@!@!@STARTMSG 2221:0 @!@!@
  line 322, col 54 to line 322, col 57 of module carousel: 0
@!@!@ENDMSG 2221 @!@!@
@!@!@STARTMSG 2221:0 @!@!@
  line 322, col 60 to line 322, col 67 of module carousel: 0
@!@!@ENDMSG 2221 @!@!@
@!@!@STARTMSG 2221:0 @!@!@
  line 322, col 70 to line 322, col 77 of module carousel: 0
@!@!@ENDMSG 2221 @!@!@
@!@!@STARTMSG 2221:0 @!@!@
  line 323, col 39 to line 323, col 48 of module carousel: 0
@!@!@ENDMSG 2221 @!@!@
@!@!@STARTMSG 2221:0 @!@!@
  line 323, col 51 to line 323, col 67 of module carousel: 0
@!@!@ENDMSG 2221 @!@!@
@!@!@STARTMSG 2221:0 @!@!@
  line 323, col 70 to line 323, col 71 of module carousel: 0
@!@!@ENDMSG 2221 @!@!@
@!@!@STARTMSG 2221:0 @!@!@
  line 324, col 39 to line 324, col 45 of module carousel: 0
@!@!@ENDMSG 2221 @!@!@
@!@!@STARTMSG 2221:0 @!@!@
  line 324, col 48 to line 324, col 53 of module carousel: 0
@!@!@ENDMSG 2221 @!@!@
@!@!@STARTMSG 2221:0 @!@!@
  line 324, col 56 to line 324, col 58 of module carousel: 0
@!@!@ENDMSG 2221 @!@!@
@!@!@STARTMSG 2221:0 @!@!@
  line 324, col 61 to line 324, col 66 of module carousel: 0
@!@!@ENDMSG 2221 @!@!@
@!@!@STARTMSG 2221:0 @!@!@
  line 324, col 69 to line 324, col 77 of module carousel: 0
@!@!@ENDMSG 2221 @!@!@
@!@!@STARTMSG 2221:0 @!@!@
  line 325, col 39 to line 325, col 41 of module carousel: 0
@!@!@ENDMSG 2221 @!@!@
@!@!@STARTMSG 2221:0 @!@!@
  line 325, col 44 to line 325, col 47 of module carousel: 0
@!@!@ENDMSG 2221 @!@!@
@!@!@STARTMSG 2221:0 @!@!@
  line 325, col 50 to line 325, col 53 of module carousel: 0
@!@!@ENDMSG 2221 @!@!@
@!@!@STARTMSG 2221:0 @!@!@
  line 325, col 56 to line 325, col 62 of module carousel: 0
@!@!@ENDMSG 2221 @!@!@
@!@!@STARTMSG 2221:0 @!@!@
  line 325, col 65 to line 325, col 71 of module carousel: 0
@!@!@ENDMSG 2221 @!@!@
@!@!@STARTMSG 2221:0 @!@!@
  line 325, col 74 to line 325, col 78 of module carousel: 0
@!@!@ENDMSG 2221 @!@!@
@!@!@STARTMSG 2221:0 @!@!@
  line 326, col 39 to line 326, col 51 of module carousel: 0
@!@!@ENDMSG 2221 @!@!@
@!@!@STARTMSG 2221:0 @!@!@
  line 332, col 28 to line 332, col 85 of module carousel: 0
@!@!@ENDMSG 2221 @!@!@
@!@!@STARTMSG 2221:0 @!@!@
  line 333, col 28 to line 333, col 95 of module carousel: 0
@!@!@ENDMSG 2221 @!@!@
@!@!@STARTMSG 2221:0 @!@!@
  line 334, col 28 to line 334, col 128 of module carousel: 0
@!@!@ENDMSG 2221 @!@!@
@!@!@STARTMSG 2221:0 @!@!@
  line 336, col 39 to line 336, col 77 of module carousel: 0
@!@!@ENDMSG 2221 @!@!@
@!@!@STARTMSG 2221:0 @!@!@
  line 338, col 39 to line 338, col 52 of module carousel: 0
@!@!@ENDMSG 2221 @!@!@
@!@!@STARTMSG 2221:0 @!@!@
  line 339, col 28 to line 339, col 102 of module carousel: 0
@!@!@ENDMSG 2221 @!@!@
@!@!@STARTMSG 2221:0 @!@!@
  line 340, col 28 to line 340, col 71 of module carousel: 0
@!@!@ENDMSG 2221 @!@!@
@!@!@STARTMSG 2221:0 @!@!@
  line 341, col 41 to line 341, col 46 of module carousel: 0
@!@!@ENDMSG 2221 @!@!@
@!@!@STARTMSG 2221:0 @!@!@
  line 341, col 49 to line 341, col 52 of module carousel: 0
@!@!@ENDMSG 2221 @!@!@
@!@!@STARTMSG 2221:0 @!@!@
  line 341, col 55 to line 341, col 62 of module carousel: 0
@!@!@ENDMSG 2221 @!@!@
@!@!@STARTMSG 2221:0 @!@!@
  line 341, col 65 to line 341, col 72 of module carousel: 0
@!@!@ENDMSG 2221 @!@!@
@!@!@STARTMSG 2221:0 @!@!@
  line 342, col 41 to line 342, col 45 of module carousel: 0
@!@!@ENDMSG 2221 @!@!@
@!@!@STARTMSG 2221:0 @!@!@
  line 342, col 48 to line 342, col 49 of module carousel: 0
@!@!@ENDMSG 2221 @!@!@
@!@!@STARTMSG 2221:0 @!@!@
  line 342, col 52 to line 342, col 58 of module carousel: 0
@!@!@ENDMSG 2221 @!@!@
@!@!@STARTMSG 2221:0 @!@!@
  line 342, col 61 to line 342, col 66 of module carousel: 0
@!@!@ENDMSG 2221 @!@!@
@!@!@STARTMSG 2221:0 @!@!@
  line 342, col 69 to line 342, col 71 of module carousel: 0
@!@!@ENDMSG 2221 @!@!@
@!@!@STARTMSG 2221:0 @!@!@
  line 342, col 74 to line 342, col 77 of module carousel: 0
@!@!@ENDMSG 2221 @!@!@
@!@!@STARTMSG 2221:0 @!@!@
  line 343, col 41 to line 343, col 49 of module carousel: 0
@!@!@ENDMSG 2221 @!@!@
@!@!@STARTMSG 2221:0 @!@!@
  line 343, col 52 to line 343, col 62 of module carousel: 0
@!@!@ENDMSG 2221 @!@!@
@!@!@STARTMSG 2221:0 @!@!@
  line 343, col 65 to line 343, col 69 of module carousel: 0
@!@!@ENDMSG 2221 @!@!@
@!@!@STARTMSG 2221:0 @!@!@
  line 344, col 41 to line 344, col 48 of module carousel: 0
@!@!@ENDMSG 2221 @!@!@
@!@!@STARTMSG 2221:0 @!@!@
  line 344, col 51 to line 344, col 62 of module carousel: 0
@!@!@ENDMSG 2221 @!@!@
@!@!@STARTMSG 2221:0 @!@!@
  line 344, col 65 to line 344, col 70 of module carousel: 0
@!@!@ENDMSG 2221 @!@!@
@!@!@STARTMSG 2221:0 @!@!@
  line 345, col 41 to line 345, col 49 of module carousel: 0
@!@!@ENDMSG 2221 @!@!@
@!@!@STARTMSG 2221:0 @!@!@
  line 345, col 52 to line 345, col 54 of module carousel: 0
@!@!@ENDMSG 2221 @!@!@
@!@!@STARTMSG 2221:0 @!@!@
  line 345, col 57 to line 345, col 60 of module carousel: 0
@!@!@ENDMSG 2221 @!@!@
@!@!@STARTMSG 2221:0 @!@!@
  line 345, col 63 to line 345, col 66 of module carousel: 0
@!@!@ENDMSG 2221 @!@!@
@!@!@STARTMSG 2221:0 @!@!@
  line 345, col 69 to line 345, col 75 of module carousel: 0
@!@!@ENDMSG 2221 @!@!@
@!@!@STARTMSG 2221:0 @!@!@
  line 346, col 41 to line 346, col 47 of module carousel: 0
@!@!@ENDMSG 2221 @!@!@
@!@!@STARTMSG 2202:0 @!@!@
End of statistics.
@!@!@ENDMSG 2202 @!@!@
@!@!@STARTMSG 2200:0 @!@!@
Progress(9) at 2018-11-30 08:33:15: 597 states generated (59,011 s/min), 362 distinct states found (35,782 ds/min), 44 states left on queue.
@!@!@ENDMSG 2200 @!@!@
@!@!@STARTMSG 2199:0 @!@!@
597 states generated, 362 distinct states found, 44 states left on queue.
@!@!@ENDMSG 2199 @!@!@
@!@!@STARTMSG 2194:0 @!@!@
The depth of the complete state graph search is 9.
@!@!@ENDMSG 2194 @!@!@
@!@!@STARTMSG 2268:0 @!@!@
The average outdegree of the complete state graph is 1 (minimum is 0, the maximum 6 and the 95th percentile is 3).
@!@!@ENDMSG 2268 @!@!@
@!@!@STARTMSG 2186:0 @!@!@
Finished in 882ms at (2018-11-30 08:33:15)
@!@!@ENDMSG 2186 @!@!@
