@!@!@STARTMSG 2262:0 @!@!@
TLC2 Version 2.13 of 18 July 2018
@!@!@ENDMSG 2262 @!@!@
@!@!@STARTMSG 2187:0 @!@!@
Running breadth-first search Model-Checking with seed -1426326596240317370 with 4 workers on 8 cores with 1318MB heap and 2633MB offheap memory (Linux 4.15.0-39-generic amd64, Oracle Corporation 10.0.2 x86_64).
@!@!@ENDMSG 2187 @!@!@
@!@!@STARTMSG 2220:0 @!@!@
Starting SANY...
@!@!@ENDMSG 2220 @!@!@
Parsing file /home/dzklavier/carousel-specs/carousel.toolbox/Model_3/MC.tla
Parsing file /home/dzklavier/carousel-specs/carousel.toolbox/Model_3/carousel.tla
Parsing file /home/dzklavier/Downloads/toolbox/plugins/org.lamport.tlatools_1.0.0.201807180447/tla2sany/StandardModules/TLC.tla
Parsing file /home/dzklavier/Downloads/toolbox/plugins/org.lamport.tlatools_1.0.0.201807180447/tla2sany/StandardModules/Naturals.tla
Parsing file /home/dzklavier/Downloads/toolbox/plugins/org.lamport.tlatools_1.0.0.201807180447/tla2sany/StandardModules/FiniteSets.tla
Parsing file /home/dzklavier/Downloads/toolbox/plugins/org.lamport.tlatools_1.0.0.201807180447/tla2sany/StandardModules/Sequences.tla
Semantic processing of module Naturals
Semantic processing of module Sequences
Semantic processing of module FiniteSets
Semantic processing of module TLC
Semantic processing of module carousel
Semantic processing of module MC
@!@!@STARTMSG 2219:0 @!@!@
SANY finished.
@!@!@ENDMSG 2219 @!@!@
@!@!@STARTMSG 2185:0 @!@!@
Starting... (2018-11-21 10:01:11)
@!@!@ENDMSG 2185 @!@!@
@!@!@STARTMSG 2189:0 @!@!@
Computing initial states...
@!@!@ENDMSG 2189 @!@!@
@!@!@STARTMSG 2190:0 @!@!@
Finished computing initial states: 1 distinct state generated.
@!@!@ENDMSG 2190 @!@!@
@!@!@STARTMSG 2114:1 @!@!@
Deadlock reached.
@!@!@ENDMSG 2114 @!@!@
@!@!@STARTMSG 2121:1 @!@!@
The behavior up to this point is:
@!@!@ENDMSG 2121 @!@!@
@!@!@STARTMSG 2217:4 @!@!@
1: <Initial predicate>
/\ serverStatus = <<defaultInitValue, defaultInitValue>>
/\ msg = <<defaultInitValue, defaultInitValue>>
/\ tmp = <<defaultInitValue, defaultInitValue>>
/\ channels = <<<<>>, <<>>, <<>>>>
/\ msg_c = <<defaultInitValue, defaultInitValue>>
/\ msg_s = <<defaultInitValue, defaultInitValue>>
/\ subsets = << {{}, {1}, {2}, {3}, {1, 2}, {1, 3}, {2, 3}, {1, 2, 3}},
   {{}, {1}, {2}, {3}, {1, 2}, {1, 3}, {2, 3}, {1, 2, 3}} >>
/\ pc = <<"P0", "P0">>
/\ msg_ = <<defaultInitValue, defaultInitValue>>
/\ IDSet = <<1..3>>
/\ received = <<0, 0, 0>>
/\ sent = <<0, 0, 0>>
/\ id = <<defaultInitValue, defaultInitValue>>
/\ client_ = <<defaultInitValue, defaultInitValue>>
/\ serverSet = <<defaultInitValue, defaultInitValue>>
/\ client = <<defaultInitValue, defaultInitValue>>
/\ status = <<"Init", "Init", "Init">>
/\ stack = <<<<>>, <<>>>>
/\ head = <<defaultInitValue, defaultInitValue>>

@!@!@ENDMSG 2217 @!@!@
@!@!@STARTMSG 2217:4 @!@!@
2: <P0 line 222, col 13 to line 236, col 38 of module carousel>
/\ serverStatus = <<defaultInitValue, defaultInitValue>>
/\ msg = <<defaultInitValue, defaultInitValue>>
/\ tmp = <<defaultInitValue, defaultInitValue>>
/\ channels = <<<<>>, <<>>, <<>>>>
/\ msg_c = <<defaultInitValue, defaultInitValue>>
/\ msg_s = <<defaultInitValue, defaultInitValue>>
/\ subsets = << {{}, {1}, {2}, {3}, {1, 2}, {1, 3}, {2, 3}, {1, 2, 3}},
   {{}, {1}, {2}, {3}, {1, 2}, {1, 3}, {2, 3}, {1, 2, 3}} >>
/\ pc = <<"P0_", "P0">>
/\ msg_ = <<defaultInitValue, defaultInitValue>>
/\ IDSet = <<1..3>>
/\ received = <<0, 0, 0>>
/\ sent = <<0, 0, 0>>
/\ id = <<defaultInitValue, defaultInitValue>>
/\ client_ = <<defaultInitValue, defaultInitValue>>
/\ serverSet = <<{}, defaultInitValue>>
/\ client = <<1, defaultInitValue>>
/\ status = <<"Init", "Init", "Init">>
/\ stack = <<<<[pc |-> "Done", client |-> defaultInitValue, serverSet |-> defaultInitValue, msg_s |-> defaultInitValue, procedure |-> "sendClientMessagesToServers"]>>, <<>>>>
/\ head = <<defaultInitValue, defaultInitValue>>

@!@!@ENDMSG 2217 @!@!@
@!@!@STARTMSG 2217:4 @!@!@
3: <P0_ line 209, col 14 to line 218, col 66 of module carousel>
/\ serverStatus = <<defaultInitValue, defaultInitValue>>
/\ msg = <<defaultInitValue, defaultInitValue>>
/\ tmp = <<defaultInitValue, defaultInitValue>>
/\ channels = <<<<>>, <<>>, <<>>>>
/\ msg_c = <<defaultInitValue, defaultInitValue>>
/\ msg_s = <<defaultInitValue, defaultInitValue>>
/\ subsets = << {{}, {1}, {2}, {3}, {1, 2}, {1, 3}, {2, 3}, {1, 2, 3}},
   {{}, {1}, {2}, {3}, {1, 2}, {1, 3}, {2, 3}, {1, 2, 3}} >>
/\ pc = <<"Error", "P0">>
/\ msg_ = <<defaultInitValue, defaultInitValue>>
/\ IDSet = <<1..3>>
/\ received = <<0, 0, 0>>
/\ sent = <<0, 0, 0>>
/\ id = <<defaultInitValue, defaultInitValue>>
/\ client_ = <<defaultInitValue, defaultInitValue>>
/\ serverSet = <<{}, defaultInitValue>>
/\ client = <<1, defaultInitValue>>
/\ status = <<"Init", "Init", "Init">>
/\ stack = <<<<[pc |-> "Done", client |-> defaultInitValue, serverSet |-> defaultInitValue, msg_s |-> defaultInitValue, procedure |-> "sendClientMessagesToServers"]>>, <<>>>>
/\ head = <<defaultInitValue, defaultInitValue>>

@!@!@ENDMSG 2217 @!@!@
@!@!@STARTMSG 2217:4 @!@!@
4: <P0 line 222, col 13 to line 236, col 38 of module carousel>
/\ serverStatus = <<defaultInitValue, defaultInitValue>>
/\ msg = <<defaultInitValue, defaultInitValue>>
/\ tmp = <<defaultInitValue, defaultInitValue>>
/\ channels = <<<<>>, <<>>, <<>>>>
/\ msg_c = <<defaultInitValue, defaultInitValue>>
/\ msg_s = <<defaultInitValue, defaultInitValue>>
/\ subsets = << {{}, {1}, {2}, {3}, {1, 2}, {1, 3}, {2, 3}, {1, 2, 3}},
   {{}, {1}, {2}, {3}, {1, 2}, {1, 3}, {2, 3}, {1, 2, 3}} >>
/\ pc = <<"Error", "P0_">>
/\ msg_ = <<defaultInitValue, defaultInitValue>>
/\ IDSet = <<1..3>>
/\ received = <<0, 0, 0>>
/\ sent = <<0, 0, 0>>
/\ id = <<defaultInitValue, defaultInitValue>>
/\ client_ = <<defaultInitValue, defaultInitValue>>
/\ serverSet = <<{}, {}>>
/\ client = <<1, 2>>
/\ status = <<"Init", "Init", "Init">>
/\ stack = <<<<[pc |-> "Done", client |-> defaultInitValue, serverSet |-> defaultInitValue, msg_s |-> defaultInitValue, procedure |-> "sendClientMessagesToServers"]>>, <<[pc |-> "Done", client |-> defaultInitValue, serverSet |-> defaultInitValue, msg_s |-> defaultInitValue, procedure |-> "sendClientMessagesToServers"]>>>>
/\ head = <<defaultInitValue, defaultInitValue>>

@!@!@ENDMSG 2217 @!@!@
@!@!@STARTMSG 2217:4 @!@!@
5: <P0_ line 209, col 14 to line 218, col 66 of module carousel>
/\ serverStatus = <<defaultInitValue, defaultInitValue>>
/\ msg = <<defaultInitValue, defaultInitValue>>
/\ tmp = <<defaultInitValue, defaultInitValue>>
/\ channels = <<<<>>, <<>>, <<>>>>
/\ msg_c = <<defaultInitValue, defaultInitValue>>
/\ msg_s = <<defaultInitValue, defaultInitValue>>
/\ subsets = << {{}, {1}, {2}, {3}, {1, 2}, {1, 3}, {2, 3}, {1, 2, 3}},
   {{}, {1}, {2}, {3}, {1, 2}, {1, 3}, {2, 3}, {1, 2, 3}} >>
/\ pc = <<"Error", "Error">>
/\ msg_ = <<defaultInitValue, defaultInitValue>>
/\ IDSet = <<1..3>>
/\ received = <<0, 0, 0>>
/\ sent = <<0, 0, 0>>
/\ id = <<defaultInitValue, defaultInitValue>>
/\ client_ = <<defaultInitValue, defaultInitValue>>
/\ serverSet = <<{}, {}>>
/\ client = <<1, 2>>
/\ status = <<"Init", "Init", "Init">>
/\ stack = <<<<[pc |-> "Done", client |-> defaultInitValue, serverSet |-> defaultInitValue, msg_s |-> defaultInitValue, procedure |-> "sendClientMessagesToServers"]>>, <<[pc |-> "Done", client |-> defaultInitValue, serverSet |-> defaultInitValue, msg_s |-> defaultInitValue, procedure |-> "sendClientMessagesToServers"]>>>>
/\ head = <<defaultInitValue, defaultInitValue>>

@!@!@ENDMSG 2217 @!@!@
@!@!@STARTMSG 2201:0 @!@!@
The coverage statistics at 2018-11-21 10:01:12
@!@!@ENDMSG 2201 @!@!@
@!@!@STARTMSG 2221:0 @!@!@
  line 156, col 12 to line 156, col 16 of module carousel: 0
@!@!@ENDMSG 2221 @!@!@
@!@!@STARTMSG 2221:0 @!@!@
  line 156, col 19 to line 156, col 24 of module carousel: 0
@!@!@ENDMSG 2221 @!@!@
@!@!@STARTMSG 2221:0 @!@!@
  line 156, col 27 to line 156, col 30 of module carousel: 0
@!@!@ENDMSG 2221 @!@!@
@!@!@STARTMSG 2221:0 @!@!@
  line 156, col 33 to line 156, col 40 of module carousel: 0
@!@!@ENDMSG 2221 @!@!@
@!@!@STARTMSG 2221:0 @!@!@
  line 156, col 43 to line 156, col 50 of module carousel: 0
@!@!@ENDMSG 2221 @!@!@
@!@!@STARTMSG 2221:0 @!@!@
  line 156, col 53 to line 156, col 54 of module carousel: 0
@!@!@ENDMSG 2221 @!@!@
@!@!@STARTMSG 2221:0 @!@!@
  line 156, col 57 to line 156, col 61 of module carousel: 0
@!@!@ENDMSG 2221 @!@!@
@!@!@STARTMSG 2221:0 @!@!@
  line 156, col 64 to line 156, col 68 of module carousel: 0
@!@!@ENDMSG 2221 @!@!@
@!@!@STARTMSG 2221:0 @!@!@
  line 156, col 71 to line 156, col 77 of module carousel: 0
@!@!@ENDMSG 2221 @!@!@
@!@!@STARTMSG 2221:0 @!@!@
  line 157, col 12 to line 157, col 14 of module carousel: 0
@!@!@ENDMSG 2221 @!@!@
@!@!@STARTMSG 2221:0 @!@!@
  line 157, col 17 to line 157, col 19 of module carousel: 0
@!@!@ENDMSG 2221 @!@!@
@!@!@STARTMSG 2221:0 @!@!@
  line 157, col 22 to line 157, col 23 of module carousel: 0
@!@!@ENDMSG 2221 @!@!@
@!@!@STARTMSG 2221:0 @!@!@
  line 157, col 26 to line 157, col 37 of module carousel: 0
@!@!@ENDMSG 2221 @!@!@
@!@!@STARTMSG 2221:0 @!@!@
  line 157, col 40 to line 157, col 45 of module carousel: 0
@!@!@ENDMSG 2221 @!@!@
@!@!@STARTMSG 2221:0 @!@!@
  line 157, col 48 to line 157, col 56 of module carousel: 0
@!@!@ENDMSG 2221 @!@!@
@!@!@STARTMSG 2221:0 @!@!@
  line 157, col 59 to line 157, col 63 of module carousel: 0
@!@!@ENDMSG 2221 @!@!@
@!@!@STARTMSG 2221:0 @!@!@
  line 157, col 66 to line 157, col 69 of module carousel: 0
@!@!@ENDMSG 2221 @!@!@
@!@!@STARTMSG 2221:0 @!@!@
  line 157, col 72 to line 157, col 75 of module carousel: 0
@!@!@ENDMSG 2221 @!@!@
@!@!@STARTMSG 2221:0 @!@!@
  line 158, col 12 to line 158, col 18 of module carousel: 0
@!@!@ENDMSG 2221 @!@!@
@!@!@STARTMSG 2221:0 @!@!@
  line 189, col 17 to line 189, col 57 of module carousel: 0
@!@!@ENDMSG 2221 @!@!@
@!@!@STARTMSG 2221:0 @!@!@
  line 190, col 17 to line 190, col 36 of module carousel: 0
@!@!@ENDMSG 2221 @!@!@
@!@!@STARTMSG 2221:0 @!@!@
  line 191, col 17 to line 191, col 95 of module carousel: 0
@!@!@ENDMSG 2221 @!@!@
@!@!@STARTMSG 2221:0 @!@!@
  line 192, col 17 to line 192, col 51 of module carousel: 0
@!@!@ENDMSG 2221 @!@!@
@!@!@STARTMSG 2221:0 @!@!@
  line 193, col 30 to line 193, col 35 of module carousel: 0
@!@!@ENDMSG 2221 @!@!@
@!@!@STARTMSG 2221:0 @!@!@
  line 193, col 38 to line 193, col 41 of module carousel: 0
@!@!@ENDMSG 2221 @!@!@
@!@!@STARTMSG 2221:0 @!@!@
  line 193, col 44 to line 193, col 51 of module carousel: 0
@!@!@ENDMSG 2221 @!@!@
@!@!@STARTMSG 2221:0 @!@!@
  line 193, col 54 to line 193, col 61 of module carousel: 0
@!@!@ENDMSG 2221 @!@!@
@!@!@STARTMSG 2221:0 @!@!@
  line 193, col 64 to line 193, col 68 of module carousel: 0
@!@!@ENDMSG 2221 @!@!@
@!@!@STARTMSG 2221:0 @!@!@
  line 193, col 71 to line 193, col 77 of module carousel: 0
@!@!@ENDMSG 2221 @!@!@
@!@!@STARTMSG 2221:0 @!@!@
  line 194, col 30 to line 194, col 32 of module carousel: 0
@!@!@ENDMSG 2221 @!@!@
@!@!@STARTMSG 2221:0 @!@!@
  line 194, col 35 to line 194, col 36 of module carousel: 0
@!@!@ENDMSG 2221 @!@!@
@!@!@STARTMSG 2221:0 @!@!@
  line 194, col 39 to line 194, col 50 of module carousel: 0
@!@!@ENDMSG 2221 @!@!@
@!@!@STARTMSG 2221:0 @!@!@
  line 194, col 53 to line 194, col 58 of module carousel: 0
@!@!@ENDMSG 2221 @!@!@
@!@!@STARTMSG 2221:0 @!@!@
  line 194, col 61 to line 194, col 69 of module carousel: 0
@!@!@ENDMSG 2221 @!@!@
@!@!@STARTMSG 2221:0 @!@!@
  line 194, col 72 to line 194, col 76 of module carousel: 0
@!@!@ENDMSG 2221 @!@!@
@!@!@STARTMSG 2221:0 @!@!@
  line 195, col 30 to line 195, col 33 of module carousel: 0
@!@!@ENDMSG 2221 @!@!@
@!@!@STARTMSG 2221:0 @!@!@
  line 195, col 36 to line 195, col 39 of module carousel: 0
@!@!@ENDMSG 2221 @!@!@
@!@!@STARTMSG 2221:0 @!@!@
  line 195, col 42 to line 195, col 48 of module carousel: 0
@!@!@ENDMSG 2221 @!@!@
@!@!@STARTMSG 2221:0 @!@!@
  line 200, col 16 to line 200, col 47 of module carousel: 0
@!@!@ENDMSG 2221 @!@!@
@!@!@STARTMSG 2221:0 @!@!@
  line 201, col 16 to line 201, col 99 of module carousel: 0
@!@!@ENDMSG 2221 @!@!@
@!@!@STARTMSG 2221:0 @!@!@
  line 202, col 16 to line 202, col 50 of module carousel: 0
@!@!@ENDMSG 2221 @!@!@
@!@!@STARTMSG 2221:0 @!@!@
  line 203, col 29 to line 203, col 34 of module carousel: 0
@!@!@ENDMSG 2221 @!@!@
@!@!@STARTMSG 2221:0 @!@!@
  line 203, col 37 to line 203, col 40 of module carousel: 0
@!@!@ENDMSG 2221 @!@!@
@!@!@STARTMSG 2221:0 @!@!@
  line 203, col 43 to line 203, col 50 of module carousel: 0
@!@!@ENDMSG 2221 @!@!@
@!@!@STARTMSG 2221:0 @!@!@
  line 203, col 53 to line 203, col 60 of module carousel: 0
@!@!@ENDMSG 2221 @!@!@
@!@!@STARTMSG 2221:0 @!@!@
  line 203, col 63 to line 203, col 67 of module carousel: 0
@!@!@ENDMSG 2221 @!@!@
@!@!@STARTMSG 2221:0 @!@!@
  line 203, col 70 to line 203, col 74 of module carousel: 0
@!@!@ENDMSG 2221 @!@!@
@!@!@STARTMSG 2221:0 @!@!@
  line 204, col 29 to line 204, col 35 of module carousel: 0
@!@!@ENDMSG 2221 @!@!@
@!@!@STARTMSG 2221:0 @!@!@
  line 204, col 38 to line 204, col 40 of module carousel: 0
@!@!@ENDMSG 2221 @!@!@
@!@!@STARTMSG 2221:0 @!@!@
  line 204, col 43 to line 204, col 44 of module carousel: 0
@!@!@ENDMSG 2221 @!@!@
@!@!@STARTMSG 2221:0 @!@!@
  line 204, col 47 to line 204, col 58 of module carousel: 0
@!@!@ENDMSG 2221 @!@!@
@!@!@STARTMSG 2221:0 @!@!@
  line 204, col 61 to line 204, col 66 of module carousel: 0
@!@!@ENDMSG 2221 @!@!@
@!@!@STARTMSG 2221:0 @!@!@
  line 204, col 69 to line 204, col 77 of module carousel: 0
@!@!@ENDMSG 2221 @!@!@
@!@!@STARTMSG 2221:0 @!@!@
  line 205, col 29 to line 205, col 33 of module carousel: 0
@!@!@ENDMSG 2221 @!@!@
@!@!@STARTMSG 2221:0 @!@!@
  line 205, col 36 to line 205, col 39 of module carousel: 0
@!@!@ENDMSG 2221 @!@!@
@!@!@STARTMSG 2221:0 @!@!@
  line 205, col 42 to line 205, col 45 of module carousel: 0
@!@!@ENDMSG 2221 @!@!@
@!@!@STARTMSG 2221:0 @!@!@
  line 205, col 48 to line 205, col 54 of module carousel: 0
@!@!@ENDMSG 2221 @!@!@
@!@!@STARTMSG 2221:0 @!@!@
  line 212, col 30 to line 212, col 105 of module carousel: 240
@!@!@ENDMSG 2221 @!@!@
@!@!@STARTMSG 2221:0 @!@!@
  line 213, col 28 to line 213, col 60 of module carousel: 240
@!@!@ENDMSG 2221 @!@!@
@!@!@STARTMSG 2221:0 @!@!@
  line 214, col 28 to line 214, col 62 of module carousel: 20
@!@!@ENDMSG 2221 @!@!@
@!@!@STARTMSG 2221:0 @!@!@
  line 215, col 38 to line 215, col 46 of module carousel: 20
@!@!@ENDMSG 2221 @!@!@
@!@!@STARTMSG 2221:0 @!@!@
  line 216, col 30 to line 216, col 34 of module carousel: 260
@!@!@ENDMSG 2221 @!@!@
@!@!@STARTMSG 2221:0 @!@!@
  line 216, col 37 to line 216, col 42 of module carousel: 260
@!@!@ENDMSG 2221 @!@!@
@!@!@STARTMSG 2221:0 @!@!@
  line 216, col 45 to line 216, col 48 of module carousel: 260
@!@!@ENDMSG 2221 @!@!@
@!@!@STARTMSG 2221:0 @!@!@
  line 216, col 51 to line 216, col 58 of module carousel: 260
@!@!@ENDMSG 2221 @!@!@
@!@!@STARTMSG 2221:0 @!@!@
  line 216, col 61 to line 216, col 68 of module carousel: 260
@!@!@ENDMSG 2221 @!@!@
@!@!@STARTMSG 2221:0 @!@!@
  line 216, col 71 to line 216, col 75 of module carousel: 260
@!@!@ENDMSG 2221 @!@!@
@!@!@STARTMSG 2221:0 @!@!@
  line 217, col 30 to line 217, col 34 of module carousel: 260
@!@!@ENDMSG 2221 @!@!@
@!@!@STARTMSG 2221:0 @!@!@
  line 217, col 37 to line 217, col 43 of module carousel: 260
@!@!@ENDMSG 2221 @!@!@
@!@!@STARTMSG 2221:0 @!@!@
  line 217, col 46 to line 217, col 48 of module carousel: 260
@!@!@ENDMSG 2221 @!@!@
@!@!@STARTMSG 2221:0 @!@!@
  line 217, col 51 to line 217, col 53 of module carousel: 260
@!@!@ENDMSG 2221 @!@!@
@!@!@STARTMSG 2221:0 @!@!@
  line 217, col 56 to line 217, col 57 of module carousel: 260
@!@!@ENDMSG 2221 @!@!@
@!@!@STARTMSG 2221:0 @!@!@
  line 217, col 60 to line 217, col 71 of module carousel: 260
@!@!@ENDMSG 2221 @!@!@
@!@!@STARTMSG 2221:0 @!@!@
  line 218, col 30 to line 218, col 35 of module carousel: 260
@!@!@ENDMSG 2221 @!@!@
@!@!@STARTMSG 2221:0 @!@!@
  line 218, col 38 to line 218, col 42 of module carousel: 260
@!@!@ENDMSG 2221 @!@!@
@!@!@STARTMSG 2221:0 @!@!@
  line 218, col 45 to line 218, col 48 of module carousel: 260
@!@!@ENDMSG 2221 @!@!@
@!@!@STARTMSG 2221:0 @!@!@
  line 218, col 51 to line 218, col 54 of module carousel: 260
@!@!@ENDMSG 2221 @!@!@
@!@!@STARTMSG 2221:0 @!@!@
  line 218, col 57 to line 218, col 63 of module carousel: 260
@!@!@ENDMSG 2221 @!@!@
@!@!@STARTMSG 2221:0 @!@!@
  line 224, col 24 to line 224, col 63 of module carousel: 160
@!@!@ENDMSG 2221 @!@!@
@!@!@STARTMSG 2221:0 @!@!@
  line 225, col 24 to line 225, col 71 of module carousel: 160
@!@!@ENDMSG 2221 @!@!@
@!@!@STARTMSG 2221:0 @!@!@
  line 226, col 24 to line 231, col 72 of module carousel: 160
@!@!@ENDMSG 2221 @!@!@
@!@!@STARTMSG 2221:0 @!@!@
  line 232, col 21 to line 232, col 70 of module carousel: 160
@!@!@ENDMSG 2221 @!@!@
@!@!@STARTMSG 2221:0 @!@!@
  line 233, col 21 to line 233, col 53 of module carousel: 160
@!@!@ENDMSG 2221 @!@!@
@!@!@STARTMSG 2221:0 @!@!@
  line 234, col 29 to line 234, col 33 of module carousel: 160
@!@!@ENDMSG 2221 @!@!@
@!@!@STARTMSG 2221:0 @!@!@
  line 234, col 36 to line 234, col 41 of module carousel: 160
@!@!@ENDMSG 2221 @!@!@
@!@!@STARTMSG 2221:0 @!@!@
  line 234, col 44 to line 234, col 47 of module carousel: 160
@!@!@ENDMSG 2221 @!@!@
@!@!@STARTMSG 2221:0 @!@!@
  line 234, col 50 to line 234, col 57 of module carousel: 160
@!@!@ENDMSG 2221 @!@!@
@!@!@STARTMSG 2221:0 @!@!@
  line 234, col 60 to line 234, col 67 of module carousel: 160
@!@!@ENDMSG 2221 @!@!@
@!@!@STARTMSG 2221:0 @!@!@
  line 234, col 70 to line 234, col 74 of module carousel: 160
@!@!@ENDMSG 2221 @!@!@
@!@!@STARTMSG 2221:0 @!@!@
  line 235, col 29 to line 235, col 35 of module carousel: 160
@!@!@ENDMSG 2221 @!@!@
@!@!@STARTMSG 2221:0 @!@!@
  line 235, col 38 to line 235, col 40 of module carousel: 160
@!@!@ENDMSG 2221 @!@!@
@!@!@STARTMSG 2221:0 @!@!@
  line 235, col 43 to line 235, col 45 of module carousel: 160
@!@!@ENDMSG 2221 @!@!@
@!@!@STARTMSG 2221:0 @!@!@
  line 235, col 48 to line 235, col 49 of module carousel: 160
@!@!@ENDMSG 2221 @!@!@
@!@!@STARTMSG 2221:0 @!@!@
  line 235, col 52 to line 235, col 63 of module carousel: 160
@!@!@ENDMSG 2221 @!@!@
@!@!@STARTMSG 2221:0 @!@!@
  line 235, col 66 to line 235, col 69 of module carousel: 160
@!@!@ENDMSG 2221 @!@!@
@!@!@STARTMSG 2221:0 @!@!@
  line 235, col 72 to line 235, col 75 of module carousel: 160
@!@!@ENDMSG 2221 @!@!@
@!@!@STARTMSG 2221:0 @!@!@
  line 236, col 29 to line 236, col 35 of module carousel: 160
@!@!@ENDMSG 2221 @!@!@
@!@!@STARTMSG 2202:0 @!@!@
End of statistics.
@!@!@ENDMSG 2202 @!@!@
@!@!@STARTMSG 2200:0 @!@!@
Progress(4) at 2018-11-21 10:01:12: 421 states generated (44,707 s/min), 100 distinct states found (10,619 ds/min), 0 states left on queue.
@!@!@ENDMSG 2200 @!@!@
@!@!@STARTMSG 2199:0 @!@!@
421 states generated, 100 distinct states found, 0 states left on queue.
@!@!@ENDMSG 2199 @!@!@
@!@!@STARTMSG 2194:0 @!@!@
The depth of the complete state graph search is 4.
@!@!@ENDMSG 2194 @!@!@
@!@!@STARTMSG 2268:0 @!@!@
The average outdegree of the complete state graph is 1 (minimum is 0, the maximum 16 and the 95th percentile is 8).
@!@!@ENDMSG 2268 @!@!@
@!@!@STARTMSG 2186:0 @!@!@
Finished in 873ms at (2018-11-21 10:01:12)
@!@!@ENDMSG 2186 @!@!@
