@!@!@STARTMSG 2262:0 @!@!@
TLC2 Version 2.13 of 18 July 2018
@!@!@ENDMSG 2262 @!@!@
@!@!@STARTMSG 2187:0 @!@!@
Running breadth-first search Model-Checking with seed 4596945981515872500 with 4 workers on 8 cores with 1318MB heap and 2633MB offheap memory (Linux 4.15.0-39-generic amd64, Oracle Corporation 10.0.2 x86_64).
@!@!@ENDMSG 2187 @!@!@
@!@!@STARTMSG 2220:0 @!@!@
Starting SANY...
@!@!@ENDMSG 2220 @!@!@
Parsing file /home/dzklavier/carousel-specs/carousel.toolbox/Model_3/MC.tla
Parsing file /home/dzklavier/carousel-specs/carousel.toolbox/Model_3/carousel.tla
Parsing file /home/dzklavier/Downloads/toolbox/plugins/org.lamport.tlatools_1.0.0.201807180447/tla2sany/StandardModules/TLC.tla
Parsing file /home/dzklavier/Downloads/toolbox/plugins/org.lamport.tlatools_1.0.0.201807180447/tla2sany/StandardModules/Naturals.tla
Parsing file /home/dzklavier/Downloads/toolbox/plugins/org.lamport.tlatools_1.0.0.201807180447/tla2sany/StandardModules/FiniteSets.tla
Parsing file /home/dzklavier/Downloads/toolbox/plugins/org.lamport.tlatools_1.0.0.201807180447/tla2sany/StandardModules/Sequences.tla
Semantic processing of module Naturals
Semantic processing of module Sequences
Semantic processing of module FiniteSets
Semantic processing of module TLC
Semantic processing of module carousel
Semantic processing of module MC
@!@!@STARTMSG 2219:0 @!@!@
SANY finished.
@!@!@ENDMSG 2219 @!@!@
@!@!@STARTMSG 2185:0 @!@!@
Starting... (2018-11-21 09:40:29)
@!@!@ENDMSG 2185 @!@!@
@!@!@STARTMSG 2189:0 @!@!@
Computing initial states...
@!@!@ENDMSG 2189 @!@!@
@!@!@STARTMSG 2190:0 @!@!@
Finished computing initial states: 1 distinct state generated.
@!@!@ENDMSG 2190 @!@!@
{}
{1}
{2}
{3}
{1, 2}
{2, 3}
{1, 3}
{1, 2, 3}
{}
{1}
{2}
{3}
{1, 2}
{1, 3}
{2, 3}
{1, 2, 3}
{1}
{1}
{}
{1}
{2}
{}
{1}
{}
{2}
{}
{2}
{1}
{}
{1}
{2}
{}
{1}
{3}
{2}
{2}
{1}
{2}
{}
{1}
{1, 2}
{3}
{3}
{1, 3}
{2}
{}
{1}
{2}
{1, 2}
{1, 2}
{2, 3}
{1, 3}
{}
{3}
{1}
{2}
{}
{1, 3}
{1, 2, 3}
{2, 3}
{}
{3}
{}
{2}
{2, 3}
{1}
{1, 2, 3}
{1, 2, 3}
{3}
{3}
{2}
{3}
{3}
{1, 2}
{3}
{3}
{1, 3}
{2, 3}
{3}
{1, 2, 3}
{2, 3}
{}
{1, 2}
{}
{2, 3}
{1}
{1, 2}
{1, 3}
{1}
{2, 3}
{}
{1, 2}
{2}
{2, 3}
{2}
{1, 2}
{3}
{2, 3}
{3}
{1, 2}
{1, 2}
{1, 3}
{1, 2}
{1, 2, 3}
{1}
{2, 3}
{}
{1, 2}
{1, 3}
{1, 3}
{1, 3}
{1, 2, 3}
{2}
{2, 3}
{1}
{1, 2}
{1, 3}
{2, 3}
{3}
{2, 3}
{1, 2}
{2, 3}
{1, 2, 3}
{1, 2, 3}
{1, 2, 3}
{2}
{1, 3}
{1, 2, 3}
{1, 3}
{1, 2, 3}
{1, 2}
{1, 3}
{1, 2}
{3}
{1, 3}
{1, 2, 3}
{1, 3}
{2, 3}
{1, 3}
{1, 2, 3}
{1, 2, 3}
{1, 2, 3}
{2, 3}
{1, 2, 3}
{}
{1}
{2}
{3}
{1, 2}
{}
{1, 3}
{1}
{2, 3}
{2}
{1, 2, 3}
{3}
{1, 2}
{1, 3}
{2, 3}
{}
{1, 2, 3}
{1}
{2}
{3}
{1, 2}
{2, 3}
{1, 2, 3}
{1, 3}
{}
{1}
{2}
{3}
{1, 2}
{1, 3}
{1}
{1}
{2, 3}
{1, 2, 3}
{2}
{}
{1}
{2}
{}
{1}
{2}
{}
{1}
{2}
{}
{1}
{2}
{}
{1}
{2}
{3}
{}
{1}
{2}
{}
{3}
{}
{2}
{3}
{3}
{3}
{3}
{}
{3}
{1}
{2}
{3}
{}
{1, 2}
{1, 3}
{1}
{2, 3}
{2}
{1, 2, 3}
{3}
{3}
{1, 2}
{1, 3}
{2, 3}
{1, 2, 3}
{}
{1}
{2}
{2, 3}
{1, 2}
{1, 3}
{1, 2}
{2, 3}
{1, 2, 3}
{3}
{}
{2, 3}
{1}
{2}
{3}
{1, 2}
{1, 2}
{1, 3}
{1, 3}
{2, 3}
{1, 2, 3}
{2, 3}
{2, 3}
{1, 2}
{1, 2}
{1, 2}
{2, 3}
{1, 3}
{1, 2, 3}
{2, 3}
{1, 2}
{1, 3}
{1, 2, 3}
{1, 3}
{1, 2}
{2, 3}
{2, 3}
{1, 2}
{1, 2, 3}
{1, 2, 3}
{1, 3}
{1, 3}
{1, 2, 3}
{1, 3}
{1, 3}
{1, 2, 3}
{1, 2, 3}
{1, 2, 3}
@!@!@STARTMSG 2114:1 @!@!@
Deadlock reached.
@!@!@ENDMSG 2114 @!@!@
@!@!@STARTMSG 2121:1 @!@!@
The behavior up to this point is:
@!@!@ENDMSG 2121 @!@!@
{}
@!@!@STARTMSG 2217:4 @!@!@
1: <Initial predicate>
/\ serverStatus = <<defaultInitValue, defaultInitValue>>
/\ msg = <<defaultInitValue, defaultInitValue>>
/\ tmp = <<defaultInitValue, defaultInitValue>>
/\ channels = <<<<>>, <<>>, <<>>>>
/\ msg_c = <<defaultInitValue, defaultInitValue>>
/\ msg_s = <<defaultInitValue, defaultInitValue>>
/\ subsets = << {{}, {1}, {2}, {3}, {1, 2}, {1, 3}, {2, 3}, {1, 2, 3}},
   {{}, {1}, {2}, {3}, {1, 2}, {1, 3}, {2, 3}, {1, 2, 3}} >>
/\ pc = <<"P0", "P0">>
/\ msg_ = <<defaultInitValue, defaultInitValue>>
/\ IDSet = <<1..3>>
/\ received = <<0, 0, 0>>
/\ sent = <<0, 0, 0>>
/\ id = <<defaultInitValue, defaultInitValue>>
/\ client_ = <<defaultInitValue, defaultInitValue>>
/\ serverSet = <<defaultInitValue, defaultInitValue>>
/\ client = <<defaultInitValue, defaultInitValue>>
/\ status = <<"Init", "Init", "Init">>
/\ stack = <<<<>>, <<>>>>
/\ head = <<defaultInitValue, defaultInitValue>>

@!@!@ENDMSG 2217 @!@!@
@!@!@STARTMSG 2217:4 @!@!@
2: <P0 line 222, col 13 to line 236, col 38 of module carousel>
/\ serverStatus = <<defaultInitValue, defaultInitValue>>
/\ msg = <<defaultInitValue, defaultInitValue>>
/\ tmp = <<defaultInitValue, defaultInitValue>>
/\ channels = <<<<>>, <<>>, <<>>>>
/\ msg_c = <<defaultInitValue, defaultInitValue>>
/\ msg_s = <<defaultInitValue, defaultInitValue>>
/\ subsets = << {{}, {1}, {2}, {3}, {1, 2}, {1, 3}, {2, 3}, {1, 2, 3}},
   {{}, {1}, {2}, {3}, {1, 2}, {1, 3}, {2, 3}, {1, 2, 3}} >>
/\ pc = <<"P0_", "P0">>
/\ msg_ = <<defaultInitValue, defaultInitValue>>
/\ IDSet = <<1..3>>
/\ received = <<0, 0, 0>>
/\ sent = <<0, 0, 0>>
/\ id = <<defaultInitValue, defaultInitValue>>
/\ client_ = <<defaultInitValue, defaultInitValue>>
/\ serverSet = <<{}, defaultInitValue>>
/\ client = <<1, defaultInitValue>>
/\ status = <<"Init", "Init", "Init">>
/\ stack = <<<<[pc |-> "Done", client |-> defaultInitValue, serverSet |-> defaultInitValue, msg_s |-> defaultInitValue, procedure |-> "sendClientMessagesToServers"]>>, <<>>>>
/\ head = <<defaultInitValue, defaultInitValue>>

@!@!@ENDMSG 2217 @!@!@
@!@!@STARTMSG 2217:4 @!@!@
3: <P0_ line 213, col 14 to line 218, col 77 of module carousel>
/\ serverStatus = <<defaultInitValue, defaultInitValue>>
/\ msg = <<defaultInitValue, defaultInitValue>>
/\ tmp = <<defaultInitValue, defaultInitValue>>
/\ channels = <<<<>>, <<>>, <<>>>>
/\ msg_c = <<defaultInitValue, defaultInitValue>>
/\ msg_s = <<defaultInitValue, defaultInitValue>>
/\ subsets = << {{}, {1}, {2}, {3}, {1, 2}, {1, 3}, {2, 3}, {1, 2, 3}},
   {{}, {1}, {2}, {3}, {1, 2}, {1, 3}, {2, 3}, {1, 2, 3}} >>
/\ pc = <<"Error", "P0">>
/\ msg_ = <<defaultInitValue, defaultInitValue>>
/\ IDSet = <<1..3>>
/\ received = <<0, 0, 0>>
/\ sent = <<0, 0, 0>>
/\ id = <<defaultInitValue, defaultInitValue>>
/\ client_ = <<defaultInitValue, defaultInitValue>>
/\ serverSet = <<{}, defaultInitValue>>
/\ client = <<1, defaultInitValue>>
/\ status = <<"Init", "Init", "Init">>
/\ stack = <<<<[pc |-> "Done", client |-> defaultInitValue, serverSet |-> defaultInitValue, msg_s |-> defaultInitValue, procedure |-> "sendClientMessagesToServers"]>>, <<>>>>
/\ head = <<defaultInitValue, defaultInitValue>>

@!@!@ENDMSG 2217 @!@!@
@!@!@STARTMSG 2217:4 @!@!@
4: <P0 line 222, col 13 to line 236, col 38 of module carousel>
/\ serverStatus = <<defaultInitValue, defaultInitValue>>
/\ msg = <<defaultInitValue, defaultInitValue>>
/\ tmp = <<defaultInitValue, defaultInitValue>>
/\ channels = <<<<>>, <<>>, <<>>>>
/\ msg_c = <<defaultInitValue, defaultInitValue>>
/\ msg_s = <<defaultInitValue, defaultInitValue>>
/\ subsets = << {{}, {1}, {2}, {3}, {1, 2}, {1, 3}, {2, 3}, {1, 2, 3}},
   {{}, {1}, {2}, {3}, {1, 2}, {1, 3}, {2, 3}, {1, 2, 3}} >>
/\ pc = <<"Error", "P0_">>
/\ msg_ = <<defaultInitValue, defaultInitValue>>
/\ IDSet = <<1..3>>
/\ received = <<0, 0, 0>>
/\ sent = <<0, 0, 0>>
/\ id = <<defaultInitValue, defaultInitValue>>
/\ client_ = <<defaultInitValue, defaultInitValue>>
/\ serverSet = <<{}, {}>>
/\ client = <<1, 2>>
/\ status = <<"Init", "Init", "Init">>
/\ stack = <<<<[pc |-> "Done", client |-> defaultInitValue, serverSet |-> defaultInitValue, msg_s |-> defaultInitValue, procedure |-> "sendClientMessagesToServers"]>>, <<[pc |-> "Done", client |-> defaultInitValue, serverSet |-> defaultInitValue, msg_s |-> defaultInitValue, procedure |-> "sendClientMessagesToServers"]>>>>
/\ head = <<defaultInitValue, defaultInitValue>>

@!@!@ENDMSG 2217 @!@!@
{}
@!@!@STARTMSG 2217:4 @!@!@
5: <P0_ line 213, col 14 to line 218, col 77 of module carousel>
/\ serverStatus = <<defaultInitValue, defaultInitValue>>
/\ msg = <<defaultInitValue, defaultInitValue>>
/\ tmp = <<defaultInitValue, defaultInitValue>>
/\ channels = <<<<>>, <<>>, <<>>>>
/\ msg_c = <<defaultInitValue, defaultInitValue>>
/\ msg_s = <<defaultInitValue, defaultInitValue>>
/\ subsets = << {{}, {1}, {2}, {3}, {1, 2}, {1, 3}, {2, 3}, {1, 2, 3}},
   {{}, {1}, {2}, {3}, {1, 2}, {1, 3}, {2, 3}, {1, 2, 3}} >>
/\ pc = <<"Error", "Error">>
/\ msg_ = <<defaultInitValue, defaultInitValue>>
/\ IDSet = <<1..3>>
/\ received = <<0, 0, 0>>
/\ sent = <<0, 0, 0>>
/\ id = <<defaultInitValue, defaultInitValue>>
/\ client_ = <<defaultInitValue, defaultInitValue>>
/\ serverSet = <<{}, {}>>
/\ client = <<1, 2>>
/\ status = <<"Init", "Init", "Init">>
/\ stack = <<<<[pc |-> "Done", client |-> defaultInitValue, serverSet |-> defaultInitValue, msg_s |-> defaultInitValue, procedure |-> "sendClientMessagesToServers"]>>, <<[pc |-> "Done", client |-> defaultInitValue, serverSet |-> defaultInitValue, msg_s |-> defaultInitValue, procedure |-> "sendClientMessagesToServers"]>>>>
/\ head = <<defaultInitValue, defaultInitValue>>

@!@!@ENDMSG 2217 @!@!@
@!@!@STARTMSG 2201:0 @!@!@
The coverage statistics at 2018-11-21 09:40:30
@!@!@ENDMSG 2201 @!@!@
@!@!@STARTMSG 2221:0 @!@!@
  line 158, col 12 to line 158, col 16 of module carousel: 0
@!@!@ENDMSG 2221 @!@!@
@!@!@STARTMSG 2221:0 @!@!@
  line 158, col 19 to line 158, col 24 of module carousel: 0
@!@!@ENDMSG 2221 @!@!@
@!@!@STARTMSG 2221:0 @!@!@
  line 158, col 27 to line 158, col 30 of module carousel: 0
@!@!@ENDMSG 2221 @!@!@
@!@!@STARTMSG 2221:0 @!@!@
  line 158, col 33 to line 158, col 40 of module carousel: 0
@!@!@ENDMSG 2221 @!@!@
@!@!@STARTMSG 2221:0 @!@!@
  line 158, col 43 to line 158, col 50 of module carousel: 0
@!@!@ENDMSG 2221 @!@!@
@!@!@STARTMSG 2221:0 @!@!@
  line 158, col 53 to line 158, col 54 of module carousel: 0
@!@!@ENDMSG 2221 @!@!@
@!@!@STARTMSG 2221:0 @!@!@
  line 158, col 57 to line 158, col 61 of module carousel: 0
@!@!@ENDMSG 2221 @!@!@
@!@!@STARTMSG 2221:0 @!@!@
  line 158, col 64 to line 158, col 68 of module carousel: 0
@!@!@ENDMSG 2221 @!@!@
@!@!@STARTMSG 2221:0 @!@!@
  line 158, col 71 to line 158, col 77 of module carousel: 0
@!@!@ENDMSG 2221 @!@!@
@!@!@STARTMSG 2221:0 @!@!@
  line 159, col 12 to line 159, col 14 of module carousel: 0
@!@!@ENDMSG 2221 @!@!@
@!@!@STARTMSG 2221:0 @!@!@
  line 159, col 17 to line 159, col 19 of module carousel: 0
@!@!@ENDMSG 2221 @!@!@
@!@!@STARTMSG 2221:0 @!@!@
  line 159, col 22 to line 159, col 23 of module carousel: 0
@!@!@ENDMSG 2221 @!@!@
@!@!@STARTMSG 2221:0 @!@!@
  line 159, col 26 to line 159, col 37 of module carousel: 0
@!@!@ENDMSG 2221 @!@!@
@!@!@STARTMSG 2221:0 @!@!@
  line 159, col 40 to line 159, col 45 of module carousel: 0
@!@!@ENDMSG 2221 @!@!@
@!@!@STARTMSG 2221:0 @!@!@
  line 159, col 48 to line 159, col 56 of module carousel: 0
@!@!@ENDMSG 2221 @!@!@
@!@!@STARTMSG 2221:0 @!@!@
  line 159, col 59 to line 159, col 63 of module carousel: 0
@!@!@ENDMSG 2221 @!@!@
@!@!@STARTMSG 2221:0 @!@!@
  line 159, col 66 to line 159, col 69 of module carousel: 0
@!@!@ENDMSG 2221 @!@!@
@!@!@STARTMSG 2221:0 @!@!@
  line 159, col 72 to line 159, col 75 of module carousel: 0
@!@!@ENDMSG 2221 @!@!@
@!@!@STARTMSG 2221:0 @!@!@
  line 160, col 12 to line 160, col 18 of module carousel: 0
@!@!@ENDMSG 2221 @!@!@
@!@!@STARTMSG 2221:0 @!@!@
  line 191, col 17 to line 191, col 57 of module carousel: 0
@!@!@ENDMSG 2221 @!@!@
@!@!@STARTMSG 2221:0 @!@!@
  line 194, col 17 to line 194, col 36 of module carousel: 0
@!@!@ENDMSG 2221 @!@!@
@!@!@STARTMSG 2221:0 @!@!@
  line 195, col 17 to line 195, col 95 of module carousel: 0
@!@!@ENDMSG 2221 @!@!@
@!@!@STARTMSG 2221:0 @!@!@
  line 196, col 17 to line 196, col 51 of module carousel: 0
@!@!@ENDMSG 2221 @!@!@
@!@!@STARTMSG 2221:0 @!@!@
  line 197, col 30 to line 197, col 35 of module carousel: 0
@!@!@ENDMSG 2221 @!@!@
@!@!@STARTMSG 2221:0 @!@!@
  line 197, col 38 to line 197, col 41 of module carousel: 0
@!@!@ENDMSG 2221 @!@!@
@!@!@STARTMSG 2221:0 @!@!@
  line 197, col 44 to line 197, col 51 of module carousel: 0
@!@!@ENDMSG 2221 @!@!@
@!@!@STARTMSG 2221:0 @!@!@
  line 197, col 54 to line 197, col 61 of module carousel: 0
@!@!@ENDMSG 2221 @!@!@
@!@!@STARTMSG 2221:0 @!@!@
  line 197, col 64 to line 197, col 68 of module carousel: 0
@!@!@ENDMSG 2221 @!@!@
@!@!@STARTMSG 2221:0 @!@!@
  line 197, col 71 to line 197, col 77 of module carousel: 0
@!@!@ENDMSG 2221 @!@!@
@!@!@STARTMSG 2221:0 @!@!@
  line 198, col 30 to line 198, col 32 of module carousel: 0
@!@!@ENDMSG 2221 @!@!@
@!@!@STARTMSG 2221:0 @!@!@
  line 198, col 35 to line 198, col 36 of module carousel: 0
@!@!@ENDMSG 2221 @!@!@
@!@!@STARTMSG 2221:0 @!@!@
  line 198, col 39 to line 198, col 50 of module carousel: 0
@!@!@ENDMSG 2221 @!@!@
@!@!@STARTMSG 2221:0 @!@!@
  line 198, col 53 to line 198, col 58 of module carousel: 0
@!@!@ENDMSG 2221 @!@!@
@!@!@STARTMSG 2221:0 @!@!@
  line 198, col 61 to line 198, col 69 of module carousel: 0
@!@!@ENDMSG 2221 @!@!@
@!@!@STARTMSG 2221:0 @!@!@
  line 198, col 72 to line 198, col 76 of module carousel: 0
@!@!@ENDMSG 2221 @!@!@
@!@!@STARTMSG 2221:0 @!@!@
  line 199, col 30 to line 199, col 33 of module carousel: 0
@!@!@ENDMSG 2221 @!@!@
@!@!@STARTMSG 2221:0 @!@!@
  line 199, col 36 to line 199, col 39 of module carousel: 0
@!@!@ENDMSG 2221 @!@!@
@!@!@STARTMSG 2221:0 @!@!@
  line 199, col 42 to line 199, col 48 of module carousel: 0
@!@!@ENDMSG 2221 @!@!@
@!@!@STARTMSG 2221:0 @!@!@
  line 204, col 16 to line 204, col 47 of module carousel: 0
@!@!@ENDMSG 2221 @!@!@
@!@!@STARTMSG 2221:0 @!@!@
  line 205, col 16 to line 205, col 99 of module carousel: 0
@!@!@ENDMSG 2221 @!@!@
@!@!@STARTMSG 2221:0 @!@!@
  line 206, col 16 to line 206, col 50 of module carousel: 0
@!@!@ENDMSG 2221 @!@!@
@!@!@STARTMSG 2221:0 @!@!@
  line 207, col 29 to line 207, col 34 of module carousel: 0
@!@!@ENDMSG 2221 @!@!@
@!@!@STARTMSG 2221:0 @!@!@
  line 207, col 37 to line 207, col 40 of module carousel: 0
@!@!@ENDMSG 2221 @!@!@
@!@!@STARTMSG 2221:0 @!@!@
  line 207, col 43 to line 207, col 50 of module carousel: 0
@!@!@ENDMSG 2221 @!@!@
@!@!@STARTMSG 2221:0 @!@!@
  line 207, col 53 to line 207, col 60 of module carousel: 0
@!@!@ENDMSG 2221 @!@!@
@!@!@STARTMSG 2221:0 @!@!@
  line 207, col 63 to line 207, col 67 of module carousel: 0
@!@!@ENDMSG 2221 @!@!@
@!@!@STARTMSG 2221:0 @!@!@
  line 207, col 70 to line 207, col 74 of module carousel: 0
@!@!@ENDMSG 2221 @!@!@
@!@!@STARTMSG 2221:0 @!@!@
  line 208, col 29 to line 208, col 35 of module carousel: 0
@!@!@ENDMSG 2221 @!@!@
@!@!@STARTMSG 2221:0 @!@!@
  line 208, col 38 to line 208, col 40 of module carousel: 0
@!@!@ENDMSG 2221 @!@!@
@!@!@STARTMSG 2221:0 @!@!@
  line 208, col 43 to line 208, col 44 of module carousel: 0
@!@!@ENDMSG 2221 @!@!@
@!@!@STARTMSG 2221:0 @!@!@
  line 208, col 47 to line 208, col 58 of module carousel: 0
@!@!@ENDMSG 2221 @!@!@
@!@!@STARTMSG 2221:0 @!@!@
  line 208, col 61 to line 208, col 66 of module carousel: 0
@!@!@ENDMSG 2221 @!@!@
@!@!@STARTMSG 2221:0 @!@!@
  line 208, col 69 to line 208, col 77 of module carousel: 0
@!@!@ENDMSG 2221 @!@!@
@!@!@STARTMSG 2221:0 @!@!@
  line 209, col 29 to line 209, col 33 of module carousel: 0
@!@!@ENDMSG 2221 @!@!@
@!@!@STARTMSG 2221:0 @!@!@
  line 209, col 36 to line 209, col 39 of module carousel: 0
@!@!@ENDMSG 2221 @!@!@
@!@!@STARTMSG 2221:0 @!@!@
  line 209, col 42 to line 209, col 45 of module carousel: 0
@!@!@ENDMSG 2221 @!@!@
@!@!@STARTMSG 2221:0 @!@!@
  line 209, col 48 to line 209, col 54 of module carousel: 0
@!@!@ENDMSG 2221 @!@!@
@!@!@STARTMSG 2221:0 @!@!@
  line 215, col 17 to line 215, col 51 of module carousel: 272
@!@!@ENDMSG 2221 @!@!@
@!@!@STARTMSG 2221:0 @!@!@
  line 216, col 30 to line 216, col 34 of module carousel: 272
@!@!@ENDMSG 2221 @!@!@
@!@!@STARTMSG 2221:0 @!@!@
  line 216, col 37 to line 216, col 42 of module carousel: 272
@!@!@ENDMSG 2221 @!@!@
@!@!@STARTMSG 2221:0 @!@!@
  line 216, col 45 to line 216, col 48 of module carousel: 272
@!@!@ENDMSG 2221 @!@!@
@!@!@STARTMSG 2221:0 @!@!@
  line 216, col 51 to line 216, col 58 of module carousel: 272
@!@!@ENDMSG 2221 @!@!@
@!@!@STARTMSG 2221:0 @!@!@
  line 216, col 61 to line 216, col 68 of module carousel: 272
@!@!@ENDMSG 2221 @!@!@
@!@!@STARTMSG 2221:0 @!@!@
  line 216, col 71 to line 216, col 75 of module carousel: 272
@!@!@ENDMSG 2221 @!@!@
@!@!@STARTMSG 2221:0 @!@!@
  line 217, col 30 to line 217, col 34 of module carousel: 272
@!@!@ENDMSG 2221 @!@!@
@!@!@STARTMSG 2221:0 @!@!@
  line 217, col 37 to line 217, col 43 of module carousel: 272
@!@!@ENDMSG 2221 @!@!@
@!@!@STARTMSG 2221:0 @!@!@
  line 217, col 46 to line 217, col 48 of module carousel: 272
@!@!@ENDMSG 2221 @!@!@
@!@!@STARTMSG 2221:0 @!@!@
  line 217, col 51 to line 217, col 53 of module carousel: 272
@!@!@ENDMSG 2221 @!@!@
@!@!@STARTMSG 2221:0 @!@!@
  line 217, col 56 to line 217, col 57 of module carousel: 272
@!@!@ENDMSG 2221 @!@!@
@!@!@STARTMSG 2221:0 @!@!@
  line 217, col 60 to line 217, col 71 of module carousel: 272
@!@!@ENDMSG 2221 @!@!@
@!@!@STARTMSG 2221:0 @!@!@
  line 218, col 30 to line 218, col 35 of module carousel: 272
@!@!@ENDMSG 2221 @!@!@
@!@!@STARTMSG 2221:0 @!@!@
  line 218, col 38 to line 218, col 46 of module carousel: 272
@!@!@ENDMSG 2221 @!@!@
@!@!@STARTMSG 2221:0 @!@!@
  line 218, col 49 to line 218, col 53 of module carousel: 272
@!@!@ENDMSG 2221 @!@!@
@!@!@STARTMSG 2221:0 @!@!@
  line 218, col 56 to line 218, col 59 of module carousel: 272
@!@!@ENDMSG 2221 @!@!@
@!@!@STARTMSG 2221:0 @!@!@
  line 218, col 62 to line 218, col 65 of module carousel: 272
@!@!@ENDMSG 2221 @!@!@
@!@!@STARTMSG 2221:0 @!@!@
  line 218, col 68 to line 218, col 74 of module carousel: 272
@!@!@ENDMSG 2221 @!@!@
@!@!@STARTMSG 2221:0 @!@!@
  line 224, col 24 to line 224, col 63 of module carousel: 272
@!@!@ENDMSG 2221 @!@!@
@!@!@STARTMSG 2221:0 @!@!@
  line 225, col 24 to line 225, col 71 of module carousel: 272
@!@!@ENDMSG 2221 @!@!@
@!@!@STARTMSG 2221:0 @!@!@
  line 226, col 24 to line 231, col 72 of module carousel: 272
@!@!@ENDMSG 2221 @!@!@
@!@!@STARTMSG 2221:0 @!@!@
  line 232, col 21 to line 232, col 70 of module carousel: 272
@!@!@ENDMSG 2221 @!@!@
@!@!@STARTMSG 2221:0 @!@!@
  line 233, col 21 to line 233, col 53 of module carousel: 272
@!@!@ENDMSG 2221 @!@!@
@!@!@STARTMSG 2221:0 @!@!@
  line 234, col 29 to line 234, col 33 of module carousel: 272
@!@!@ENDMSG 2221 @!@!@
@!@!@STARTMSG 2221:0 @!@!@
  line 234, col 36 to line 234, col 41 of module carousel: 272
@!@!@ENDMSG 2221 @!@!@
@!@!@STARTMSG 2221:0 @!@!@
  line 234, col 44 to line 234, col 47 of module carousel: 272
@!@!@ENDMSG 2221 @!@!@
@!@!@STARTMSG 2221:0 @!@!@
  line 234, col 50 to line 234, col 57 of module carousel: 272
@!@!@ENDMSG 2221 @!@!@
@!@!@STARTMSG 2221:0 @!@!@
  line 234, col 60 to line 234, col 67 of module carousel: 272
@!@!@ENDMSG 2221 @!@!@
@!@!@STARTMSG 2221:0 @!@!@
  line 234, col 70 to line 234, col 74 of module carousel: 272
@!@!@ENDMSG 2221 @!@!@
@!@!@STARTMSG 2221:0 @!@!@
  line 235, col 29 to line 235, col 35 of module carousel: 272
@!@!@ENDMSG 2221 @!@!@
@!@!@STARTMSG 2221:0 @!@!@
  line 235, col 38 to line 235, col 40 of module carousel: 272
@!@!@ENDMSG 2221 @!@!@
@!@!@STARTMSG 2221:0 @!@!@
  line 235, col 43 to line 235, col 45 of module carousel: 272
@!@!@ENDMSG 2221 @!@!@
@!@!@STARTMSG 2221:0 @!@!@
  line 235, col 48 to line 235, col 49 of module carousel: 272
@!@!@ENDMSG 2221 @!@!@
@!@!@STARTMSG 2221:0 @!@!@
  line 235, col 52 to line 235, col 63 of module carousel: 272
@!@!@ENDMSG 2221 @!@!@
@!@!@STARTMSG 2221:0 @!@!@
  line 235, col 66 to line 235, col 69 of module carousel: 272
@!@!@ENDMSG 2221 @!@!@
@!@!@STARTMSG 2221:0 @!@!@
  line 235, col 72 to line 235, col 75 of module carousel: 272
@!@!@ENDMSG 2221 @!@!@
@!@!@STARTMSG 2221:0 @!@!@
  line 236, col 29 to line 236, col 35 of module carousel: 272
@!@!@ENDMSG 2221 @!@!@
@!@!@STARTMSG 2202:0 @!@!@
End of statistics.
@!@!@ENDMSG 2202 @!@!@
@!@!@STARTMSG 2200:0 @!@!@
Progress(5) at 2018-11-21 09:40:30: 545 states generated (62,763 s/min), 289 distinct states found (33,282 ds/min), 60 states left on queue.
@!@!@ENDMSG 2200 @!@!@
@!@!@STARTMSG 2199:0 @!@!@
545 states generated, 289 distinct states found, 60 states left on queue.
@!@!@ENDMSG 2199 @!@!@
@!@!@STARTMSG 2194:0 @!@!@
The depth of the complete state graph search is 5.
@!@!@ENDMSG 2194 @!@!@
@!@!@STARTMSG 2268:0 @!@!@
The average outdegree of the complete state graph is 1 (minimum is 0, the maximum 16 and the 95th percentile is 8).
@!@!@ENDMSG 2268 @!@!@
@!@!@STARTMSG 2186:0 @!@!@
Finished in 797ms at (2018-11-21 09:40:30)
@!@!@ENDMSG 2186 @!@!@
